2024-12-17T19:46:08: PM2 log: ===============================================================================
2024-12-17T19:46:08: PM2 log: --- New PM2 Daemon started ----------------------------------------------------
2024-12-17T19:46:08: PM2 log: Time                 : Tue Dec 17 2024 19:46:08 GMT+0000 (Coordinated Universal Time)
2024-12-17T19:46:08: PM2 log: PM2 version          : 5.4.3
2024-12-17T19:46:08: PM2 log: Node.js version      : 20.18.1
2024-12-17T19:46:08: PM2 log: Current arch         : x64
2024-12-17T19:46:08: PM2 log: PM2 home             : /root/.pm2
2024-12-17T19:46:08: PM2 log: PM2 PID file         : /root/.pm2/pm2.pid
2024-12-17T19:46:08: PM2 log: RPC socket file      : /root/.pm2/rpc.sock
2024-12-17T19:46:08: PM2 log: BUS socket file      : /root/.pm2/pub.sock
2024-12-17T19:46:08: PM2 log: Application log path : /root/.pm2/logs
2024-12-17T19:46:08: PM2 log: Worker Interval      : 30000
2024-12-17T19:46:08: PM2 log: Process dump file    : /root/.pm2/dump.pm2
2024-12-17T19:46:08: PM2 log: Concurrent actions   : 2
2024-12-17T19:46:08: PM2 log: SIGTERM timeout      : 1600
2024-12-17T19:46:08: PM2 log: ===============================================================================
2024-12-17T19:46:08: PM2 log: App [project-backend:0] starting in -fork mode-
2024-12-17T19:46:08: PM2 log: App [project-backend:0] online
2024-12-17T19:46:08: PM2 log: App [project-backend:0] exited with code [1] via signal [SIGINT]
2024-12-17T19:46:08: PM2 log: App [project-backend:0] starting in -fork mode-
2024-12-17T19:46:08: PM2 log: App [project-backend:0] online
2024-12-17T19:46:08: PM2 log: App [project-backend:0] exited with code [1] via signal [SIGINT]
2024-12-17T19:46:09: PM2 log: App [project-backend:0] starting in -fork mode-
2024-12-17T19:46:09: PM2 log: App [project-backend:0] online
2024-12-17T19:46:09: PM2 log: App [project-backend:0] exited with code [1] via signal [SIGINT]
2024-12-17T19:46:09: PM2 log: App [project-backend:0] starting in -fork mode-
2024-12-17T19:46:09: PM2 log: App [project-backend:0] online
2024-12-17T19:46:09: PM2 log: App [project-backend:0] exited with code [1] via signal [SIGINT]
2024-12-17T19:46:09: PM2 log: App [project-backend:0] starting in -fork mode-
2024-12-17T19:46:09: PM2 log: App [project-backend:0] online
2024-12-17T19:46:10: PM2 log: App [project-backend:0] exited with code [1] via signal [SIGINT]
2024-12-17T19:46:10: PM2 log: App [project-backend:0] starting in -fork mode-
2024-12-17T19:46:10: PM2 log: App [project-backend:0] online
2024-12-17T19:46:10: PM2 log: App [project-backend:0] exited with code [1] via signal [SIGINT]
2024-12-17T19:46:10: PM2 log: App [project-backend:0] starting in -fork mode-
2024-12-17T19:46:10: PM2 log: App [project-backend:0] online
2024-12-17T19:46:10: PM2 log: App [project-backend:0] exited with code [1] via signal [SIGINT]
2024-12-17T19:46:10: PM2 log: App [project-backend:0] starting in -fork mode-
2024-12-17T19:46:10: PM2 log: App [project-backend:0] online
2024-12-17T19:46:11: PM2 log: App [project-backend:0] exited with code [1] via signal [SIGINT]
2024-12-17T19:46:11: PM2 log: App [project-backend:0] starting in -fork mode-
2024-12-17T19:46:11: PM2 log: App [project-backend:0] online
2024-12-17T19:46:11: PM2 log: App [project-backend:0] exited with code [1] via signal [SIGINT]
2024-12-17T19:46:11: PM2 log: App [project-backend:0] starting in -fork mode-
2024-12-17T19:46:11: PM2 log: App [project-backend:0] online
2024-12-17T19:46:11: PM2 log: App [project-backend:0] exited with code [1] via signal [SIGINT]
2024-12-17T19:46:11: PM2 log: App [project-backend:0] starting in -fork mode-
2024-12-17T19:46:11: PM2 log: App [project-backend:0] online
2024-12-17T19:46:12: PM2 log: App [project-backend:0] exited with code [1] via signal [SIGINT]
2024-12-17T19:46:12: PM2 log: App [project-backend:0] starting in -fork mode-
2024-12-17T19:46:12: PM2 log: App [project-backend:0] online
2024-12-17T19:46:12: PM2 log: App [project-backend:0] exited with code [1] via signal [SIGINT]
2024-12-17T19:46:12: PM2 log: App [project-backend:0] starting in -fork mode-
2024-12-17T19:46:12: PM2 log: App [project-backend:0] online
2024-12-17T19:46:12: PM2 log: App [project-backend:0] exited with code [1] via signal [SIGINT]
2024-12-17T19:46:12: PM2 log: App [project-backend:0] starting in -fork mode-
2024-12-17T19:46:12: PM2 log: App [project-backend:0] online
2024-12-17T19:46:13: PM2 log: App [project-backend:0] exited with code [1] via signal [SIGINT]
2024-12-17T19:46:13: PM2 log: App [project-backend:0] starting in -fork mode-
2024-12-17T19:46:13: PM2 log: App [project-backend:0] online
2024-12-17T19:46:13: PM2 log: App [project-backend:0] exited with code [1] via signal [SIGINT]
2024-12-17T19:46:13: PM2 log: App [project-backend:0] starting in -fork mode-
2024-12-17T19:46:13: PM2 log: App [project-backend:0] online
2024-12-17T19:46:13: PM2 log: App [project-backend:0] exited with code [1] via signal [SIGINT]
2024-12-17T19:46:13: PM2 log: Script /var/www/deda_weather_app/server.js had too many unstable restarts (16). Stopped. "errored"
2024-12-17T19:55:49: PM2 log: ===============================================================================
2024-12-17T19:55:49: PM2 log: --- New PM2 Daemon started ----------------------------------------------------
2024-12-17T19:55:49: PM2 log: Time                 : Tue Dec 17 2024 19:55:49 GMT+0000 (Coordinated Universal Time)
2024-12-17T19:55:49: PM2 log: PM2 version          : 5.4.3
2024-12-17T19:55:49: PM2 log: Node.js version      : 20.18.1
2024-12-17T19:55:49: PM2 log: Current arch         : x64
2024-12-17T19:55:49: PM2 log: PM2 home             : /root/.pm2
2024-12-17T19:55:49: PM2 log: PM2 PID file         : /root/.pm2/pm2.pid
2024-12-17T19:55:49: PM2 log: RPC socket file      : /root/.pm2/rpc.sock
2024-12-17T19:55:49: PM2 log: BUS socket file      : /root/.pm2/pub.sock
2024-12-17T19:55:49: PM2 log: Application log path : /root/.pm2/logs
2024-12-17T19:55:49: PM2 log: Worker Interval      : 30000
2024-12-17T19:55:49: PM2 log: Process dump file    : /root/.pm2/dump.pm2
2024-12-17T19:55:49: PM2 log: Concurrent actions   : 2
2024-12-17T19:55:49: PM2 log: SIGTERM timeout      : 1600
2024-12-17T19:55:49: PM2 log: ===============================================================================
2024-12-17T19:55:49: PM2 log: App [project-backend:0] starting in -fork mode-
2024-12-17T19:55:49: PM2 log: App [project-backend:0] online
2024-12-17T19:55:50: PM2 log: App [project-backend:0] exited with code [1] via signal [SIGINT]
2024-12-17T19:55:50: PM2 log: App [project-backend:0] starting in -fork mode-
2024-12-17T19:55:50: PM2 log: App [project-backend:0] online
2024-12-17T19:55:50: PM2 log: App [project-backend:0] exited with code [1] via signal [SIGINT]
2024-12-17T19:55:50: PM2 log: App [project-backend:0] starting in -fork mode-
2024-12-17T19:55:50: PM2 log: App [project-backend:0] online
2024-12-17T19:55:51: PM2 log: App [project-backend:0] exited with code [1] via signal [SIGINT]
2024-12-17T19:55:51: PM2 log: App [project-backend:0] starting in -fork mode-
2024-12-17T19:55:51: PM2 log: App [project-backend:0] online
2024-12-17T19:55:51: PM2 log: App [project-backend:0] exited with code [1] via signal [SIGINT]
2024-12-17T19:55:51: PM2 log: App [project-backend:0] starting in -fork mode-
2024-12-17T19:55:51: PM2 log: App [project-backend:0] online
2024-12-17T19:55:52: PM2 log: App [project-backend:0] exited with code [1] via signal [SIGINT]
2024-12-17T19:55:52: PM2 log: App [project-backend:0] starting in -fork mode-
2024-12-17T19:55:52: PM2 log: App [project-backend:0] online
2024-12-17T19:55:52: PM2 log: App [project-backend:0] exited with code [1] via signal [SIGINT]
2024-12-17T19:55:52: PM2 log: App [project-backend:0] starting in -fork mode-
2024-12-17T19:55:52: PM2 log: App [project-backend:0] online
2024-12-17T19:55:52: PM2 log: App [project-backend:0] exited with code [1] via signal [SIGINT]
2024-12-17T19:55:52: PM2 log: App [project-backend:0] starting in -fork mode-
2024-12-17T19:55:52: PM2 log: App [project-backend:0] online
2024-12-17T19:55:53: PM2 log: App [project-backend:0] exited with code [1] via signal [SIGINT]
2024-12-17T19:55:53: PM2 log: App [project-backend:0] starting in -fork mode-
2024-12-17T19:55:53: PM2 log: App [project-backend:0] online
2024-12-17T19:55:53: PM2 log: App [project-backend:0] exited with code [1] via signal [SIGINT]
2024-12-17T19:55:53: PM2 log: App [project-backend:0] starting in -fork mode-
2024-12-17T19:55:53: PM2 log: App [project-backend:0] online
2024-12-17T19:55:53: PM2 log: App [project-backend:0] exited with code [1] via signal [SIGINT]
2024-12-17T19:55:53: PM2 log: App [project-backend:0] starting in -fork mode-
2024-12-17T19:55:53: PM2 log: App [project-backend:0] online
2024-12-17T19:55:54: PM2 log: App [project-backend:0] exited with code [1] via signal [SIGINT]
2024-12-17T19:55:54: PM2 log: App [project-backend:0] starting in -fork mode-
2024-12-17T19:55:54: PM2 log: App [project-backend:0] online
2024-12-17T19:55:54: PM2 log: App [project-backend:0] exited with code [1] via signal [SIGINT]
2024-12-17T19:55:54: PM2 log: App [project-backend:0] starting in -fork mode-
2024-12-17T19:55:54: PM2 log: App [project-backend:0] online
2024-12-17T19:55:54: PM2 log: App [project-backend:0] exited with code [1] via signal [SIGINT]
2024-12-17T19:55:54: PM2 log: App [project-backend:0] starting in -fork mode-
2024-12-17T19:55:54: PM2 log: App [project-backend:0] online
2024-12-17T19:55:55: PM2 log: App [project-backend:0] exited with code [1] via signal [SIGINT]
2024-12-17T19:55:55: PM2 log: App [project-backend:0] starting in -fork mode-
2024-12-17T19:55:55: PM2 log: App [project-backend:0] online
2024-12-17T19:55:55: PM2 log: App [project-backend:0] exited with code [1] via signal [SIGINT]
2024-12-17T19:55:55: PM2 log: App [project-backend:0] starting in -fork mode-
2024-12-17T19:55:55: PM2 log: App [project-backend:0] online
2024-12-17T19:55:55: PM2 log: App [project-backend:0] exited with code [1] via signal [SIGINT]
2024-12-17T19:55:55: PM2 log: Script /var/www/deda_weather_app/server.js had too many unstable restarts (16). Stopped. "errored"
2024-12-17T20:10:31: PM2 log: App [project-backend:0] starting in -fork mode-
2024-12-17T20:10:31: PM2 log: App [project-backend:0] online
2024-12-17T20:10:31: PM2 log: App [project-backend:0] exited with code [1] via signal [SIGINT]
2024-12-17T20:10:31: PM2 log: App [project-backend:0] starting in -fork mode-
2024-12-17T20:10:31: PM2 log: App [project-backend:0] online
2024-12-17T20:10:32: PM2 log: App [project-backend:0] exited with code [1] via signal [SIGINT]
2024-12-17T20:10:32: PM2 log: App [project-backend:0] starting in -fork mode-
2024-12-17T20:10:32: PM2 log: App [project-backend:0] online
2024-12-17T20:10:32: PM2 log: App [project-backend:0] exited with code [1] via signal [SIGINT]
2024-12-17T20:10:32: PM2 log: App [project-backend:0] starting in -fork mode-
2024-12-17T20:10:32: PM2 log: App [project-backend:0] online
2024-12-17T20:10:32: PM2 log: App [project-backend:0] exited with code [1] via signal [SIGINT]
2024-12-17T20:10:32: PM2 log: App [project-backend:0] starting in -fork mode-
2024-12-17T20:10:32: PM2 log: App [project-backend:0] online
2024-12-17T20:10:33: PM2 log: App [project-backend:0] exited with code [1] via signal [SIGINT]
2024-12-17T20:10:33: PM2 log: App [project-backend:0] starting in -fork mode-
2024-12-17T20:10:33: PM2 log: App [project-backend:0] online
2024-12-17T20:10:33: PM2 log: App [project-backend:0] exited with code [1] via signal [SIGINT]
2024-12-17T20:10:33: PM2 log: App [project-backend:0] starting in -fork mode-
2024-12-17T20:10:33: PM2 log: App [project-backend:0] online
2024-12-17T20:10:33: PM2 log: App [project-backend:0] exited with code [1] via signal [SIGINT]
2024-12-17T20:10:33: PM2 log: App [project-backend:0] starting in -fork mode-
2024-12-17T20:10:33: PM2 log: App [project-backend:0] online
2024-12-17T20:10:34: PM2 log: App [project-backend:0] exited with code [1] via signal [SIGINT]
2024-12-17T20:10:34: PM2 log: App [project-backend:0] starting in -fork mode-
2024-12-17T20:10:34: PM2 log: App [project-backend:0] online
2024-12-17T20:10:34: PM2 log: App [project-backend:0] exited with code [1] via signal [SIGINT]
2024-12-17T20:10:34: PM2 log: App [project-backend:0] starting in -fork mode-
2024-12-17T20:10:34: PM2 log: App [project-backend:0] online
2024-12-17T20:10:34: PM2 log: App [project-backend:0] exited with code [1] via signal [SIGINT]
2024-12-17T20:10:34: PM2 log: App [project-backend:0] starting in -fork mode-
2024-12-17T20:10:34: PM2 log: App [project-backend:0] online
2024-12-17T20:10:35: PM2 log: App [project-backend:0] exited with code [1] via signal [SIGINT]
2024-12-17T20:10:35: PM2 log: App [project-backend:0] starting in -fork mode-
2024-12-17T20:10:35: PM2 log: App [project-backend:0] online
2024-12-17T20:10:35: PM2 log: App [project-backend:0] exited with code [1] via signal [SIGINT]
2024-12-17T20:10:35: PM2 log: App [project-backend:0] starting in -fork mode-
2024-12-17T20:10:35: PM2 log: App [project-backend:0] online
2024-12-17T20:10:35: PM2 log: App [project-backend:0] exited with code [1] via signal [SIGINT]
2024-12-17T20:10:35: PM2 log: App [project-backend:0] starting in -fork mode-
2024-12-17T20:10:35: PM2 log: App [project-backend:0] online
2024-12-17T20:10:36: PM2 log: App [project-backend:0] exited with code [1] via signal [SIGINT]
2024-12-17T20:10:36: PM2 log: App [project-backend:0] starting in -fork mode-
2024-12-17T20:10:36: PM2 log: App [project-backend:0] online
2024-12-17T20:10:36: PM2 log: App [project-backend:0] exited with code [1] via signal [SIGINT]
2024-12-17T20:10:36: PM2 log: App [project-backend:0] starting in -fork mode-
2024-12-17T20:10:36: PM2 log: App [project-backend:0] online
2024-12-17T20:10:36: PM2 log: App [project-backend:0] exited with code [1] via signal [SIGINT]
2024-12-17T20:10:36: PM2 log: Script /var/www/deda_weather_app/server.js had too many unstable restarts (16). Stopped. "errored"
2024-12-17T20:15:46: PM2 log: App [project-backend:0] starting in -fork mode-
2024-12-17T20:15:46: PM2 log: App [project-backend:0] online
2024-12-17T20:15:47: PM2 log: App [project-backend:0] exited with code [1] via signal [SIGINT]
2024-12-17T20:15:47: PM2 log: App [project-backend:0] starting in -fork mode-
2024-12-17T20:15:47: PM2 log: App [project-backend:0] online
2024-12-17T20:15:47: PM2 log: App [project-backend:0] exited with code [1] via signal [SIGINT]
2024-12-17T20:15:47: PM2 log: App [project-backend:0] starting in -fork mode-
2024-12-17T20:15:47: PM2 log: App [project-backend:0] online
2024-12-17T20:15:47: PM2 log: App [project-backend:0] exited with code [1] via signal [SIGINT]
2024-12-17T20:15:47: PM2 log: App [project-backend:0] starting in -fork mode-
2024-12-17T20:15:47: PM2 log: App [project-backend:0] online
2024-12-17T20:15:48: PM2 log: App [project-backend:0] exited with code [1] via signal [SIGINT]
2024-12-17T20:15:48: PM2 log: App [project-backend:0] starting in -fork mode-
2024-12-17T20:15:48: PM2 log: App [project-backend:0] online
2024-12-17T20:15:48: PM2 log: App [project-backend:0] exited with code [1] via signal [SIGINT]
2024-12-17T20:15:48: PM2 log: App [project-backend:0] starting in -fork mode-
2024-12-17T20:15:48: PM2 log: App [project-backend:0] online
2024-12-17T20:15:48: PM2 log: App [project-backend:0] exited with code [1] via signal [SIGINT]
2024-12-17T20:15:48: PM2 log: App [project-backend:0] starting in -fork mode-
2024-12-17T20:15:48: PM2 log: App [project-backend:0] online
2024-12-17T20:15:49: PM2 log: App [project-backend:0] exited with code [1] via signal [SIGINT]
2024-12-17T20:15:49: PM2 log: App [project-backend:0] starting in -fork mode-
2024-12-17T20:15:49: PM2 log: App [project-backend:0] online
2024-12-17T20:15:49: PM2 log: App [project-backend:0] exited with code [1] via signal [SIGINT]
2024-12-17T20:15:49: PM2 log: App [project-backend:0] starting in -fork mode-
2024-12-17T20:15:49: PM2 log: App [project-backend:0] online
2024-12-17T20:15:49: PM2 log: App [project-backend:0] exited with code [1] via signal [SIGINT]
2024-12-17T20:15:49: PM2 log: App [project-backend:0] starting in -fork mode-
2024-12-17T20:15:49: PM2 log: App [project-backend:0] online
2024-12-17T20:15:50: PM2 log: App [project-backend:0] exited with code [1] via signal [SIGINT]
2024-12-17T20:15:50: PM2 log: App [project-backend:0] starting in -fork mode-
2024-12-17T20:15:50: PM2 log: App [project-backend:0] online
2024-12-17T20:15:50: PM2 log: App [project-backend:0] exited with code [1] via signal [SIGINT]
2024-12-17T20:15:50: PM2 log: App [project-backend:0] starting in -fork mode-
2024-12-17T20:15:50: PM2 log: App [project-backend:0] online
2024-12-17T20:15:50: PM2 log: App [project-backend:0] exited with code [1] via signal [SIGINT]
2024-12-17T20:15:50: PM2 log: App [project-backend:0] starting in -fork mode-
2024-12-17T20:15:50: PM2 log: App [project-backend:0] online
2024-12-17T20:15:51: PM2 log: App [project-backend:0] exited with code [1] via signal [SIGINT]
2024-12-17T20:15:51: PM2 log: App [project-backend:0] starting in -fork mode-
2024-12-17T20:15:51: PM2 log: App [project-backend:0] online
2024-12-17T20:15:51: PM2 log: App [project-backend:0] exited with code [1] via signal [SIGINT]
2024-12-17T20:15:51: PM2 log: App [project-backend:0] starting in -fork mode-
2024-12-17T20:15:51: PM2 log: App [project-backend:0] online
2024-12-17T20:15:51: PM2 log: App [project-backend:0] exited with code [1] via signal [SIGINT]
2024-12-17T20:15:51: PM2 log: App [project-backend:0] starting in -fork mode-
2024-12-17T20:15:51: PM2 log: App [project-backend:0] online
2024-12-17T20:15:52: PM2 log: App [project-backend:0] exited with code [1] via signal [SIGINT]
2024-12-17T20:15:52: PM2 log: Script /var/www/deda_weather_app/server.js had too many unstable restarts (16). Stopped. "errored"
2024-12-17T20:52:22: PM2 log: App [project-backend:1] starting in -fork mode-
2024-12-17T20:52:22: PM2 log: App [project-backend:1] online
2024-12-19T21:08:52: PM2 log: App [weather-app:2] starting in -fork mode-
2024-12-19T21:08:52: PM2 log: App [weather-app:2] online
2024-12-19T21:08:53: PM2 log: App [weather-app:2] exited with code [1] via signal [SIGINT]
2024-12-19T21:08:53: PM2 log: App [weather-app:2] starting in -fork mode-
2024-12-19T21:08:53: PM2 log: App [weather-app:2] online
2024-12-19T21:08:54: PM2 log: App [weather-app:2] exited with code [1] via signal [SIGINT]
2024-12-19T21:08:54: PM2 log: App [weather-app:2] starting in -fork mode-
2024-12-19T21:08:54: PM2 log: App [weather-app:2] online
2024-12-19T21:08:54: PM2 log: App [weather-app:2] exited with code [1] via signal [SIGINT]
2024-12-19T21:08:54: PM2 log: App [weather-app:2] starting in -fork mode-
2024-12-19T21:08:54: PM2 log: App [weather-app:2] online
2024-12-19T21:08:54: PM2 log: App [weather-app:2] exited with code [1] via signal [SIGINT]
2024-12-19T21:08:54: PM2 log: App [weather-app:2] starting in -fork mode-
2024-12-19T21:08:54: PM2 log: App [weather-app:2] online
2024-12-19T21:08:55: PM2 log: App [weather-app:2] exited with code [1] via signal [SIGINT]
2024-12-19T21:08:55: PM2 log: App [weather-app:2] starting in -fork mode-
2024-12-19T21:08:55: PM2 log: App [weather-app:2] online
2024-12-19T21:08:55: PM2 log: App [weather-app:2] exited with code [1] via signal [SIGINT]
2024-12-19T21:08:55: PM2 log: App [weather-app:2] starting in -fork mode-
2024-12-19T21:08:55: PM2 log: App [weather-app:2] online
2024-12-19T21:08:56: PM2 log: App [weather-app:2] exited with code [1] via signal [SIGINT]
2024-12-19T21:08:56: PM2 log: App [weather-app:2] starting in -fork mode-
2024-12-19T21:08:56: PM2 log: App [weather-app:2] online
2024-12-19T21:08:56: PM2 log: App [weather-app:2] exited with code [1] via signal [SIGINT]
2024-12-19T21:08:56: PM2 log: App [weather-app:2] starting in -fork mode-
2024-12-19T21:08:56: PM2 log: App [weather-app:2] online
2024-12-19T21:08:56: PM2 log: App [weather-app:2] exited with code [1] via signal [SIGINT]
2024-12-19T21:08:56: PM2 log: App [weather-app:2] starting in -fork mode-
2024-12-19T21:08:56: PM2 log: App [weather-app:2] online
2024-12-19T21:08:57: PM2 log: App [weather-app:2] exited with code [1] via signal [SIGINT]
2024-12-19T21:08:57: PM2 log: App [weather-app:2] starting in -fork mode-
2024-12-19T21:08:57: PM2 log: App [weather-app:2] online
2024-12-19T21:08:57: PM2 log: App [weather-app:2] exited with code [1] via signal [SIGINT]
2024-12-19T21:08:57: PM2 log: App [weather-app:2] starting in -fork mode-
2024-12-19T21:08:57: PM2 log: App [weather-app:2] online
2024-12-19T21:08:58: PM2 log: App [weather-app:2] exited with code [1] via signal [SIGINT]
2024-12-19T21:08:58: PM2 log: App [weather-app:2] starting in -fork mode-
2024-12-19T21:08:58: PM2 log: App [weather-app:2] online
2024-12-19T21:08:58: PM2 log: App [weather-app:2] exited with code [1] via signal [SIGINT]
2024-12-19T21:08:58: PM2 log: App [weather-app:2] starting in -fork mode-
2024-12-19T21:08:58: PM2 log: App [weather-app:2] online
2024-12-19T21:08:58: PM2 log: App [weather-app:2] exited with code [1] via signal [SIGINT]
2024-12-19T21:08:58: PM2 log: App [weather-app:2] starting in -fork mode-
2024-12-19T21:08:58: PM2 log: App [weather-app:2] online
2024-12-19T21:08:59: PM2 log: App [weather-app:2] exited with code [1] via signal [SIGINT]
2024-12-19T21:08:59: PM2 log: App [weather-app:2] starting in -fork mode-
2024-12-19T21:08:59: PM2 log: App [weather-app:2] online
2024-12-19T21:08:59: PM2 log: App [weather-app:2] exited with code [1] via signal [SIGINT]
2024-12-19T21:08:59: PM2 log: Script /root/deda_weather_app/weather_app_be/server.js had too many unstable restarts (16). Stopped. "errored"
2024-12-19T21:32:23: PM2 log: App [project-backend:1] exited with code [0] via signal [SIGKILL]
2024-12-19T21:32:23: PM2 log: App [project-backend:1] starting in -fork mode-
2024-12-19T21:32:23: PM2 log: App [project-backend:1] online
2024-12-19T21:32:28: PM2 log: App [weather-app:2] starting in -fork mode-
2024-12-19T21:32:28: PM2 log: App [weather-app:2] online
2024-12-19T21:32:28: PM2 log: App [weather-app:2] exited with code [1] via signal [SIGINT]
2024-12-19T21:32:28: PM2 log: App [weather-app:2] starting in -fork mode-
2024-12-19T21:32:28: PM2 log: App [weather-app:2] online
2024-12-19T21:32:29: PM2 log: App [weather-app:2] exited with code [1] via signal [SIGINT]
2024-12-19T21:32:29: PM2 log: App [weather-app:2] starting in -fork mode-
2024-12-19T21:32:29: PM2 log: App [weather-app:2] online
2024-12-19T21:32:29: PM2 log: App [weather-app:2] exited with code [1] via signal [SIGINT]
2024-12-19T21:32:29: PM2 log: App [weather-app:2] starting in -fork mode-
2024-12-19T21:32:29: PM2 log: App [weather-app:2] online
2024-12-19T21:32:30: PM2 log: App [weather-app:2] exited with code [1] via signal [SIGINT]
2024-12-19T21:32:30: PM2 log: App [weather-app:2] starting in -fork mode-
2024-12-19T21:32:30: PM2 log: App [weather-app:2] online
2024-12-19T21:32:30: PM2 log: App [weather-app:2] exited with code [1] via signal [SIGINT]
2024-12-19T21:32:30: PM2 log: App [weather-app:2] starting in -fork mode-
2024-12-19T21:32:30: PM2 log: App [weather-app:2] online
2024-12-19T21:32:30: PM2 log: App [weather-app:2] exited with code [1] via signal [SIGINT]
2024-12-19T21:32:30: PM2 log: App [weather-app:2] starting in -fork mode-
2024-12-19T21:32:30: PM2 log: App [weather-app:2] online
2024-12-19T21:32:31: PM2 log: App [weather-app:2] exited with code [1] via signal [SIGINT]
2024-12-19T21:32:31: PM2 log: App [weather-app:2] starting in -fork mode-
2024-12-19T21:32:31: PM2 log: App [weather-app:2] online
2024-12-19T21:32:31: PM2 log: App [weather-app:2] exited with code [1] via signal [SIGINT]
2024-12-19T21:32:31: PM2 log: App [weather-app:2] starting in -fork mode-
2024-12-19T21:32:31: PM2 log: App [weather-app:2] online
2024-12-19T21:32:32: PM2 log: App [weather-app:2] exited with code [1] via signal [SIGINT]
2024-12-19T21:32:32: PM2 log: App [weather-app:2] starting in -fork mode-
2024-12-19T21:32:32: PM2 log: App [weather-app:2] online
2024-12-19T21:32:32: PM2 log: App [weather-app:2] exited with code [1] via signal [SIGINT]
2024-12-19T21:32:32: PM2 log: App [weather-app:2] starting in -fork mode-
2024-12-19T21:32:32: PM2 log: App [weather-app:2] online
2024-12-19T21:32:32: PM2 log: App [weather-app:2] exited with code [1] via signal [SIGINT]
2024-12-19T21:32:32: PM2 log: App [weather-app:2] starting in -fork mode-
2024-12-19T21:32:32: PM2 log: App [weather-app:2] online
2024-12-19T21:32:33: PM2 log: App [weather-app:2] exited with code [1] via signal [SIGINT]
2024-12-19T21:32:33: PM2 log: App [weather-app:2] starting in -fork mode-
2024-12-19T21:32:33: PM2 log: App [weather-app:2] online
2024-12-19T21:32:33: PM2 log: App [weather-app:2] exited with code [1] via signal [SIGINT]
2024-12-19T21:32:33: PM2 log: App [weather-app:2] starting in -fork mode-
2024-12-19T21:32:33: PM2 log: App [weather-app:2] online
2024-12-19T21:32:34: PM2 log: App [weather-app:2] exited with code [1] via signal [SIGINT]
2024-12-19T21:32:34: PM2 log: App [weather-app:2] starting in -fork mode-
2024-12-19T21:32:34: PM2 log: App [weather-app:2] online
2024-12-19T21:32:34: PM2 log: App [weather-app:2] exited with code [1] via signal [SIGINT]
2024-12-19T21:32:34: PM2 log: App [weather-app:2] starting in -fork mode-
2024-12-19T21:32:34: PM2 log: App [weather-app:2] online
2024-12-19T21:32:34: PM2 log: App [weather-app:2] exited with code [1] via signal [SIGINT]
2024-12-19T21:32:34: PM2 log: Script /root/deda_weather_app/weather_app_be/server.js had too many unstable restarts (16). Stopped. "errored"
2024-12-19T22:58:05: PM2 log: App [weather-app:2] starting in -fork mode-
2024-12-19T22:58:05: PM2 log: App [weather-app:2] online
2024-12-19T22:58:05: PM2 log: App [weather-app:2] exited with code [1] via signal [SIGINT]
2024-12-19T22:58:05: PM2 log: App [weather-app:2] starting in -fork mode-
2024-12-19T22:58:05: PM2 log: App [weather-app:2] online
2024-12-19T22:58:06: PM2 log: App [weather-app:2] exited with code [1] via signal [SIGINT]
2024-12-19T22:58:06: PM2 log: App [weather-app:2] starting in -fork mode-
2024-12-19T22:58:06: PM2 log: App [weather-app:2] online
2024-12-19T22:58:06: PM2 log: App [weather-app:2] exited with code [1] via signal [SIGINT]
2024-12-19T22:58:06: PM2 log: App [weather-app:2] starting in -fork mode-
2024-12-19T22:58:06: PM2 log: App [weather-app:2] online
2024-12-19T22:58:06: PM2 log: App [weather-app:2] exited with code [1] via signal [SIGINT]
2024-12-19T22:58:06: PM2 log: App [weather-app:2] starting in -fork mode-
2024-12-19T22:58:06: PM2 log: App [weather-app:2] online
2024-12-19T22:58:07: PM2 log: App [weather-app:2] exited with code [1] via signal [SIGINT]
2024-12-19T22:58:07: PM2 log: App [weather-app:2] starting in -fork mode-
2024-12-19T22:58:07: PM2 log: App [weather-app:2] online
2024-12-19T22:58:07: PM2 log: App [weather-app:2] exited with code [1] via signal [SIGINT]
2024-12-19T22:58:07: PM2 log: App [weather-app:2] starting in -fork mode-
2024-12-19T22:58:07: PM2 log: App [weather-app:2] online
2024-12-19T22:58:08: PM2 log: App [weather-app:2] exited with code [1] via signal [SIGINT]
2024-12-19T22:58:08: PM2 log: App [weather-app:2] starting in -fork mode-
2024-12-19T22:58:08: PM2 log: App [weather-app:2] online
2024-12-19T22:58:08: PM2 log: App [weather-app:2] exited with code [1] via signal [SIGINT]
2024-12-19T22:58:08: PM2 log: App [weather-app:2] starting in -fork mode-
2024-12-19T22:58:08: PM2 log: App [weather-app:2] online
2024-12-19T22:58:08: PM2 log: App [weather-app:2] exited with code [1] via signal [SIGINT]
2024-12-19T22:58:08: PM2 log: App [weather-app:2] starting in -fork mode-
2024-12-19T22:58:08: PM2 log: App [weather-app:2] online
2024-12-19T22:58:09: PM2 log: App [weather-app:2] exited with code [1] via signal [SIGINT]
2024-12-19T22:58:09: PM2 log: App [weather-app:2] starting in -fork mode-
2024-12-19T22:58:09: PM2 log: App [weather-app:2] online
2024-12-19T22:58:09: PM2 log: App [weather-app:2] exited with code [1] via signal [SIGINT]
2024-12-19T22:58:09: PM2 log: App [weather-app:2] starting in -fork mode-
2024-12-19T22:58:09: PM2 log: App [weather-app:2] online
2024-12-19T22:58:10: PM2 log: App [weather-app:2] exited with code [1] via signal [SIGINT]
2024-12-19T22:58:10: PM2 log: App [weather-app:2] starting in -fork mode-
2024-12-19T22:58:10: PM2 log: App [weather-app:2] online
2024-12-19T22:58:10: PM2 log: App [weather-app:2] exited with code [1] via signal [SIGINT]
2024-12-19T22:58:10: PM2 log: App [weather-app:2] starting in -fork mode-
2024-12-19T22:58:10: PM2 log: App [weather-app:2] online
2024-12-19T22:58:10: PM2 log: App [weather-app:2] exited with code [1] via signal [SIGINT]
2024-12-19T22:58:10: PM2 log: App [weather-app:2] starting in -fork mode-
2024-12-19T22:58:10: PM2 log: App [weather-app:2] online
2024-12-19T22:58:11: PM2 log: App [weather-app:2] exited with code [1] via signal [SIGINT]
2024-12-19T22:58:11: PM2 log: App [weather-app:2] starting in -fork mode-
2024-12-19T22:58:11: PM2 log: App [weather-app:2] online
2024-12-19T22:58:11: PM2 log: App [weather-app:2] exited with code [1] via signal [SIGINT]
2024-12-19T22:58:11: PM2 log: Script /root/deda_weather_app/weather_app_be/server.js had too many unstable restarts (16). Stopped. "errored"
2024-12-19T23:04:18: PM2 log: App [weather-app:2] starting in -fork mode-
2024-12-19T23:04:18: PM2 log: App [weather-app:2] online
2024-12-19T23:04:18: PM2 log: App [weather-app:2] exited with code [1] via signal [SIGINT]
2024-12-19T23:04:18: PM2 log: App [weather-app:2] starting in -fork mode-
2024-12-19T23:04:18: PM2 log: App [weather-app:2] online
2024-12-19T23:04:18: PM2 log: App [weather-app:2] exited with code [1] via signal [SIGINT]
2024-12-19T23:04:18: PM2 log: App [weather-app:2] starting in -fork mode-
2024-12-19T23:04:18: PM2 log: App [weather-app:2] online
2024-12-19T23:04:18: PM2 log: App [weather-app:2] exited with code [1] via signal [SIGINT]
2024-12-19T23:04:18: PM2 log: App [weather-app:2] starting in -fork mode-
2024-12-19T23:04:18: PM2 log: App [weather-app:2] online
2024-12-19T23:04:18: PM2 log: App [weather-app:2] exited with code [1] via signal [SIGINT]
2024-12-19T23:04:18: PM2 log: App [weather-app:2] starting in -fork mode-
2024-12-19T23:04:18: PM2 log: App [weather-app:2] online
2024-12-19T23:04:18: PM2 log: App [weather-app:2] exited with code [1] via signal [SIGINT]
2024-12-19T23:04:18: PM2 log: App [weather-app:2] starting in -fork mode-
2024-12-19T23:04:18: PM2 log: App [weather-app:2] online
2024-12-19T23:04:18: PM2 log: App [weather-app:2] exited with code [1] via signal [SIGINT]
2024-12-19T23:04:18: PM2 log: App [weather-app:2] starting in -fork mode-
2024-12-19T23:04:18: PM2 log: App [weather-app:2] online
2024-12-19T23:04:19: PM2 log: App [weather-app:2] exited with code [1] via signal [SIGINT]
2024-12-19T23:04:19: PM2 log: App [weather-app:2] starting in -fork mode-
2024-12-19T23:04:19: PM2 log: App [weather-app:2] online
2024-12-19T23:04:19: PM2 log: App [weather-app:2] exited with code [1] via signal [SIGINT]
2024-12-19T23:04:19: PM2 log: App [weather-app:2] starting in -fork mode-
2024-12-19T23:04:19: PM2 log: App [weather-app:2] online
2024-12-19T23:04:19: PM2 log: App [weather-app:2] exited with code [1] via signal [SIGINT]
2024-12-19T23:04:19: PM2 log: App [weather-app:2] starting in -fork mode-
2024-12-19T23:04:19: PM2 log: App [weather-app:2] online
2024-12-19T23:04:19: PM2 log: App [weather-app:2] exited with code [1] via signal [SIGINT]
2024-12-19T23:04:19: PM2 log: App [weather-app:2] starting in -fork mode-
2024-12-19T23:04:19: PM2 log: App [weather-app:2] online
2024-12-19T23:04:19: PM2 log: App [weather-app:2] exited with code [1] via signal [SIGINT]
2024-12-19T23:04:19: PM2 log: App [weather-app:2] starting in -fork mode-
2024-12-19T23:04:19: PM2 log: App [weather-app:2] online
2024-12-19T23:04:19: PM2 log: App [weather-app:2] exited with code [1] via signal [SIGINT]
2024-12-19T23:04:19: PM2 log: App [weather-app:2] starting in -fork mode-
2024-12-19T23:04:19: PM2 log: App [weather-app:2] online
2024-12-19T23:04:19: PM2 log: App [weather-app:2] exited with code [1] via signal [SIGINT]
2024-12-19T23:04:19: PM2 log: App [weather-app:2] starting in -fork mode-
2024-12-19T23:04:19: PM2 log: App [weather-app:2] online
2024-12-19T23:04:19: PM2 log: App [weather-app:2] exited with code [1] via signal [SIGINT]
2024-12-19T23:04:19: PM2 log: App [weather-app:2] starting in -fork mode-
2024-12-19T23:04:19: PM2 log: App [weather-app:2] online
2024-12-19T23:04:20: PM2 log: App [weather-app:2] exited with code [1] via signal [SIGINT]
2024-12-19T23:04:20: PM2 log: App [weather-app:2] starting in -fork mode-
2024-12-19T23:04:20: PM2 log: App [weather-app:2] online
2024-12-19T23:04:20: PM2 log: App [weather-app:2] exited with code [1] via signal [SIGINT]
2024-12-19T23:04:20: PM2 log: Script /root/deda_weather_app/weather_app_be/server.js had too many unstable restarts (16). Stopped. "errored"
2024-12-19T23:10:48: PM2 log: App [weather-app:2] starting in -fork mode-
2024-12-19T23:10:48: PM2 log: App [weather-app:2] online
2024-12-19T23:10:48: PM2 log: App [weather-app:2] exited with code [1] via signal [SIGINT]
2024-12-19T23:10:48: PM2 log: App [weather-app:2] starting in -fork mode-
2024-12-19T23:10:48: PM2 log: App [weather-app:2] online
2024-12-19T23:10:49: PM2 log: App [weather-app:2] exited with code [1] via signal [SIGINT]
2024-12-19T23:10:49: PM2 log: App [weather-app:2] starting in -fork mode-
2024-12-19T23:10:49: PM2 log: App [weather-app:2] online
2024-12-19T23:10:49: PM2 log: App [weather-app:2] exited with code [1] via signal [SIGINT]
2024-12-19T23:10:49: PM2 log: App [weather-app:2] starting in -fork mode-
2024-12-19T23:10:49: PM2 log: App [weather-app:2] online
2024-12-19T23:10:50: PM2 log: App [weather-app:2] exited with code [1] via signal [SIGINT]
2024-12-19T23:10:50: PM2 log: App [weather-app:2] starting in -fork mode-
2024-12-19T23:10:50: PM2 log: App [weather-app:2] online
2024-12-19T23:10:50: PM2 log: App [weather-app:2] exited with code [1] via signal [SIGINT]
2024-12-19T23:10:50: PM2 log: App [weather-app:2] starting in -fork mode-
2024-12-19T23:10:50: PM2 log: App [weather-app:2] online
2024-12-19T23:10:50: PM2 log: App [weather-app:2] exited with code [1] via signal [SIGINT]
2024-12-19T23:10:50: PM2 log: App [weather-app:2] starting in -fork mode-
2024-12-19T23:10:50: PM2 log: App [weather-app:2] online
2024-12-19T23:10:51: PM2 log: App [weather-app:2] exited with code [1] via signal [SIGINT]
2024-12-19T23:10:51: PM2 log: App [weather-app:2] starting in -fork mode-
2024-12-19T23:10:51: PM2 log: App [weather-app:2] online
2024-12-19T23:10:51: PM2 log: App [weather-app:2] exited with code [1] via signal [SIGINT]
2024-12-19T23:10:51: PM2 log: App [weather-app:2] starting in -fork mode-
2024-12-19T23:10:51: PM2 log: App [weather-app:2] online
2024-12-19T23:10:52: PM2 log: App [weather-app:2] exited with code [1] via signal [SIGINT]
2024-12-19T23:10:52: PM2 log: App [weather-app:2] starting in -fork mode-
2024-12-19T23:10:52: PM2 log: App [weather-app:2] online
2024-12-19T23:10:52: PM2 log: App [weather-app:2] exited with code [1] via signal [SIGINT]
2024-12-19T23:10:52: PM2 log: App [weather-app:2] starting in -fork mode-
2024-12-19T23:10:52: PM2 log: App [weather-app:2] online
2024-12-19T23:10:52: PM2 log: App [weather-app:2] exited with code [1] via signal [SIGINT]
2024-12-19T23:10:52: PM2 log: App [weather-app:2] starting in -fork mode-
2024-12-19T23:10:52: PM2 log: App [weather-app:2] online
2024-12-19T23:10:53: PM2 log: App [weather-app:2] exited with code [1] via signal [SIGINT]
2024-12-19T23:10:53: PM2 log: App [weather-app:2] starting in -fork mode-
2024-12-19T23:10:53: PM2 log: App [weather-app:2] online
2024-12-19T23:10:53: PM2 log: App [weather-app:2] exited with code [1] via signal [SIGINT]
2024-12-19T23:10:53: PM2 log: App [weather-app:2] starting in -fork mode-
2024-12-19T23:10:53: PM2 log: App [weather-app:2] online
2024-12-19T23:10:54: PM2 log: App [weather-app:2] exited with code [1] via signal [SIGINT]
2024-12-19T23:10:54: PM2 log: App [weather-app:2] starting in -fork mode-
2024-12-19T23:10:54: PM2 log: App [weather-app:2] online
2024-12-19T23:10:54: PM2 log: App [weather-app:2] exited with code [1] via signal [SIGINT]
2024-12-19T23:10:54: PM2 log: App [weather-app:2] starting in -fork mode-
2024-12-19T23:10:54: PM2 log: App [weather-app:2] online
2024-12-19T23:10:54: PM2 log: App [weather-app:2] exited with code [1] via signal [SIGINT]
2024-12-19T23:10:54: PM2 log: Script /root/deda_weather_app/weather_app_be/server.js had too many unstable restarts (16). Stopped. "errored"
2024-12-19T23:16:11: PM2 log: App [project-backend:0] starting in -fork mode-
2024-12-19T23:16:11: PM2 log: App [project-backend:0] online
2024-12-19T23:16:11: PM2 log: Stopping app:project-backend id:1
2024-12-19T23:16:11: PM2 log: App [weather-app:2] starting in -fork mode-
2024-12-19T23:16:11: PM2 log: App [weather-app:2] online
2024-12-19T23:16:11: PM2 log: App [project-backend:1] exited with code [0] via signal [SIGINT]
2024-12-19T23:16:11: PM2 log: pid=15630 msg=process killed
2024-12-19T23:16:11: PM2 log: App [project-backend:1] starting in -fork mode-
2024-12-19T23:16:11: PM2 log: App [project-backend:1] online
2024-12-19T23:16:12: PM2 log: App [project-backend:0] exited with code [1] via signal [SIGINT]
2024-12-19T23:16:12: PM2 log: App [project-backend:0] starting in -fork mode-
2024-12-19T23:16:12: PM2 log: App [project-backend:0] online
2024-12-19T23:16:12: PM2 log: App [weather-app:2] exited with code [1] via signal [SIGINT]
2024-12-19T23:16:12: PM2 log: App [weather-app:2] starting in -fork mode-
2024-12-19T23:16:12: PM2 log: App [weather-app:2] online
2024-12-19T23:16:13: PM2 log: App [project-backend:0] exited with code [1] via signal [SIGINT]
2024-12-19T23:16:13: PM2 log: App [project-backend:0] starting in -fork mode-
2024-12-19T23:16:13: PM2 log: App [project-backend:0] online
2024-12-19T23:16:13: PM2 log: App [weather-app:2] exited with code [1] via signal [SIGINT]
2024-12-19T23:16:13: PM2 log: App [weather-app:2] starting in -fork mode-
2024-12-19T23:16:13: PM2 log: App [weather-app:2] online
2024-12-19T23:16:14: PM2 log: App [project-backend:0] exited with code [1] via signal [SIGINT]
2024-12-19T23:16:14: PM2 log: App [project-backend:0] starting in -fork mode-
2024-12-19T23:16:14: PM2 log: App [project-backend:0] online
2024-12-19T23:16:14: PM2 log: App [weather-app:2] exited with code [1] via signal [SIGINT]
2024-12-19T23:16:14: PM2 log: App [weather-app:2] starting in -fork mode-
2024-12-19T23:16:14: PM2 log: App [weather-app:2] online
2024-12-19T23:16:14: PM2 log: App [project-backend:0] exited with code [1] via signal [SIGINT]
2024-12-19T23:16:14: PM2 log: App [project-backend:0] starting in -fork mode-
2024-12-19T23:16:14: PM2 log: App [project-backend:0] online
2024-12-19T23:16:15: PM2 log: App [weather-app:2] exited with code [1] via signal [SIGINT]
2024-12-19T23:16:15: PM2 log: App [weather-app:2] starting in -fork mode-
2024-12-19T23:16:15: PM2 log: App [weather-app:2] online
2024-12-19T23:16:15: PM2 log: App [project-backend:0] exited with code [1] via signal [SIGINT]
2024-12-19T23:16:15: PM2 log: App [project-backend:0] starting in -fork mode-
2024-12-19T23:16:15: PM2 log: App [project-backend:0] online
2024-12-19T23:16:16: PM2 log: App [weather-app:2] exited with code [1] via signal [SIGINT]
2024-12-19T23:16:16: PM2 log: App [weather-app:2] starting in -fork mode-
2024-12-19T23:16:16: PM2 log: App [weather-app:2] online
2024-12-19T23:16:16: PM2 log: App [project-backend:0] exited with code [1] via signal [SIGINT]
2024-12-19T23:16:16: PM2 log: App [project-backend:0] starting in -fork mode-
2024-12-19T23:16:16: PM2 log: App [project-backend:0] online
2024-12-19T23:16:17: PM2 log: App [project-backend:0] exited with code [1] via signal [SIGINT]
2024-12-19T23:16:17: PM2 log: App [project-backend:0] starting in -fork mode-
2024-12-19T23:16:17: PM2 log: App [project-backend:0] online
2024-12-19T23:16:17: PM2 log: App [weather-app:2] exited with code [1] via signal [SIGINT]
2024-12-19T23:16:17: PM2 log: App [weather-app:2] starting in -fork mode-
2024-12-19T23:16:17: PM2 log: App [weather-app:2] online
2024-12-19T23:16:17: PM2 log: App [project-backend:0] exited with code [1] via signal [SIGINT]
2024-12-19T23:16:17: PM2 log: App [project-backend:0] starting in -fork mode-
2024-12-19T23:16:17: PM2 log: App [project-backend:0] online
2024-12-19T23:16:17: PM2 log: App [weather-app:2] exited with code [1] via signal [SIGINT]
2024-12-19T23:16:17: PM2 log: App [weather-app:2] starting in -fork mode-
2024-12-19T23:16:17: PM2 log: App [weather-app:2] online
2024-12-19T23:16:18: PM2 log: App [project-backend:0] exited with code [1] via signal [SIGINT]
2024-12-19T23:16:18: PM2 log: App [project-backend:0] starting in -fork mode-
2024-12-19T23:16:18: PM2 log: App [project-backend:0] online
2024-12-19T23:16:18: PM2 log: App [weather-app:2] exited with code [1] via signal [SIGINT]
2024-12-19T23:16:18: PM2 log: App [weather-app:2] starting in -fork mode-
2024-12-19T23:16:18: PM2 log: App [weather-app:2] online
2024-12-19T23:16:19: PM2 log: App [project-backend:0] exited with code [1] via signal [SIGINT]
2024-12-19T23:16:19: PM2 log: App [project-backend:0] starting in -fork mode-
2024-12-19T23:16:19: PM2 log: App [project-backend:0] online
2024-12-19T23:16:19: PM2 log: App [weather-app:2] exited with code [1] via signal [SIGINT]
2024-12-19T23:16:19: PM2 log: App [weather-app:2] starting in -fork mode-
2024-12-19T23:16:19: PM2 log: App [weather-app:2] online
2024-12-19T23:16:19: PM2 log: App [project-backend:0] exited with code [1] via signal [SIGINT]
2024-12-19T23:16:19: PM2 log: App [project-backend:0] starting in -fork mode-
2024-12-19T23:16:19: PM2 log: App [project-backend:0] online
2024-12-19T23:16:20: PM2 log: App [weather-app:2] exited with code [1] via signal [SIGINT]
2024-12-19T23:16:20: PM2 log: App [weather-app:2] starting in -fork mode-
2024-12-19T23:16:20: PM2 log: App [weather-app:2] online
2024-12-19T23:16:20: PM2 log: App [project-backend:0] exited with code [1] via signal [SIGINT]
2024-12-19T23:16:20: PM2 log: App [project-backend:0] starting in -fork mode-
2024-12-19T23:16:20: PM2 log: App [project-backend:0] online
2024-12-19T23:16:21: PM2 log: App [project-backend:0] exited with code [1] via signal [SIGINT]
2024-12-19T23:16:21: PM2 log: App [project-backend:0] starting in -fork mode-
2024-12-19T23:16:21: PM2 log: App [project-backend:0] online
2024-12-19T23:16:21: PM2 log: App [weather-app:2] exited with code [1] via signal [SIGINT]
2024-12-19T23:16:21: PM2 log: App [weather-app:2] starting in -fork mode-
2024-12-19T23:16:21: PM2 log: App [weather-app:2] online
2024-12-19T23:16:21: PM2 log: App [project-backend:0] exited with code [1] via signal [SIGINT]
2024-12-19T23:16:21: PM2 log: App [project-backend:0] starting in -fork mode-
2024-12-19T23:16:21: PM2 log: App [project-backend:0] online
2024-12-19T23:16:22: PM2 log: App [weather-app:2] exited with code [1] via signal [SIGINT]
2024-12-19T23:16:22: PM2 log: App [weather-app:2] starting in -fork mode-
2024-12-19T23:16:22: PM2 log: App [weather-app:2] online
2024-12-19T23:16:22: PM2 log: App [project-backend:0] exited with code [1] via signal [SIGINT]
2024-12-19T23:16:22: PM2 log: App [project-backend:0] starting in -fork mode-
2024-12-19T23:16:22: PM2 log: App [project-backend:0] online
2024-12-19T23:16:22: PM2 log: App [weather-app:2] exited with code [1] via signal [SIGINT]
2024-12-19T23:16:22: PM2 log: App [weather-app:2] starting in -fork mode-
2024-12-19T23:16:22: PM2 log: App [weather-app:2] online
2024-12-19T23:16:23: PM2 log: App [project-backend:0] exited with code [1] via signal [SIGINT]
2024-12-19T23:16:23: PM2 log: App [project-backend:0] starting in -fork mode-
2024-12-19T23:16:23: PM2 log: App [project-backend:0] online
2024-12-19T23:16:23: PM2 log: App [weather-app:2] exited with code [1] via signal [SIGINT]
2024-12-19T23:16:23: PM2 log: App [weather-app:2] starting in -fork mode-
2024-12-19T23:16:23: PM2 log: App [weather-app:2] online
2024-12-19T23:16:24: PM2 log: App [project-backend:0] exited with code [1] via signal [SIGINT]
2024-12-19T23:16:24: PM2 log: Script /var/www/deda_weather_app/server.js had too many unstable restarts (16). Stopped. "errored"
2024-12-19T23:16:24: PM2 log: App [weather-app:2] exited with code [1] via signal [SIGINT]
2024-12-19T23:16:24: PM2 log: App [weather-app:2] starting in -fork mode-
2024-12-19T23:16:24: PM2 log: App [weather-app:2] online
2024-12-19T23:16:24: PM2 log: App [weather-app:2] exited with code [1] via signal [SIGINT]
2024-12-19T23:16:24: PM2 log: App [weather-app:2] starting in -fork mode-
2024-12-19T23:16:24: PM2 log: App [weather-app:2] online
2024-12-19T23:16:25: PM2 log: App [weather-app:2] exited with code [1] via signal [SIGINT]
2024-12-19T23:16:25: PM2 log: Script /root/deda_weather_app/weather_app_be/server.js had too many unstable restarts (16). Stopped. "errored"
2024-12-19T23:22:31: PM2 log: App [weather-app:2] starting in -fork mode-
2024-12-19T23:22:31: PM2 log: App [weather-app:2] online
2024-12-19T23:22:32: PM2 log: App [weather-app:2] exited with code [1] via signal [SIGINT]
2024-12-19T23:22:32: PM2 log: App [weather-app:2] starting in -fork mode-
2024-12-19T23:22:32: PM2 log: App [weather-app:2] online
2024-12-19T23:22:32: PM2 log: App [weather-app:2] exited with code [1] via signal [SIGINT]
2024-12-19T23:22:32: PM2 log: App [weather-app:2] starting in -fork mode-
2024-12-19T23:22:32: PM2 log: App [weather-app:2] online
2024-12-19T23:22:32: PM2 log: App [weather-app:2] exited with code [1] via signal [SIGINT]
2024-12-19T23:22:32: PM2 log: App [weather-app:2] starting in -fork mode-
2024-12-19T23:22:32: PM2 log: App [weather-app:2] online
2024-12-19T23:22:33: PM2 log: App [weather-app:2] exited with code [1] via signal [SIGINT]
2024-12-19T23:22:33: PM2 log: App [weather-app:2] starting in -fork mode-
2024-12-19T23:22:33: PM2 log: App [weather-app:2] online
2024-12-19T23:22:33: PM2 log: App [weather-app:2] exited with code [1] via signal [SIGINT]
2024-12-19T23:22:33: PM2 log: App [weather-app:2] starting in -fork mode-
2024-12-19T23:22:33: PM2 log: App [weather-app:2] online
2024-12-19T23:22:33: PM2 log: App [weather-app:2] exited with code [1] via signal [SIGINT]
2024-12-19T23:22:33: PM2 log: App [weather-app:2] starting in -fork mode-
2024-12-19T23:22:33: PM2 log: App [weather-app:2] online
2024-12-19T23:22:34: PM2 log: App [weather-app:2] exited with code [1] via signal [SIGINT]
2024-12-19T23:22:34: PM2 log: App [weather-app:2] starting in -fork mode-
2024-12-19T23:22:34: PM2 log: App [weather-app:2] online
2024-12-19T23:22:34: PM2 log: App [weather-app:2] exited with code [1] via signal [SIGINT]
2024-12-19T23:22:34: PM2 log: App [weather-app:2] starting in -fork mode-
2024-12-19T23:22:34: PM2 log: App [weather-app:2] online
2024-12-19T23:22:35: PM2 log: App [weather-app:2] exited with code [1] via signal [SIGINT]
2024-12-19T23:22:35: PM2 log: App [weather-app:2] starting in -fork mode-
2024-12-19T23:22:35: PM2 log: App [weather-app:2] online
2024-12-19T23:22:35: PM2 log: App [weather-app:2] exited with code [1] via signal [SIGINT]
2024-12-19T23:22:35: PM2 log: App [weather-app:2] starting in -fork mode-
2024-12-19T23:22:35: PM2 log: App [weather-app:2] online
2024-12-19T23:22:35: PM2 log: App [weather-app:2] exited with code [1] via signal [SIGINT]
2024-12-19T23:22:35: PM2 log: App [weather-app:2] starting in -fork mode-
2024-12-19T23:22:35: PM2 log: App [weather-app:2] online
2024-12-19T23:22:36: PM2 log: App [weather-app:2] exited with code [1] via signal [SIGINT]
2024-12-19T23:22:36: PM2 log: App [weather-app:2] starting in -fork mode-
2024-12-19T23:22:36: PM2 log: App [weather-app:2] online
2024-12-19T23:22:36: PM2 log: App [weather-app:2] exited with code [1] via signal [SIGINT]
2024-12-19T23:22:36: PM2 log: App [weather-app:2] starting in -fork mode-
2024-12-19T23:22:36: PM2 log: App [weather-app:2] online
2024-12-19T23:22:37: PM2 log: App [weather-app:2] exited with code [1] via signal [SIGINT]
2024-12-19T23:22:37: PM2 log: App [weather-app:2] starting in -fork mode-
2024-12-19T23:22:37: PM2 log: App [weather-app:2] online
2024-12-19T23:22:37: PM2 log: App [weather-app:2] exited with code [1] via signal [SIGINT]
2024-12-19T23:22:37: PM2 log: App [weather-app:2] starting in -fork mode-
2024-12-19T23:22:37: PM2 log: App [weather-app:2] online
2024-12-19T23:22:37: PM2 log: App [weather-app:2] exited with code [1] via signal [SIGINT]
2024-12-19T23:22:37: PM2 log: Script /root/deda_weather_app/weather_app_be/server.js had too many unstable restarts (16). Stopped. "errored"
2024-12-19T23:22:55: PM2 log: App [project-backend:0] starting in -fork mode-
2024-12-19T23:22:55: PM2 log: App [project-backend:0] online
2024-12-19T23:22:55: PM2 log: Stopping app:project-backend id:1
2024-12-19T23:22:55: PM2 log: App [weather-app:2] starting in -fork mode-
2024-12-19T23:22:55: PM2 log: App [weather-app:2] online
2024-12-19T23:22:55: PM2 log: App [project-backend:1] exited with code [0] via signal [SIGINT]
2024-12-19T23:22:55: PM2 log: pid=18346 msg=process killed
2024-12-19T23:22:55: PM2 log: App [project-backend:1] starting in -fork mode-
2024-12-19T23:22:55: PM2 log: App [project-backend:1] online
2024-12-19T23:22:56: PM2 log: App [project-backend:0] exited with code [1] via signal [SIGINT]
2024-12-19T23:22:56: PM2 log: App [project-backend:0] starting in -fork mode-
2024-12-19T23:22:56: PM2 log: App [project-backend:0] online
2024-12-19T23:22:56: PM2 log: App [weather-app:2] exited with code [1] via signal [SIGINT]
2024-12-19T23:22:56: PM2 log: App [weather-app:2] starting in -fork mode-
2024-12-19T23:22:56: PM2 log: App [weather-app:2] online
2024-12-19T23:22:57: PM2 log: App [project-backend:0] exited with code [1] via signal [SIGINT]
2024-12-19T23:22:57: PM2 log: App [project-backend:0] starting in -fork mode-
2024-12-19T23:22:57: PM2 log: App [project-backend:0] online
2024-12-19T23:22:57: PM2 log: App [weather-app:2] exited with code [1] via signal [SIGINT]
2024-12-19T23:22:57: PM2 log: App [weather-app:2] starting in -fork mode-
2024-12-19T23:22:57: PM2 log: App [weather-app:2] online
2024-12-19T23:22:58: PM2 log: App [project-backend:0] exited with code [1] via signal [SIGINT]
2024-12-19T23:22:58: PM2 log: App [project-backend:0] starting in -fork mode-
2024-12-19T23:22:58: PM2 log: App [project-backend:0] online
2024-12-19T23:22:58: PM2 log: App [weather-app:2] exited with code [1] via signal [SIGINT]
2024-12-19T23:22:58: PM2 log: App [weather-app:2] starting in -fork mode-
2024-12-19T23:22:58: PM2 log: App [weather-app:2] online
2024-12-19T23:22:58: PM2 log: App [project-backend:0] exited with code [1] via signal [SIGINT]
2024-12-19T23:22:58: PM2 log: App [project-backend:0] starting in -fork mode-
2024-12-19T23:22:58: PM2 log: App [project-backend:0] online
2024-12-19T23:22:59: PM2 log: App [weather-app:2] exited with code [1] via signal [SIGINT]
2024-12-19T23:22:59: PM2 log: App [weather-app:2] starting in -fork mode-
2024-12-19T23:22:59: PM2 log: App [weather-app:2] online
2024-12-19T23:22:59: PM2 log: App [project-backend:0] exited with code [1] via signal [SIGINT]
2024-12-19T23:22:59: PM2 log: App [project-backend:0] starting in -fork mode-
2024-12-19T23:22:59: PM2 log: App [project-backend:0] online
2024-12-19T23:23:00: PM2 log: App [weather-app:2] exited with code [1] via signal [SIGINT]
2024-12-19T23:23:00: PM2 log: App [weather-app:2] starting in -fork mode-
2024-12-19T23:23:00: PM2 log: App [weather-app:2] online
2024-12-19T23:23:00: PM2 log: App [project-backend:0] exited with code [1] via signal [SIGINT]
2024-12-19T23:23:00: PM2 log: App [project-backend:0] starting in -fork mode-
2024-12-19T23:23:00: PM2 log: App [project-backend:0] online
2024-12-19T23:23:01: PM2 log: App [project-backend:0] exited with code [1] via signal [SIGINT]
2024-12-19T23:23:01: PM2 log: App [project-backend:0] starting in -fork mode-
2024-12-19T23:23:01: PM2 log: App [project-backend:0] online
2024-12-19T23:23:01: PM2 log: App [weather-app:2] exited with code [1] via signal [SIGINT]
2024-12-19T23:23:01: PM2 log: App [weather-app:2] starting in -fork mode-
2024-12-19T23:23:01: PM2 log: App [weather-app:2] online
2024-12-19T23:23:01: PM2 log: App [project-backend:0] exited with code [1] via signal [SIGINT]
2024-12-19T23:23:01: PM2 log: App [project-backend:0] starting in -fork mode-
2024-12-19T23:23:01: PM2 log: App [project-backend:0] online
2024-12-19T23:23:01: PM2 log: App [weather-app:2] exited with code [1] via signal [SIGINT]
2024-12-19T23:23:01: PM2 log: App [weather-app:2] starting in -fork mode-
2024-12-19T23:23:01: PM2 log: App [weather-app:2] online
2024-12-19T23:23:02: PM2 log: App [project-backend:0] exited with code [1] via signal [SIGINT]
2024-12-19T23:23:02: PM2 log: App [project-backend:0] starting in -fork mode-
2024-12-19T23:23:02: PM2 log: App [project-backend:0] online
2024-12-19T23:23:02: PM2 log: App [weather-app:2] exited with code [1] via signal [SIGINT]
2024-12-19T23:23:02: PM2 log: App [weather-app:2] starting in -fork mode-
2024-12-19T23:23:02: PM2 log: App [weather-app:2] online
2024-12-19T23:23:03: PM2 log: App [project-backend:0] exited with code [1] via signal [SIGINT]
2024-12-19T23:23:03: PM2 log: App [project-backend:0] starting in -fork mode-
2024-12-19T23:23:03: PM2 log: App [project-backend:0] online
2024-12-19T23:23:03: PM2 log: App [weather-app:2] exited with code [1] via signal [SIGINT]
2024-12-19T23:23:03: PM2 log: App [weather-app:2] starting in -fork mode-
2024-12-19T23:23:03: PM2 log: App [weather-app:2] online
2024-12-19T23:23:03: PM2 log: App [project-backend:0] exited with code [1] via signal [SIGINT]
2024-12-19T23:23:03: PM2 log: App [project-backend:0] starting in -fork mode-
2024-12-19T23:23:03: PM2 log: App [project-backend:0] online
2024-12-19T23:23:04: PM2 log: App [weather-app:2] exited with code [1] via signal [SIGINT]
2024-12-19T23:23:04: PM2 log: App [weather-app:2] starting in -fork mode-
2024-12-19T23:23:04: PM2 log: App [weather-app:2] online
2024-12-19T23:23:04: PM2 log: App [project-backend:0] exited with code [1] via signal [SIGINT]
2024-12-19T23:23:04: PM2 log: App [project-backend:0] starting in -fork mode-
2024-12-19T23:23:04: PM2 log: App [project-backend:0] online
2024-12-19T23:23:05: PM2 log: App [project-backend:0] exited with code [1] via signal [SIGINT]
2024-12-19T23:23:05: PM2 log: App [project-backend:0] starting in -fork mode-
2024-12-19T23:23:05: PM2 log: App [project-backend:0] online
2024-12-19T23:23:05: PM2 log: App [weather-app:2] exited with code [1] via signal [SIGINT]
2024-12-19T23:23:05: PM2 log: App [weather-app:2] starting in -fork mode-
2024-12-19T23:23:05: PM2 log: App [weather-app:2] online
2024-12-19T23:23:05: PM2 log: App [project-backend:0] exited with code [1] via signal [SIGINT]
2024-12-19T23:23:05: PM2 log: App [project-backend:0] starting in -fork mode-
2024-12-19T23:23:05: PM2 log: App [project-backend:0] online
2024-12-19T23:23:06: PM2 log: App [weather-app:2] exited with code [1] via signal [SIGINT]
2024-12-19T23:23:06: PM2 log: App [weather-app:2] starting in -fork mode-
2024-12-19T23:23:06: PM2 log: App [weather-app:2] online
2024-12-19T23:23:06: PM2 log: App [project-backend:0] exited with code [1] via signal [SIGINT]
2024-12-19T23:23:06: PM2 log: App [project-backend:0] starting in -fork mode-
2024-12-19T23:23:06: PM2 log: App [project-backend:0] online
2024-12-19T23:23:06: PM2 log: App [weather-app:2] exited with code [1] via signal [SIGINT]
2024-12-19T23:23:06: PM2 log: App [weather-app:2] starting in -fork mode-
2024-12-19T23:23:06: PM2 log: App [weather-app:2] online
2024-12-19T23:23:07: PM2 log: App [project-backend:0] exited with code [1] via signal [SIGINT]
2024-12-19T23:23:07: PM2 log: App [project-backend:0] starting in -fork mode-
2024-12-19T23:23:07: PM2 log: App [project-backend:0] online
2024-12-19T23:23:07: PM2 log: App [weather-app:2] exited with code [1] via signal [SIGINT]
2024-12-19T23:23:07: PM2 log: App [weather-app:2] starting in -fork mode-
2024-12-19T23:23:07: PM2 log: App [weather-app:2] online
2024-12-19T23:23:07: PM2 log: App [project-backend:0] exited with code [1] via signal [SIGINT]
2024-12-19T23:23:07: PM2 log: Script /var/www/deda_weather_app/server.js had too many unstable restarts (16). Stopped. "errored"
2024-12-19T23:23:08: PM2 log: App [weather-app:2] exited with code [1] via signal [SIGINT]
2024-12-19T23:23:08: PM2 log: App [weather-app:2] starting in -fork mode-
2024-12-19T23:23:08: PM2 log: App [weather-app:2] online
2024-12-19T23:23:08: PM2 log: App [weather-app:2] exited with code [1] via signal [SIGINT]
2024-12-19T23:23:08: PM2 log: App [weather-app:2] starting in -fork mode-
2024-12-19T23:23:08: PM2 log: App [weather-app:2] online
2024-12-19T23:23:09: PM2 log: App [weather-app:2] exited with code [1] via signal [SIGINT]
2024-12-19T23:23:09: PM2 log: Script /root/deda_weather_app/weather_app_be/server.js had too many unstable restarts (16). Stopped. "errored"
2024-12-19T23:25:56: PM2 log: App [project-backend:0] starting in -fork mode-
2024-12-19T23:25:56: PM2 log: App [project-backend:0] online
2024-12-19T23:25:56: PM2 log: Stopping app:project-backend id:1
2024-12-19T23:25:56: PM2 log: App [weather-app:2] starting in -fork mode-
2024-12-19T23:25:56: PM2 log: App [weather-app:2] online
2024-12-19T23:25:56: PM2 log: App [project-backend:1] exited with code [0] via signal [SIGINT]
2024-12-19T23:25:56: PM2 log: pid=19338 msg=process killed
2024-12-19T23:25:56: PM2 log: App [project-backend:1] starting in -fork mode-
2024-12-19T23:25:56: PM2 log: App [project-backend:1] online
2024-12-19T23:25:57: PM2 log: App [project-backend:0] exited with code [1] via signal [SIGINT]
2024-12-19T23:25:57: PM2 log: App [project-backend:0] starting in -fork mode-
2024-12-19T23:25:57: PM2 log: App [project-backend:0] online
2024-12-19T23:25:57: PM2 log: App [weather-app:2] exited with code [1] via signal [SIGINT]
2024-12-19T23:25:57: PM2 log: App [weather-app:2] starting in -fork mode-
2024-12-19T23:25:57: PM2 log: App [weather-app:2] online
2024-12-19T23:25:58: PM2 log: App [project-backend:0] exited with code [1] via signal [SIGINT]
2024-12-19T23:25:58: PM2 log: App [project-backend:0] starting in -fork mode-
2024-12-19T23:25:58: PM2 log: App [project-backend:0] online
2024-12-19T23:25:58: PM2 log: App [weather-app:2] exited with code [1] via signal [SIGINT]
2024-12-19T23:25:58: PM2 log: App [weather-app:2] starting in -fork mode-
2024-12-19T23:25:58: PM2 log: App [weather-app:2] online
2024-12-19T23:25:59: PM2 log: App [project-backend:0] exited with code [1] via signal [SIGINT]
2024-12-19T23:25:59: PM2 log: App [project-backend:0] starting in -fork mode-
2024-12-19T23:25:59: PM2 log: App [project-backend:0] online
2024-12-19T23:25:59: PM2 log: App [weather-app:2] exited with code [1] via signal [SIGINT]
2024-12-19T23:25:59: PM2 log: App [weather-app:2] starting in -fork mode-
2024-12-19T23:25:59: PM2 log: App [weather-app:2] online
2024-12-19T23:25:59: PM2 log: App [project-backend:0] exited with code [1] via signal [SIGINT]
2024-12-19T23:25:59: PM2 log: App [project-backend:0] starting in -fork mode-
2024-12-19T23:25:59: PM2 log: App [project-backend:0] online
2024-12-19T23:26:00: PM2 log: App [weather-app:2] exited with code [1] via signal [SIGINT]
2024-12-19T23:26:00: PM2 log: App [weather-app:2] starting in -fork mode-
2024-12-19T23:26:00: PM2 log: App [weather-app:2] online
2024-12-19T23:26:00: PM2 log: App [project-backend:0] exited with code [1] via signal [SIGINT]
2024-12-19T23:26:00: PM2 log: App [project-backend:0] starting in -fork mode-
2024-12-19T23:26:00: PM2 log: App [project-backend:0] online
2024-12-19T23:26:01: PM2 log: App [weather-app:2] exited with code [1] via signal [SIGINT]
2024-12-19T23:26:01: PM2 log: App [weather-app:2] starting in -fork mode-
2024-12-19T23:26:01: PM2 log: App [weather-app:2] online
2024-12-19T23:26:01: PM2 log: App [project-backend:0] exited with code [1] via signal [SIGINT]
2024-12-19T23:26:01: PM2 log: App [project-backend:0] starting in -fork mode-
2024-12-19T23:26:01: PM2 log: App [project-backend:0] online
2024-12-19T23:26:01: PM2 log: App [project-backend:0] exited with code [1] via signal [SIGINT]
2024-12-19T23:26:01: PM2 log: App [project-backend:0] starting in -fork mode-
2024-12-19T23:26:01: PM2 log: App [project-backend:0] online
2024-12-19T23:26:01: PM2 log: App [weather-app:2] exited with code [1] via signal [SIGINT]
2024-12-19T23:26:01: PM2 log: App [weather-app:2] starting in -fork mode-
2024-12-19T23:26:01: PM2 log: App [weather-app:2] online
2024-12-19T23:26:02: PM2 log: App [project-backend:0] exited with code [1] via signal [SIGINT]
2024-12-19T23:26:02: PM2 log: App [project-backend:0] starting in -fork mode-
2024-12-19T23:26:02: PM2 log: App [project-backend:0] online
2024-12-19T23:26:02: PM2 log: App [weather-app:2] exited with code [1] via signal [SIGINT]
2024-12-19T23:26:02: PM2 log: App [weather-app:2] starting in -fork mode-
2024-12-19T23:26:02: PM2 log: App [weather-app:2] online
2024-12-19T23:26:03: PM2 log: App [project-backend:0] exited with code [1] via signal [SIGINT]
2024-12-19T23:26:03: PM2 log: App [project-backend:0] starting in -fork mode-
2024-12-19T23:26:03: PM2 log: App [project-backend:0] online
2024-12-19T23:26:03: PM2 log: App [weather-app:2] exited with code [1] via signal [SIGINT]
2024-12-19T23:26:03: PM2 log: App [weather-app:2] starting in -fork mode-
2024-12-19T23:26:03: PM2 log: App [weather-app:2] online
2024-12-19T23:26:04: PM2 log: App [project-backend:0] exited with code [1] via signal [SIGINT]
2024-12-19T23:26:04: PM2 log: App [project-backend:0] starting in -fork mode-
2024-12-19T23:26:04: PM2 log: App [project-backend:0] online
2024-12-19T23:26:04: PM2 log: App [weather-app:2] exited with code [1] via signal [SIGINT]
2024-12-19T23:26:04: PM2 log: App [weather-app:2] starting in -fork mode-
2024-12-19T23:26:04: PM2 log: App [weather-app:2] online
2024-12-19T23:26:04: PM2 log: App [project-backend:0] exited with code [1] via signal [SIGINT]
2024-12-19T23:26:04: PM2 log: App [project-backend:0] starting in -fork mode-
2024-12-19T23:26:04: PM2 log: App [project-backend:0] online
2024-12-19T23:26:05: PM2 log: App [weather-app:2] exited with code [1] via signal [SIGINT]
2024-12-19T23:26:05: PM2 log: App [weather-app:2] starting in -fork mode-
2024-12-19T23:26:05: PM2 log: App [weather-app:2] online
2024-12-19T23:26:05: PM2 log: App [project-backend:0] exited with code [1] via signal [SIGINT]
2024-12-19T23:26:05: PM2 log: App [project-backend:0] starting in -fork mode-
2024-12-19T23:26:05: PM2 log: App [project-backend:0] online
2024-12-19T23:26:06: PM2 log: App [weather-app:2] exited with code [1] via signal [SIGINT]
2024-12-19T23:26:06: PM2 log: App [weather-app:2] starting in -fork mode-
2024-12-19T23:26:06: PM2 log: App [weather-app:2] online
2024-12-19T23:26:06: PM2 log: App [project-backend:0] exited with code [1] via signal [SIGINT]
2024-12-19T23:26:06: PM2 log: App [project-backend:0] starting in -fork mode-
2024-12-19T23:26:06: PM2 log: App [project-backend:0] online
2024-12-19T23:26:06: PM2 log: App [project-backend:0] exited with code [1] via signal [SIGINT]
2024-12-19T23:26:06: PM2 log: App [project-backend:0] starting in -fork mode-
2024-12-19T23:26:06: PM2 log: App [project-backend:0] online
2024-12-19T23:26:06: PM2 log: App [weather-app:2] exited with code [1] via signal [SIGINT]
2024-12-19T23:26:06: PM2 log: App [weather-app:2] starting in -fork mode-
2024-12-19T23:26:06: PM2 log: App [weather-app:2] online
2024-12-19T23:26:07: PM2 log: App [project-backend:0] exited with code [1] via signal [SIGINT]
2024-12-19T23:26:07: PM2 log: App [project-backend:0] starting in -fork mode-
2024-12-19T23:26:07: PM2 log: App [project-backend:0] online
2024-12-19T23:26:07: PM2 log: App [weather-app:2] exited with code [1] via signal [SIGINT]
2024-12-19T23:26:07: PM2 log: App [weather-app:2] starting in -fork mode-
2024-12-19T23:26:07: PM2 log: App [weather-app:2] online
2024-12-19T23:26:08: PM2 log: App [project-backend:0] exited with code [1] via signal [SIGINT]
2024-12-19T23:26:08: PM2 log: App [project-backend:0] starting in -fork mode-
2024-12-19T23:26:08: PM2 log: App [project-backend:0] online
2024-12-19T23:26:08: PM2 log: App [weather-app:2] exited with code [1] via signal [SIGINT]
2024-12-19T23:26:08: PM2 log: App [weather-app:2] starting in -fork mode-
2024-12-19T23:26:08: PM2 log: App [weather-app:2] online
2024-12-19T23:26:08: PM2 log: App [project-backend:0] exited with code [1] via signal [SIGINT]
2024-12-19T23:26:08: PM2 log: Script /var/www/deda_weather_app/server.js had too many unstable restarts (16). Stopped. "errored"
2024-12-19T23:26:09: PM2 log: App [weather-app:2] exited with code [1] via signal [SIGINT]
2024-12-19T23:26:09: PM2 log: App [weather-app:2] starting in -fork mode-
2024-12-19T23:26:09: PM2 log: App [weather-app:2] online
2024-12-19T23:26:09: PM2 log: App [weather-app:2] exited with code [1] via signal [SIGINT]
2024-12-19T23:26:09: PM2 log: App [weather-app:2] starting in -fork mode-
2024-12-19T23:26:09: PM2 log: App [weather-app:2] online
2024-12-19T23:26:09: PM2 log: App [weather-app:2] exited with code [1] via signal [SIGINT]
2024-12-19T23:26:09: PM2 log: Script /root/deda_weather_app/weather_app_be/server.js had too many unstable restarts (16). Stopped. "errored"
