0 verbose cli /root/.nvm/versions/node/v22.12.0/bin/node /root/.nvm/versions/node/v22.12.0/bin/npm
1 info using npm@10.9.0
2 info using node@v22.12.0
3 silly config load:file:/root/.nvm/versions/node/v22.12.0/lib/node_modules/npm/npmrc
4 silly config load:file:/root/deda_weather_app/weather_app_fe/.npmrc
5 silly config load:file:/root/.npmrc
6 silly config load:file:/root/.nvm/versions/node/v22.12.0/etc/npmrc
7 verbose title npm install
8 verbose argv "install"
9 verbose logfile logs-max:10 dir:/root/.npm/_logs/2024-12-19T21_42_17_476Z-
10 verbose logfile /root/.npm/_logs/2024-12-19T21_42_17_476Z-debug-0.log
11 silly logfile start cleaning logs, removing 1 files
12 silly logfile done cleaning log files
13 silly packumentCache heap:2103181312 maxSize:525795328 maxEntrySize:262897664
14 silly idealTree buildDeps
15 silly reify moves {}
16 silly audit bulk request {
16 silly audit   '@ampproject/remapping': [ '2.3.0' ],
16 silly audit   '@babel/code-frame': [ '7.26.2' ],
16 silly audit   '@babel/compat-data': [ '7.26.3' ],
16 silly audit   '@babel/core': [ '7.26.0' ],
16 silly audit   '@babel/generator': [ '7.26.3' ],
16 silly audit   '@babel/helper-compilation-targets': [ '7.25.9' ],
16 silly audit   '@babel/helper-module-imports': [ '7.25.9' ],
16 silly audit   '@babel/helper-module-transforms': [ '7.26.0' ],
16 silly audit   '@babel/helper-plugin-utils': [ '7.25.9' ],
16 silly audit   '@babel/helper-string-parser': [ '7.25.9' ],
16 silly audit   '@babel/helper-validator-identifier': [ '7.25.9' ],
16 silly audit   '@babel/helper-validator-option': [ '7.25.9' ],
16 silly audit   '@babel/helpers': [ '7.26.0' ],
16 silly audit   '@babel/parser': [ '7.26.3' ],
16 silly audit   '@babel/plugin-transform-react-jsx-self': [ '7.25.9' ],
16 silly audit   '@babel/plugin-transform-react-jsx-source': [ '7.25.9' ],
16 silly audit   '@babel/template': [ '7.25.9' ],
16 silly audit   '@babel/traverse': [ '7.26.4' ],
16 silly audit   globals: [ '11.12.0', '14.0.0', '15.13.0' ],
16 silly audit   '@babel/types': [ '7.26.3' ],
16 silly audit   '@esbuild/aix-ppc64': [ '0.24.0' ],
16 silly audit   '@esbuild/android-arm': [ '0.24.0' ],
16 silly audit   '@esbuild/android-arm64': [ '0.24.0' ],
16 silly audit   '@esbuild/android-x64': [ '0.24.0' ],
16 silly audit   '@esbuild/darwin-arm64': [ '0.24.0' ],
16 silly audit   '@esbuild/darwin-x64': [ '0.24.0' ],
16 silly audit   '@esbuild/freebsd-arm64': [ '0.24.0' ],
16 silly audit   '@esbuild/freebsd-x64': [ '0.24.0' ],
16 silly audit   '@esbuild/linux-arm': [ '0.24.0' ],
16 silly audit   '@esbuild/linux-arm64': [ '0.24.0' ],
16 silly audit   '@esbuild/linux-ia32': [ '0.24.0' ],
16 silly audit   '@esbuild/linux-loong64': [ '0.24.0' ],
16 silly audit   '@esbuild/linux-mips64el': [ '0.24.0' ],
16 silly audit   '@esbuild/linux-ppc64': [ '0.24.0' ],
16 silly audit   '@esbuild/linux-riscv64': [ '0.24.0' ],
16 silly audit   '@esbuild/linux-s390x': [ '0.24.0' ],
16 silly audit   '@esbuild/linux-x64': [ '0.24.0' ],
16 silly audit   '@esbuild/netbsd-x64': [ '0.24.0' ],
16 silly audit   '@esbuild/openbsd-arm64': [ '0.24.0' ],
16 silly audit   '@esbuild/openbsd-x64': [ '0.24.0' ],
16 silly audit   '@esbuild/sunos-x64': [ '0.24.0' ],
16 silly audit   '@esbuild/win32-arm64': [ '0.24.0' ],
16 silly audit   '@esbuild/win32-ia32': [ '0.24.0' ],
16 silly audit   '@esbuild/win32-x64': [ '0.24.0' ],
16 silly audit   '@eslint-community/eslint-utils': [ '4.4.1' ],
16 silly audit   'eslint-visitor-keys': [ '3.4.3', '4.2.0' ],
16 silly audit   '@eslint-community/regexpp': [ '4.12.1' ],
16 silly audit   '@eslint/config-array': [ '0.19.1' ],
16 silly audit   '@eslint/core': [ '0.9.1' ],
16 silly audit   '@eslint/eslintrc': [ '3.2.0' ],
16 silly audit   '@eslint/js': [ '9.17.0' ],
16 silly audit   '@eslint/object-schema': [ '2.1.5' ],
16 silly audit   '@eslint/plugin-kit': [ '0.2.4' ],
16 silly audit   '@humanfs/core': [ '0.19.1' ],
16 silly audit   '@humanfs/node': [ '0.16.6' ],
16 silly audit   '@humanwhocodes/retry': [ '0.3.1', '0.4.1' ],
16 silly audit   '@humanwhocodes/module-importer': [ '1.0.1' ],
16 silly audit   '@jridgewell/gen-mapping': [ '0.3.8' ],
16 silly audit   '@jridgewell/resolve-uri': [ '3.1.2' ],
16 silly audit   '@jridgewell/set-array': [ '1.2.1' ],
16 silly audit   '@jridgewell/sourcemap-codec': [ '1.5.0' ],
16 silly audit   '@jridgewell/trace-mapping': [ '0.3.25' ],
16 silly audit   '@rollup/rollup-android-arm-eabi': [ '4.28.1' ],
16 silly audit   '@rollup/rollup-android-arm64': [ '4.28.1' ],
16 silly audit   '@rollup/rollup-darwin-arm64': [ '4.28.1' ],
16 silly audit   '@rollup/rollup-darwin-x64': [ '4.28.1' ],
16 silly audit   '@rollup/rollup-freebsd-arm64': [ '4.28.1' ],
16 silly audit   '@rollup/rollup-freebsd-x64': [ '4.28.1' ],
16 silly audit   '@rollup/rollup-linux-arm-gnueabihf': [ '4.28.1' ],
16 silly audit   '@rollup/rollup-linux-arm-musleabihf': [ '4.28.1' ],
16 silly audit   '@rollup/rollup-linux-arm64-gnu': [ '4.28.1' ],
16 silly audit   '@rollup/rollup-linux-arm64-musl': [ '4.28.1' ],
16 silly audit   '@rollup/rollup-linux-loongarch64-gnu': [ '4.28.1' ],
16 silly audit   '@rollup/rollup-linux-powerpc64le-gnu': [ '4.28.1' ],
16 silly audit   '@rollup/rollup-linux-riscv64-gnu': [ '4.28.1' ],
16 silly audit   '@rollup/rollup-linux-s390x-gnu': [ '4.28.1' ],
16 silly audit   '@rollup/rollup-linux-x64-gnu': [ '4.28.1' ],
16 silly audit   '@rollup/rollup-linux-x64-musl': [ '4.28.1' ],
16 silly audit   '@rollup/rollup-win32-arm64-msvc': [ '4.28.1' ],
16 silly audit   '@rollup/rollup-win32-ia32-msvc': [ '4.28.1' ],
16 silly audit   '@rollup/rollup-win32-x64-msvc': [ '4.28.1' ],
16 silly audit   '@types/babel__core': [ '7.20.5' ],
16 silly audit   '@types/babel__generator': [ '7.6.8' ],
16 silly audit   '@types/babel__template': [ '7.4.4' ],
16 silly audit   '@types/babel__traverse': [ '7.20.6' ],
16 silly audit   '@types/estree': [ '1.0.6' ],
16 silly audit   '@types/json-schema': [ '7.0.15' ],
16 silly audit   '@types/prop-types': [ '15.7.14' ],
16 silly audit   '@types/react': [ '18.3.16' ],
16 silly audit   '@types/react-dom': [ '18.3.5' ],
16 silly audit   '@vitejs/plugin-react': [ '4.3.4' ],
16 silly audit   acorn: [ '8.14.0' ],
16 silly audit   'acorn-jsx': [ '5.3.2' ],
16 silly audit   ajv: [ '6.12.6' ],
16 silly audit   'ansi-styles': [ '4.3.0' ],
16 silly audit   argparse: [ '2.0.1' ],
16 silly audit   'array-buffer-byte-length': [ '1.0.1' ],
16 silly audit   'array-includes': [ '3.1.8' ],
16 silly audit   'array.prototype.findlast': [ '1.2.5' ],
16 silly audit   'array.prototype.flat': [ '1.3.2' ],
16 silly audit   'array.prototype.flatmap': [ '1.3.2' ],
16 silly audit   'array.prototype.tosorted': [ '1.1.4' ],
16 silly audit   'arraybuffer.prototype.slice': [ '1.0.3' ],
16 silly audit   asynckit: [ '0.4.0' ],
16 silly audit   'available-typed-arrays': [ '1.0.7' ],
16 silly audit   axios: [ '1.7.9' ],
16 silly audit   'balanced-match': [ '1.0.2' ],
16 silly audit   'brace-expansion': [ '1.1.11' ],
16 silly audit   browserslist: [ '4.24.3' ],
16 silly audit   'call-bind': [ '1.0.8' ],
16 silly audit   'call-bind-apply-helpers': [ '1.0.1' ],
16 silly audit   'call-bound': [ '1.0.2' ],
16 silly audit   callsites: [ '3.1.0' ],
16 silly audit   'caniuse-lite': [ '1.0.30001688' ],
16 silly audit   chalk: [ '4.1.2' ],
16 silly audit   'color-convert': [ '2.0.1' ],
16 silly audit   'color-name': [ '1.1.4' ],
16 silly audit   'combined-stream': [ '1.0.8' ],
16 silly audit   'concat-map': [ '0.0.1' ],
16 silly audit   'convert-source-map': [ '2.0.0' ],
16 silly audit   'cross-spawn': [ '7.0.6' ],
16 silly audit   csstype: [ '3.1.3' ],
16 silly audit   'data-view-buffer': [ '1.0.1' ],
16 silly audit   'data-view-byte-length': [ '1.0.1' ],
16 silly audit   'data-view-byte-offset': [ '1.0.0' ],
16 silly audit   debug: [ '4.4.0' ],
16 silly audit   'deep-is': [ '0.1.4' ],
16 silly audit   'define-data-property': [ '1.1.4' ],
16 silly audit   'define-properties': [ '1.2.1' ],
16 silly audit   'delayed-stream': [ '1.0.0' ],
16 silly audit   doctrine: [ '2.1.0' ],
16 silly audit   'dunder-proto': [ '1.0.0' ],
16 silly audit   'electron-to-chromium': [ '1.5.73' ],
16 silly audit   'es-abstract': [ '1.23.5' ],
16 silly audit   'es-define-property': [ '1.0.1' ],
16 silly audit   'es-errors': [ '1.3.0' ],
16 silly audit   'es-iterator-helpers': [ '1.2.0' ],
16 silly audit   'es-object-atoms': [ '1.0.0' ],
16 silly audit   'es-set-tostringtag': [ '2.0.3' ],
16 silly audit   'es-shim-unscopables': [ '1.0.2' ],
16 silly audit   'es-to-primitive': [ '1.3.0' ],
16 silly audit   esbuild: [ '0.24.0' ],
16 silly audit   escalade: [ '3.2.0' ],
16 silly audit   'escape-string-regexp': [ '4.0.0' ],
16 silly audit   eslint: [ '9.17.0' ],
16 silly audit   'eslint-plugin-react': [ '7.37.2' ],
16 silly audit   'eslint-plugin-react-hooks': [ '5.1.0' ],
16 silly audit   'eslint-plugin-react-refresh': [ '0.4.16' ],
16 silly audit   'eslint-scope': [ '8.2.0' ],
16 silly audit   espree: [ '10.3.0' ],
16 silly audit   esquery: [ '1.6.0' ],
16 silly audit   esrecurse: [ '4.3.0' ],
16 silly audit   estraverse: [ '5.3.0' ],
16 silly audit   esutils: [ '2.0.3' ],
16 silly audit   'fast-deep-equal': [ '3.1.3' ],
16 silly audit   'fast-json-stable-stringify': [ '2.1.0' ],
16 silly audit   'fast-levenshtein': [ '2.0.6' ],
16 silly audit   'file-entry-cache': [ '8.0.0' ],
16 silly audit   'find-up': [ '5.0.0' ],
16 silly audit   'flat-cache': [ '4.0.1' ],
16 silly audit   flatted: [ '3.3.2' ],
16 silly audit   'follow-redirects': [ '1.15.9' ],
16 silly audit   'for-each': [ '0.3.3' ],
16 silly audit   'form-data': [ '4.0.1' ],
16 silly audit   fsevents: [ '2.3.3' ],
16 silly audit   'function-bind': [ '1.1.2' ],
16 silly audit   'function.prototype.name': [ '1.1.7' ],
16 silly audit   'functions-have-names': [ '1.2.3' ],
16 silly audit   gensync: [ '1.0.0-beta.2' ],
16 silly audit   'get-intrinsic': [ '1.2.6' ],
16 silly audit   'get-symbol-description': [ '1.0.2' ],
16 silly audit   'glob-parent': [ '6.0.2' ],
16 silly audit   globalthis: [ '1.0.4' ],
16 silly audit   gopd: [ '1.2.0' ],
16 silly audit   'has-bigints': [ '1.0.2' ],
16 silly audit   'has-flag': [ '4.0.0' ],
16 silly audit   'has-property-descriptors': [ '1.0.2' ],
16 silly audit   'has-proto': [ '1.2.0' ],
16 silly audit   'has-symbols': [ '1.1.0' ],
16 silly audit   'has-tostringtag': [ '1.0.2' ],
16 silly audit   hasown: [ '2.0.2' ],
16 silly audit   ignore: [ '5.3.2' ],
16 silly audit   'import-fresh': [ '3.3.0' ],
16 silly audit   imurmurhash: [ '0.1.4' ],
16 silly audit   'internal-slot': [ '1.1.0' ],
16 silly audit   'is-array-buffer': [ '3.0.4' ],
16 silly audit   'is-async-function': [ '2.0.0' ],
16 silly audit   'is-bigint': [ '1.1.0' ],
16 silly audit   'is-boolean-object': [ '1.2.1' ],
16 silly audit   'is-callable': [ '1.2.7' ],
16 silly audit   'is-core-module': [ '2.16.0' ],
16 silly audit   'is-data-view': [ '1.0.2' ],
16 silly audit   'is-date-object': [ '1.1.0' ],
16 silly audit   'is-extglob': [ '2.1.1' ],
16 silly audit   'is-finalizationregistry': [ '1.1.0' ],
16 silly audit   'is-generator-function': [ '1.0.10' ],
16 silly audit   'is-glob': [ '4.0.3' ],
16 silly audit   'is-map': [ '2.0.3' ],
16 silly audit   'is-negative-zero': [ '2.0.3' ],
16 silly audit   'is-number-object': [ '1.1.0' ],
16 silly audit   'is-regex': [ '1.2.1' ],
16 silly audit   'is-set': [ '2.0.3' ],
16 silly audit   'is-shared-array-buffer': [ '1.0.3' ],
16 silly audit   'is-string': [ '1.1.0' ],
16 silly audit   'is-symbol': [ '1.1.1' ],
16 silly audit   'is-typed-array': [ '1.1.13' ],
16 silly audit   'is-weakmap': [ '2.0.2' ],
16 silly audit   'is-weakref': [ '1.1.0' ],
16 silly audit   'is-weakset': [ '2.0.3' ],
16 silly audit   isarray: [ '2.0.5' ],
16 silly audit   isexe: [ '2.0.0' ],
16 silly audit   'iterator.prototype': [ '1.1.4' ],
16 silly audit   'js-tokens': [ '4.0.0' ],
16 silly audit   'js-yaml': [ '4.1.0' ],
16 silly audit   jsesc: [ '3.1.0' ],
16 silly audit   'json-buffer': [ '3.0.1' ],
16 silly audit   'json-schema-traverse': [ '0.4.1' ],
16 silly audit   'json-stable-stringify-without-jsonify': [ '1.0.1' ],
16 silly audit   json5: [ '2.2.3' ],
16 silly audit   'jsx-ast-utils': [ '3.3.5' ],
16 silly audit   keyv: [ '4.5.4' ],
16 silly audit   levn: [ '0.4.1' ],
16 silly audit   'locate-path': [ '6.0.0' ],
16 silly audit   'lodash.merge': [ '4.6.2' ],
16 silly audit   'loose-envify': [ '1.4.0' ],
16 silly audit   'lru-cache': [ '5.1.1' ],
16 silly audit   'math-intrinsics': [ '1.0.0' ],
16 silly audit   'mime-db': [ '1.52.0' ],
16 silly audit   'mime-types': [ '2.1.35' ],
16 silly audit   minimatch: [ '3.1.2' ],
16 silly audit   ms: [ '2.1.3' ],
16 silly audit   nanoid: [ '3.3.8' ],
16 silly audit   'natural-compare': [ '1.4.0' ],
16 silly audit   'node-releases': [ '2.0.19' ],
16 silly audit   'object-assign': [ '4.1.1' ],
16 silly audit   'object-inspect': [ '1.13.3' ],
16 silly audit   'object-keys': [ '1.1.1' ],
16 silly audit   'object.assign': [ '4.1.5' ],
16 silly audit   'object.entries': [ '1.1.8' ],
16 silly audit   'object.fromentries': [ '2.0.8' ],
16 silly audit   'object.values': [ '1.2.0' ],
16 silly audit   optionator: [ '0.9.4' ],
16 silly audit   'p-limit': [ '3.1.0' ],
16 silly audit   'p-locate': [ '5.0.0' ],
16 silly audit   'parent-module': [ '1.0.1' ],
16 silly audit   'path-exists': [ '4.0.0' ],
16 silly audit   'path-key': [ '3.1.1' ],
16 silly audit   'path-parse': [ '1.0.7' ],
16 silly audit   picocolors: [ '1.1.1' ],
16 silly audit   'possible-typed-array-names': [ '1.0.0' ],
16 silly audit   postcss: [ '8.4.49' ],
16 silly audit   'prelude-ls': [ '1.2.1' ],
16 silly audit   'prop-types': [ '15.8.1' ],
16 silly audit   'proxy-from-env': [ '1.1.0' ],
16 silly audit   punycode: [ '2.3.1' ],
16 silly audit   react: [ '18.3.1' ],
16 silly audit   'react-dom': [ '18.3.1' ],
16 silly audit   'react-is': [ '16.13.1' ],
16 silly audit   'react-refresh': [ '0.14.2' ],
16 silly audit   'reflect.getprototypeof': [ '1.0.8' ],
16 silly audit   'regexp.prototype.flags': [ '1.5.3' ],
16 silly audit   resolve: [ '2.0.0-next.5' ],
16 silly audit   'resolve-from': [ '4.0.0' ],
16 silly audit   rollup: [ '4.28.1' ],
16 silly audit   'safe-array-concat': [ '1.1.3' ],
16 silly audit   'safe-regex-test': [ '1.1.0' ],
16 silly audit   scheduler: [ '0.23.2' ],
16 silly audit   semver: [ '6.3.1' ],
16 silly audit   'set-function-length': [ '1.2.2' ],
16 silly audit   'set-function-name': [ '2.0.2' ],
16 silly audit   'shebang-command': [ '2.0.0' ],
16 silly audit   'shebang-regex': [ '3.0.0' ],
16 silly audit   'side-channel': [ '1.1.0' ],
16 silly audit   'side-channel-list': [ '1.0.0' ],
16 silly audit   'side-channel-map': [ '1.0.1' ],
16 silly audit   'side-channel-weakmap': [ '1.0.2' ],
16 silly audit   'source-map-js': [ '1.2.1' ],
16 silly audit   'string.prototype.matchall': [ '4.0.11' ],
16 silly audit   'string.prototype.repeat': [ '1.0.0' ],
16 silly audit   'string.prototype.trim': [ '1.2.10' ],
16 silly audit   'string.prototype.trimend': [ '1.0.9' ],
16 silly audit   'string.prototype.trimstart': [ '1.0.8' ],
16 silly audit   'strip-json-comments': [ '3.1.1' ],
16 silly audit   'supports-color': [ '7.2.0' ],
16 silly audit   'supports-preserve-symlinks-flag': [ '1.0.0' ],
16 silly audit   'type-check': [ '0.4.0' ],
16 silly audit   'typed-array-buffer': [ '1.0.2' ],
16 silly audit   'typed-array-byte-length': [ '1.0.1' ],
16 silly audit   'typed-array-byte-offset': [ '1.0.3' ],
16 silly audit   'typed-array-length': [ '1.0.7' ],
16 silly audit   'unbox-primitive': [ '1.0.2' ],
16 silly audit   'update-browserslist-db': [ '1.1.1' ],
16 silly audit   'uri-js': [ '4.4.1' ],
16 silly audit   vite: [ '6.0.3' ],
16 silly audit   which: [ '2.0.2' ],
16 silly audit   'which-boxed-primitive': [ '1.1.0' ],
16 silly audit   'which-builtin-type': [ '1.2.1' ],
16 silly audit   'which-collection': [ '1.0.2' ],
16 silly audit   'which-typed-array': [ '1.1.16' ],
16 silly audit   'word-wrap': [ '1.2.5' ],
16 silly audit   yallist: [ '3.1.1' ],
16 silly audit   'yocto-queue': [ '0.1.0' ]
16 silly audit }
17 verbose reify failed optional dependency /root/deda_weather_app/weather_app_fe/node_modules/fsevents
18 silly reify mark deleted [ '/root/deda_weather_app/weather_app_fe/node_modules/fsevents' ]
19 verbose reify failed optional dependency /root/deda_weather_app/weather_app_fe/node_modules/@rollup/rollup-win32-x64-msvc
20 silly reify mark deleted [
20 silly reify   '/root/deda_weather_app/weather_app_fe/node_modules/@rollup/rollup-win32-x64-msvc'
20 silly reify ]
21 verbose reify failed optional dependency /root/deda_weather_app/weather_app_fe/node_modules/@rollup/rollup-win32-ia32-msvc
22 silly reify mark deleted [
22 silly reify   '/root/deda_weather_app/weather_app_fe/node_modules/@rollup/rollup-win32-ia32-msvc'
22 silly reify ]
23 verbose reify failed optional dependency /root/deda_weather_app/weather_app_fe/node_modules/@rollup/rollup-win32-arm64-msvc
24 silly reify mark deleted [
24 silly reify   '/root/deda_weather_app/weather_app_fe/node_modules/@rollup/rollup-win32-arm64-msvc'
24 silly reify ]
25 verbose reify failed optional dependency /root/deda_weather_app/weather_app_fe/node_modules/@rollup/rollup-linux-s390x-gnu
26 silly reify mark deleted [
26 silly reify   '/root/deda_weather_app/weather_app_fe/node_modules/@rollup/rollup-linux-s390x-gnu'
26 silly reify ]
27 verbose reify failed optional dependency /root/deda_weather_app/weather_app_fe/node_modules/@rollup/rollup-linux-riscv64-gnu
28 silly reify mark deleted [
28 silly reify   '/root/deda_weather_app/weather_app_fe/node_modules/@rollup/rollup-linux-riscv64-gnu'
28 silly reify ]
29 verbose reify failed optional dependency /root/deda_weather_app/weather_app_fe/node_modules/@rollup/rollup-linux-powerpc64le-gnu
30 silly reify mark deleted [
30 silly reify   '/root/deda_weather_app/weather_app_fe/node_modules/@rollup/rollup-linux-powerpc64le-gnu'
30 silly reify ]
31 verbose reify failed optional dependency /root/deda_weather_app/weather_app_fe/node_modules/@rollup/rollup-linux-loongarch64-gnu
32 silly reify mark deleted [
32 silly reify   '/root/deda_weather_app/weather_app_fe/node_modules/@rollup/rollup-linux-loongarch64-gnu'
32 silly reify ]
33 verbose reify failed optional dependency /root/deda_weather_app/weather_app_fe/node_modules/@rollup/rollup-linux-arm64-musl
34 silly reify mark deleted [
34 silly reify   '/root/deda_weather_app/weather_app_fe/node_modules/@rollup/rollup-linux-arm64-musl'
34 silly reify ]
35 verbose reify failed optional dependency /root/deda_weather_app/weather_app_fe/node_modules/@rollup/rollup-linux-arm64-gnu
36 silly reify mark deleted [
36 silly reify   '/root/deda_weather_app/weather_app_fe/node_modules/@rollup/rollup-linux-arm64-gnu'
36 silly reify ]
37 verbose reify failed optional dependency /root/deda_weather_app/weather_app_fe/node_modules/@rollup/rollup-linux-arm-musleabihf
38 silly reify mark deleted [
38 silly reify   '/root/deda_weather_app/weather_app_fe/node_modules/@rollup/rollup-linux-arm-musleabihf'
38 silly reify ]
39 verbose reify failed optional dependency /root/deda_weather_app/weather_app_fe/node_modules/@rollup/rollup-linux-arm-gnueabihf
40 silly reify mark deleted [
40 silly reify   '/root/deda_weather_app/weather_app_fe/node_modules/@rollup/rollup-linux-arm-gnueabihf'
40 silly reify ]
41 verbose reify failed optional dependency /root/deda_weather_app/weather_app_fe/node_modules/@rollup/rollup-freebsd-x64
42 silly reify mark deleted [
42 silly reify   '/root/deda_weather_app/weather_app_fe/node_modules/@rollup/rollup-freebsd-x64'
42 silly reify ]
43 verbose reify failed optional dependency /root/deda_weather_app/weather_app_fe/node_modules/@rollup/rollup-freebsd-arm64
44 silly reify mark deleted [
44 silly reify   '/root/deda_weather_app/weather_app_fe/node_modules/@rollup/rollup-freebsd-arm64'
44 silly reify ]
45 verbose reify failed optional dependency /root/deda_weather_app/weather_app_fe/node_modules/@rollup/rollup-darwin-x64
46 silly reify mark deleted [
46 silly reify   '/root/deda_weather_app/weather_app_fe/node_modules/@rollup/rollup-darwin-x64'
46 silly reify ]
47 verbose reify failed optional dependency /root/deda_weather_app/weather_app_fe/node_modules/@rollup/rollup-darwin-arm64
48 silly reify mark deleted [
48 silly reify   '/root/deda_weather_app/weather_app_fe/node_modules/@rollup/rollup-darwin-arm64'
48 silly reify ]
49 verbose reify failed optional dependency /root/deda_weather_app/weather_app_fe/node_modules/@rollup/rollup-android-arm64
50 silly reify mark deleted [
50 silly reify   '/root/deda_weather_app/weather_app_fe/node_modules/@rollup/rollup-android-arm64'
50 silly reify ]
51 verbose reify failed optional dependency /root/deda_weather_app/weather_app_fe/node_modules/@rollup/rollup-android-arm-eabi
52 silly reify mark deleted [
52 silly reify   '/root/deda_weather_app/weather_app_fe/node_modules/@rollup/rollup-android-arm-eabi'
52 silly reify ]
53 verbose reify failed optional dependency /root/deda_weather_app/weather_app_fe/node_modules/@esbuild/win32-x64
54 silly reify mark deleted [
54 silly reify   '/root/deda_weather_app/weather_app_fe/node_modules/@esbuild/win32-x64'
54 silly reify ]
55 verbose reify failed optional dependency /root/deda_weather_app/weather_app_fe/node_modules/@esbuild/win32-ia32
56 silly reify mark deleted [
56 silly reify   '/root/deda_weather_app/weather_app_fe/node_modules/@esbuild/win32-ia32'
56 silly reify ]
57 verbose reify failed optional dependency /root/deda_weather_app/weather_app_fe/node_modules/@esbuild/win32-arm64
58 silly reify mark deleted [
58 silly reify   '/root/deda_weather_app/weather_app_fe/node_modules/@esbuild/win32-arm64'
58 silly reify ]
59 verbose reify failed optional dependency /root/deda_weather_app/weather_app_fe/node_modules/@esbuild/sunos-x64
60 silly reify mark deleted [
60 silly reify   '/root/deda_weather_app/weather_app_fe/node_modules/@esbuild/sunos-x64'
60 silly reify ]
61 verbose reify failed optional dependency /root/deda_weather_app/weather_app_fe/node_modules/@esbuild/openbsd-x64
62 silly reify mark deleted [
62 silly reify   '/root/deda_weather_app/weather_app_fe/node_modules/@esbuild/openbsd-x64'
62 silly reify ]
63 verbose reify failed optional dependency /root/deda_weather_app/weather_app_fe/node_modules/@esbuild/openbsd-arm64
64 silly reify mark deleted [
64 silly reify   '/root/deda_weather_app/weather_app_fe/node_modules/@esbuild/openbsd-arm64'
64 silly reify ]
65 verbose reify failed optional dependency /root/deda_weather_app/weather_app_fe/node_modules/@esbuild/netbsd-x64
66 silly reify mark deleted [
66 silly reify   '/root/deda_weather_app/weather_app_fe/node_modules/@esbuild/netbsd-x64'
66 silly reify ]
67 verbose reify failed optional dependency /root/deda_weather_app/weather_app_fe/node_modules/@esbuild/linux-s390x
68 silly reify mark deleted [
68 silly reify   '/root/deda_weather_app/weather_app_fe/node_modules/@esbuild/linux-s390x'
68 silly reify ]
69 verbose reify failed optional dependency /root/deda_weather_app/weather_app_fe/node_modules/@esbuild/linux-riscv64
70 silly reify mark deleted [
70 silly reify   '/root/deda_weather_app/weather_app_fe/node_modules/@esbuild/linux-riscv64'
70 silly reify ]
71 verbose reify failed optional dependency /root/deda_weather_app/weather_app_fe/node_modules/@esbuild/linux-ppc64
72 silly reify mark deleted [
72 silly reify   '/root/deda_weather_app/weather_app_fe/node_modules/@esbuild/linux-ppc64'
72 silly reify ]
73 verbose reify failed optional dependency /root/deda_weather_app/weather_app_fe/node_modules/@esbuild/linux-mips64el
74 silly reify mark deleted [
74 silly reify   '/root/deda_weather_app/weather_app_fe/node_modules/@esbuild/linux-mips64el'
74 silly reify ]
75 verbose reify failed optional dependency /root/deda_weather_app/weather_app_fe/node_modules/@esbuild/linux-loong64
76 silly reify mark deleted [
76 silly reify   '/root/deda_weather_app/weather_app_fe/node_modules/@esbuild/linux-loong64'
76 silly reify ]
77 verbose reify failed optional dependency /root/deda_weather_app/weather_app_fe/node_modules/@esbuild/linux-ia32
78 silly reify mark deleted [
78 silly reify   '/root/deda_weather_app/weather_app_fe/node_modules/@esbuild/linux-ia32'
78 silly reify ]
79 verbose reify failed optional dependency /root/deda_weather_app/weather_app_fe/node_modules/@esbuild/linux-arm64
80 silly reify mark deleted [
80 silly reify   '/root/deda_weather_app/weather_app_fe/node_modules/@esbuild/linux-arm64'
80 silly reify ]
81 verbose reify failed optional dependency /root/deda_weather_app/weather_app_fe/node_modules/@esbuild/linux-arm
82 silly reify mark deleted [
82 silly reify   '/root/deda_weather_app/weather_app_fe/node_modules/@esbuild/linux-arm'
82 silly reify ]
83 verbose reify failed optional dependency /root/deda_weather_app/weather_app_fe/node_modules/@esbuild/freebsd-x64
84 silly reify mark deleted [
84 silly reify   '/root/deda_weather_app/weather_app_fe/node_modules/@esbuild/freebsd-x64'
84 silly reify ]
85 verbose reify failed optional dependency /root/deda_weather_app/weather_app_fe/node_modules/@esbuild/freebsd-arm64
86 silly reify mark deleted [
86 silly reify   '/root/deda_weather_app/weather_app_fe/node_modules/@esbuild/freebsd-arm64'
86 silly reify ]
87 verbose reify failed optional dependency /root/deda_weather_app/weather_app_fe/node_modules/@esbuild/darwin-x64
88 silly reify mark deleted [
88 silly reify   '/root/deda_weather_app/weather_app_fe/node_modules/@esbuild/darwin-x64'
88 silly reify ]
89 verbose reify failed optional dependency /root/deda_weather_app/weather_app_fe/node_modules/@esbuild/darwin-arm64
90 silly reify mark deleted [
90 silly reify   '/root/deda_weather_app/weather_app_fe/node_modules/@esbuild/darwin-arm64'
90 silly reify ]
91 verbose reify failed optional dependency /root/deda_weather_app/weather_app_fe/node_modules/@esbuild/android-x64
92 silly reify mark deleted [
92 silly reify   '/root/deda_weather_app/weather_app_fe/node_modules/@esbuild/android-x64'
92 silly reify ]
93 verbose reify failed optional dependency /root/deda_weather_app/weather_app_fe/node_modules/@esbuild/android-arm64
94 silly reify mark deleted [
94 silly reify   '/root/deda_weather_app/weather_app_fe/node_modules/@esbuild/android-arm64'
94 silly reify ]
95 verbose reify failed optional dependency /root/deda_weather_app/weather_app_fe/node_modules/@esbuild/android-arm
96 silly reify mark deleted [
96 silly reify   '/root/deda_weather_app/weather_app_fe/node_modules/@esbuild/android-arm'
96 silly reify ]
97 verbose reify failed optional dependency /root/deda_weather_app/weather_app_fe/node_modules/@esbuild/aix-ppc64
98 silly reify mark deleted [
98 silly reify   '/root/deda_weather_app/weather_app_fe/node_modules/@esbuild/aix-ppc64'
98 silly reify ]
99 http fetch POST 200 https://registry.npmjs.org/-/npm/v1/security/advisories/bulk 745ms
100 silly audit report {}
101 info run esbuild@0.24.0 postinstall node_modules/esbuild node install.js
102 info run esbuild@0.24.0 postinstall { code: 0, signal: null }
103 silly ADD node_modules/yocto-queue
104 silly ADD node_modules/yallist
105 silly ADD node_modules/word-wrap
106 silly ADD node_modules/which-typed-array
107 silly ADD node_modules/which-collection
108 silly ADD node_modules/which-builtin-type
109 silly ADD node_modules/which-boxed-primitive
110 silly ADD node_modules/which
111 silly ADD node_modules/vite
112 silly ADD node_modules/uri-js
113 silly ADD node_modules/update-browserslist-db
114 silly ADD node_modules/unbox-primitive
115 silly ADD node_modules/typed-array-length
116 silly ADD node_modules/typed-array-byte-offset
117 silly ADD node_modules/typed-array-byte-length
118 silly ADD node_modules/typed-array-buffer
119 silly ADD node_modules/type-check
120 silly ADD node_modules/supports-preserve-symlinks-flag
121 silly ADD node_modules/supports-color
122 silly ADD node_modules/strip-json-comments
123 silly ADD node_modules/string.prototype.trimstart
124 silly ADD node_modules/string.prototype.trimend
125 silly ADD node_modules/string.prototype.trim
126 silly ADD node_modules/string.prototype.repeat
127 silly ADD node_modules/string.prototype.matchall
128 silly ADD node_modules/source-map-js
129 silly ADD node_modules/side-channel-weakmap
130 silly ADD node_modules/side-channel-map
131 silly ADD node_modules/side-channel-list
132 silly ADD node_modules/side-channel
133 silly ADD node_modules/shebang-regex
134 silly ADD node_modules/shebang-command
135 silly ADD node_modules/set-function-name
136 silly ADD node_modules/set-function-length
137 silly ADD node_modules/semver
138 silly ADD node_modules/scheduler
139 silly ADD node_modules/safe-regex-test
140 silly ADD node_modules/safe-array-concat
141 silly ADD node_modules/rollup
142 silly ADD node_modules/resolve-from
143 silly ADD node_modules/resolve
144 silly ADD node_modules/regexp.prototype.flags
145 silly ADD node_modules/reflect.getprototypeof
146 silly ADD node_modules/react-refresh
147 silly ADD node_modules/react-is
148 silly ADD node_modules/react-dom
149 silly ADD node_modules/react
150 silly ADD node_modules/punycode
151 silly ADD node_modules/proxy-from-env
152 silly ADD node_modules/prop-types
153 silly ADD node_modules/prelude-ls
154 silly ADD node_modules/postcss
155 silly ADD node_modules/possible-typed-array-names
156 silly ADD node_modules/picocolors
157 silly ADD node_modules/path-parse
158 silly ADD node_modules/path-key
159 silly ADD node_modules/path-exists
160 silly ADD node_modules/parent-module
161 silly ADD node_modules/p-locate
162 silly ADD node_modules/p-limit
163 silly ADD node_modules/optionator
164 silly ADD node_modules/object.values
165 silly ADD node_modules/object.fromentries
166 silly ADD node_modules/object.entries
167 silly ADD node_modules/object.assign
168 silly ADD node_modules/object-keys
169 silly ADD node_modules/object-inspect
170 silly ADD node_modules/object-assign
171 silly ADD node_modules/node-releases
172 silly ADD node_modules/natural-compare
173 silly ADD node_modules/nanoid
174 silly ADD node_modules/ms
175 silly ADD node_modules/minimatch
176 silly ADD node_modules/mime-types
177 silly ADD node_modules/mime-db
178 silly ADD node_modules/math-intrinsics
179 silly ADD node_modules/lru-cache
180 silly ADD node_modules/loose-envify
181 silly ADD node_modules/lodash.merge
182 silly ADD node_modules/locate-path
183 silly ADD node_modules/levn
184 silly ADD node_modules/keyv
185 silly ADD node_modules/jsx-ast-utils
186 silly ADD node_modules/json5
187 silly ADD node_modules/json-stable-stringify-without-jsonify
188 silly ADD node_modules/json-schema-traverse
189 silly ADD node_modules/json-buffer
190 silly ADD node_modules/jsesc
191 silly ADD node_modules/js-yaml
192 silly ADD node_modules/js-tokens
193 silly ADD node_modules/iterator.prototype
194 silly ADD node_modules/isexe
195 silly ADD node_modules/isarray
196 silly ADD node_modules/is-weakset
197 silly ADD node_modules/is-weakref
198 silly ADD node_modules/is-weakmap
199 silly ADD node_modules/is-typed-array
200 silly ADD node_modules/is-symbol
201 silly ADD node_modules/is-string
202 silly ADD node_modules/is-shared-array-buffer
203 silly ADD node_modules/is-set
204 silly ADD node_modules/is-regex
205 silly ADD node_modules/is-number-object
206 silly ADD node_modules/is-negative-zero
207 silly ADD node_modules/is-map
208 silly ADD node_modules/is-glob
209 silly ADD node_modules/is-generator-function
210 silly ADD node_modules/is-finalizationregistry
211 silly ADD node_modules/is-extglob
212 silly ADD node_modules/is-date-object
213 silly ADD node_modules/is-data-view
214 silly ADD node_modules/is-core-module
215 silly ADD node_modules/is-callable
216 silly ADD node_modules/is-boolean-object
217 silly ADD node_modules/is-bigint
218 silly ADD node_modules/is-async-function
219 silly ADD node_modules/is-array-buffer
220 silly ADD node_modules/internal-slot
221 silly ADD node_modules/imurmurhash
222 silly ADD node_modules/import-fresh
223 silly ADD node_modules/ignore
224 silly ADD node_modules/hasown
225 silly ADD node_modules/has-tostringtag
226 silly ADD node_modules/has-symbols
227 silly ADD node_modules/has-proto
228 silly ADD node_modules/has-property-descriptors
229 silly ADD node_modules/has-flag
230 silly ADD node_modules/has-bigints
231 silly ADD node_modules/gopd
232 silly ADD node_modules/globalthis
233 silly ADD node_modules/globals
234 silly ADD node_modules/glob-parent
235 silly ADD node_modules/get-symbol-description
236 silly ADD node_modules/get-intrinsic
237 silly ADD node_modules/gensync
238 silly ADD node_modules/functions-have-names
239 silly ADD node_modules/function.prototype.name
240 silly ADD node_modules/function-bind
241 silly ADD
242 silly ADD node_modules/form-data
243 silly ADD node_modules/for-each
244 silly ADD node_modules/follow-redirects
245 silly ADD node_modules/flatted
246 silly ADD node_modules/flat-cache
247 silly ADD node_modules/find-up
248 silly ADD node_modules/file-entry-cache
249 silly ADD node_modules/fast-levenshtein
250 silly ADD node_modules/fast-json-stable-stringify
251 silly ADD node_modules/fast-deep-equal
252 silly ADD node_modules/esutils
253 silly ADD node_modules/estraverse
254 silly ADD node_modules/esrecurse
255 silly ADD node_modules/esquery
256 silly ADD node_modules/espree
257 silly ADD node_modules/eslint-visitor-keys
258 silly ADD node_modules/eslint-scope
259 silly ADD node_modules/eslint-plugin-react-refresh
260 silly ADD node_modules/eslint-plugin-react-hooks
261 silly ADD node_modules/eslint-plugin-react
262 silly ADD node_modules/eslint
263 silly ADD node_modules/escape-string-regexp
264 silly ADD node_modules/escalade
265 silly ADD node_modules/esbuild
266 silly ADD node_modules/es-to-primitive
267 silly ADD node_modules/es-shim-unscopables
268 silly ADD node_modules/es-set-tostringtag
269 silly ADD node_modules/es-object-atoms
270 silly ADD node_modules/es-iterator-helpers
271 silly ADD node_modules/es-errors
272 silly ADD node_modules/es-define-property
273 silly ADD node_modules/es-abstract
274 silly ADD node_modules/electron-to-chromium
275 silly ADD node_modules/dunder-proto
276 silly ADD node_modules/doctrine
277 silly ADD node_modules/delayed-stream
278 silly ADD node_modules/define-properties
279 silly ADD node_modules/define-data-property
280 silly ADD node_modules/deep-is
281 silly ADD node_modules/debug
282 silly ADD node_modules/data-view-byte-offset
283 silly ADD node_modules/data-view-byte-length
284 silly ADD node_modules/data-view-buffer
285 silly ADD node_modules/csstype
286 silly ADD node_modules/cross-spawn
287 silly ADD node_modules/convert-source-map
288 silly ADD node_modules/concat-map
289 silly ADD node_modules/combined-stream
290 silly ADD node_modules/color-name
291 silly ADD node_modules/color-convert
292 silly ADD node_modules/chalk
293 silly ADD node_modules/caniuse-lite
294 silly ADD node_modules/callsites
295 silly ADD node_modules/call-bound
296 silly ADD node_modules/call-bind-apply-helpers
297 silly ADD node_modules/call-bind
298 silly ADD node_modules/browserslist
299 silly ADD node_modules/brace-expansion
300 silly ADD node_modules/balanced-match
301 silly ADD node_modules/axios
302 silly ADD node_modules/available-typed-arrays
303 silly ADD node_modules/asynckit
304 silly ADD node_modules/arraybuffer.prototype.slice
305 silly ADD node_modules/array.prototype.tosorted
306 silly ADD node_modules/array.prototype.flatmap
307 silly ADD node_modules/array.prototype.flat
308 silly ADD node_modules/array.prototype.findlast
309 silly ADD node_modules/array-includes
310 silly ADD node_modules/array-buffer-byte-length
311 silly ADD node_modules/argparse
312 silly ADD node_modules/ansi-styles
313 silly ADD node_modules/ajv
314 silly ADD node_modules/acorn-jsx
315 silly ADD node_modules/acorn
316 silly ADD node_modules/@vitejs/plugin-react
317 silly ADD node_modules/@types/react-dom
318 silly ADD node_modules/@types/react
319 silly ADD node_modules/@types/prop-types
320 silly ADD node_modules/@types/json-schema
321 silly ADD node_modules/@types/estree
322 silly ADD node_modules/@types/babel__traverse
323 silly ADD node_modules/@types/babel__template
324 silly ADD node_modules/@types/babel__generator
325 silly ADD node_modules/@types/babel__core
326 silly ADD
327 silly ADD
328 silly ADD
329 silly ADD node_modules/@rollup/rollup-linux-x64-musl
330 silly ADD node_modules/@rollup/rollup-linux-x64-gnu
331 silly ADD
332 silly ADD
333 silly ADD
334 silly ADD
335 silly ADD
336 silly ADD
337 silly ADD
338 silly ADD
339 silly ADD
340 silly ADD
341 silly ADD
342 silly ADD
343 silly ADD
344 silly ADD
345 silly ADD node_modules/@jridgewell/trace-mapping
346 silly ADD node_modules/@jridgewell/sourcemap-codec
347 silly ADD node_modules/@jridgewell/set-array
348 silly ADD node_modules/@jridgewell/resolve-uri
349 silly ADD node_modules/@jridgewell/gen-mapping
350 silly ADD node_modules/@humanwhocodes/retry
351 silly ADD node_modules/@humanwhocodes/module-importer
352 silly ADD node_modules/@humanfs/node
353 silly ADD node_modules/@humanfs/node/node_modules/@humanwhocodes/retry
354 silly ADD node_modules/@humanfs/core
355 silly ADD node_modules/@eslint/plugin-kit
356 silly ADD node_modules/@eslint/object-schema
357 silly ADD node_modules/@eslint/js
358 silly ADD node_modules/@eslint/eslintrc
359 silly ADD node_modules/@eslint/eslintrc/node_modules/globals
360 silly ADD node_modules/@eslint/core
361 silly ADD node_modules/@eslint/config-array
362 silly ADD node_modules/@eslint-community/regexpp
363 silly ADD node_modules/@eslint-community/eslint-utils
364 silly ADD node_modules/@eslint-community/eslint-utils/node_modules/eslint-visitor-keys
365 silly ADD
366 silly ADD
367 silly ADD
368 silly ADD
369 silly ADD
370 silly ADD
371 silly ADD
372 silly ADD node_modules/@esbuild/linux-x64
373 silly ADD
374 silly ADD
375 silly ADD
376 silly ADD
377 silly ADD
378 silly ADD
379 silly ADD
380 silly ADD
381 silly ADD
382 silly ADD
383 silly ADD
384 silly ADD
385 silly ADD
386 silly ADD
387 silly ADD
388 silly ADD
389 silly ADD node_modules/@babel/types
390 silly ADD node_modules/@babel/traverse
391 silly ADD node_modules/@babel/traverse/node_modules/globals
392 silly ADD node_modules/@babel/template
393 silly ADD node_modules/@babel/plugin-transform-react-jsx-source
394 silly ADD node_modules/@babel/plugin-transform-react-jsx-self
395 silly ADD node_modules/@babel/parser
396 silly ADD node_modules/@babel/helpers
397 silly ADD node_modules/@babel/helper-validator-option
398 silly ADD node_modules/@babel/helper-validator-identifier
399 silly ADD node_modules/@babel/helper-string-parser
400 silly ADD node_modules/@babel/helper-plugin-utils
401 silly ADD node_modules/@babel/helper-module-transforms
402 silly ADD node_modules/@babel/helper-module-imports
403 silly ADD node_modules/@babel/helper-compilation-targets
404 silly ADD node_modules/@babel/generator
405 silly ADD node_modules/@babel/core
406 silly ADD node_modules/@babel/compat-data
407 silly ADD node_modules/@babel/code-frame
408 silly ADD node_modules/@ampproject/remapping
409 verbose cwd /root/deda_weather_app/weather_app_fe
410 verbose os Linux 6.8.0-51-generic
411 verbose node v22.12.0
412 verbose npm  v10.9.0
413 verbose exit 0
414 info ok
