0 verbose cli /root/.nvm/versions/node/v22.12.0/bin/node /root/.nvm/versions/node/v22.12.0/bin/npm
1 info using npm@10.9.0
2 info using node@v22.12.0
3 silly config load:file:/root/.nvm/versions/node/v22.12.0/lib/node_modules/npm/npmrc
4 silly config load:file:/root/deda_weather_app/weather_app_be/.npmrc
5 silly config load:file:/root/.npmrc
6 silly config load:file:/root/.nvm/versions/node/v22.12.0/etc/npmrc
7 verbose title npm install
8 verbose argv "install"
9 verbose logfile logs-max:10 dir:/root/.npm/_logs/2024-12-19T21_07_16_168Z-
10 verbose logfile /root/.npm/_logs/2024-12-19T21_07_16_168Z-debug-0.log
11 silly logfile start cleaning logs, removing 1 files
12 silly logfile done cleaning log files
13 silly packumentCache heap:2103181312 maxSize:525795328 maxEntrySize:262897664
14 silly idealTree buildDeps
15 verbose shrinkwrap failed to load node_modules/.package-lock.json out of date, updated: node_modules
16 silly reify moves {}
17 silly audit bulk request {
17 silly audit   '@mongodb-js/saslprep': [ '1.1.9' ],
17 silly audit   '@types/webidl-conversions': [ '7.0.3' ],
17 silly audit   '@types/whatwg-url': [ '11.0.5' ],
17 silly audit   accepts: [ '1.3.8' ],
17 silly audit   anymatch: [ '3.1.3' ],
17 silly audit   'array-flatten': [ '1.1.1' ],
17 silly audit   'balanced-match': [ '1.0.2' ],
17 silly audit   'binary-extensions': [ '2.3.0' ],
17 silly audit   'body-parser': [ '1.20.3' ],
17 silly audit   'brace-expansion': [ '1.1.11' ],
17 silly audit   braces: [ '3.0.3' ],
17 silly audit   bson: [ '6.10.1' ],
17 silly audit   bytes: [ '3.1.2' ],
17 silly audit   'call-bind-apply-helpers': [ '1.0.1' ],
17 silly audit   'call-bound': [ '1.0.3' ],
17 silly audit   chokidar: [ '3.6.0' ],
17 silly audit   'concat-map': [ '0.0.1' ],
17 silly audit   'content-disposition': [ '0.5.4' ],
17 silly audit   'content-type': [ '1.0.5' ],
17 silly audit   cookie: [ '0.7.1' ],
17 silly audit   'cookie-signature': [ '1.0.6' ],
17 silly audit   cors: [ '2.8.5' ],
17 silly audit   debug: [ '2.6.9', '4.4.0' ],
17 silly audit   depd: [ '2.0.0' ],
17 silly audit   destroy: [ '1.2.0' ],
17 silly audit   dotenv: [ '16.4.7' ],
17 silly audit   'dunder-proto': [ '1.0.1' ],
17 silly audit   'ee-first': [ '1.1.1' ],
17 silly audit   encodeurl: [ '2.0.0', '1.0.2' ],
17 silly audit   'es-define-property': [ '1.0.1' ],
17 silly audit   'es-errors': [ '1.3.0' ],
17 silly audit   'es-object-atoms': [ '1.0.0' ],
17 silly audit   'escape-html': [ '1.0.3' ],
17 silly audit   etag: [ '1.8.1' ],
17 silly audit   express: [ '4.21.2' ],
17 silly audit   'fill-range': [ '7.1.1' ],
17 silly audit   finalhandler: [ '1.3.1' ],
17 silly audit   forwarded: [ '0.2.0' ],
17 silly audit   fresh: [ '0.5.2' ],
17 silly audit   fsevents: [ '2.3.3' ],
17 silly audit   'function-bind': [ '1.1.2' ],
17 silly audit   'get-intrinsic': [ '1.2.6' ],
17 silly audit   'glob-parent': [ '5.1.2' ],
17 silly audit   gopd: [ '1.2.0' ],
17 silly audit   'has-flag': [ '3.0.0' ],
17 silly audit   'has-symbols': [ '1.1.0' ],
17 silly audit   hasown: [ '2.0.2' ],
17 silly audit   'http-errors': [ '2.0.0' ],
17 silly audit   'iconv-lite': [ '0.4.24' ],
17 silly audit   'ignore-by-default': [ '1.0.1' ],
17 silly audit   inherits: [ '2.0.4' ],
17 silly audit   'ipaddr.js': [ '1.9.1' ],
17 silly audit   'is-binary-path': [ '2.1.0' ],
17 silly audit   'is-extglob': [ '2.1.1' ],
17 silly audit   'is-glob': [ '4.0.3' ],
17 silly audit   'is-number': [ '7.0.0' ],
17 silly audit   kareem: [ '2.6.3' ],
17 silly audit   'math-intrinsics': [ '1.0.0' ],
17 silly audit   'media-typer': [ '0.3.0' ],
17 silly audit   'memory-pager': [ '1.5.0' ],
17 silly audit   'merge-descriptors': [ '1.0.3' ],
17 silly audit   methods: [ '1.1.2' ],
17 silly audit   mime: [ '1.6.0' ],
17 silly audit   'mime-db': [ '1.52.0' ],
17 silly audit   'mime-types': [ '2.1.35' ],
17 silly audit   minimatch: [ '3.1.2' ],
17 silly audit   mongodb: [ '6.12.0' ],
17 silly audit   'mongodb-connection-string-url': [ '3.0.1' ],
17 silly audit   mongoose: [ '8.9.1' ],
17 silly audit   ms: [ '2.1.3', '2.0.0' ],
17 silly audit   mpath: [ '0.9.0' ],
17 silly audit   mquery: [ '5.0.0' ],
17 silly audit   negotiator: [ '0.6.3' ],
17 silly audit   nodemon: [ '3.1.9' ],
17 silly audit   'normalize-path': [ '3.0.0' ],
17 silly audit   'object-assign': [ '4.1.1' ],
17 silly audit   'object-inspect': [ '1.13.3' ],
17 silly audit   'on-finished': [ '2.4.1' ],
17 silly audit   parseurl: [ '1.3.3' ],
17 silly audit   'path-to-regexp': [ '0.1.12' ],
17 silly audit   picomatch: [ '2.3.1' ],
17 silly audit   'proxy-addr': [ '2.0.7' ],
17 silly audit   'pstree.remy': [ '1.1.8' ],
17 silly audit   punycode: [ '2.3.1' ],
17 silly audit   qs: [ '6.13.0' ],
17 silly audit   'range-parser': [ '1.2.1' ],
17 silly audit   'raw-body': [ '2.5.2' ],
17 silly audit   readdirp: [ '3.6.0' ],
17 silly audit   'safe-buffer': [ '5.2.1' ],
17 silly audit   'safer-buffer': [ '2.1.2' ],
17 silly audit   semver: [ '7.6.3' ],
17 silly audit   send: [ '0.19.0' ],
17 silly audit   'serve-static': [ '1.16.2' ],
17 silly audit   setprototypeof: [ '1.2.0' ],
17 silly audit   'side-channel': [ '1.1.0' ],
17 silly audit   'side-channel-list': [ '1.0.0' ],
17 silly audit   'side-channel-map': [ '1.0.1' ],
17 silly audit   'side-channel-weakmap': [ '1.0.2' ],
17 silly audit   sift: [ '17.1.3' ],
17 silly audit   'simple-update-notifier': [ '2.0.0' ],
17 silly audit   'sparse-bitfield': [ '3.0.3' ],
17 silly audit   statuses: [ '2.0.1' ],
17 silly audit   'supports-color': [ '5.5.0' ],
17 silly audit   'to-regex-range': [ '5.0.1' ],
17 silly audit   toidentifier: [ '1.0.1' ],
17 silly audit   touch: [ '3.1.1' ],
17 silly audit   tr46: [ '4.1.1' ],
17 silly audit   'type-is': [ '1.6.18' ],
17 silly audit   undefsafe: [ '2.0.5' ],
17 silly audit   unpipe: [ '1.0.0' ],
17 silly audit   'utils-merge': [ '1.0.1' ],
17 silly audit   vary: [ '1.1.2' ],
17 silly audit   'webidl-conversions': [ '7.0.0' ],
17 silly audit   'whatwg-url': [ '13.0.0' ]
17 silly audit }
18 verbose reify failed optional dependency /root/deda_weather_app/weather_app_be/node_modules/fsevents
19 silly reify mark deleted [ '/root/deda_weather_app/weather_app_be/node_modules/fsevents' ]
20 http fetch POST 200 https://registry.npmjs.org/-/npm/v1/security/advisories/bulk 252ms
21 silly audit report {}
22 silly ADD
23 verbose cwd /root/deda_weather_app/weather_app_be
24 verbose os Linux 6.8.0-51-generic
25 verbose node v22.12.0
26 verbose npm  v10.9.0
27 verbose exit 0
28 info ok
