0 verbose cli /root/.nvm/versions/node/v22.12.0/bin/node /root/.nvm/versions/node/v22.12.0/bin/npm
1 info using npm@10.9.0
2 info using node@v22.12.0
3 silly config load:file:/root/.nvm/versions/node/v22.12.0/lib/node_modules/npm/npmrc
4 silly config load:file:/root/.npmrc
5 silly config load:file:/root/.nvm/versions/node/v22.12.0/etc/npmrc
6 verbose title npm install pm2
7 verbose argv "install" "--global" "pm2"
8 verbose logfile logs-max:10 dir:/root/.npm/_logs/2024-12-19T21_08_31_401Z-
9 verbose logfile /root/.npm/_logs/2024-12-19T21_08_31_401Z-debug-0.log
10 silly packumentCache heap:2103181312 maxSize:525795328 maxEntrySize:262897664
11 silly logfile start cleaning logs, removing 1 files
12 silly logfile done cleaning log files
13 silly idealTree buildDeps
14 silly fetch manifest pm2@*
15 silly packumentCache full:https://registry.npmjs.org/pm2 cache-miss
16 http fetch GET 200 https://registry.npmjs.org/pm2 91ms (cache updated)
17 silly packumentCache full:https://registry.npmjs.org/pm2 set size:undefined disposed:false
18 silly placeDep ROOT pm2@5.4.3 OK for:  want: *
19 silly fetch manifest @pm2/agent@~2.0.0
20 silly packumentCache full:https://registry.npmjs.org/@pm2%2fagent cache-miss
21 http fetch GET 200 https://registry.npmjs.org/@pm2%2fagent 45ms (cache updated)
22 silly packumentCache full:https://registry.npmjs.org/@pm2%2fagent set size:undefined disposed:false
23 silly fetch manifest @pm2/js-api@~0.8.0
24 silly packumentCache full:https://registry.npmjs.org/@pm2%2fjs-api cache-miss
25 http fetch GET 200 https://registry.npmjs.org/@pm2%2fjs-api 40ms (cache updated)
26 silly packumentCache full:https://registry.npmjs.org/@pm2%2fjs-api set size:undefined disposed:false
27 silly fetch manifest @pm2/io@~6.0.1
28 silly packumentCache full:https://registry.npmjs.org/@pm2%2fio cache-miss
29 http fetch GET 200 https://registry.npmjs.org/@pm2%2fio 48ms (cache updated)
30 silly packumentCache full:https://registry.npmjs.org/@pm2%2fio set size:undefined disposed:false
31 silly fetch manifest @pm2/pm2-version-check@latest
32 silly packumentCache full:https://registry.npmjs.org/@pm2%2fpm2-version-check cache-miss
33 http fetch GET 200 https://registry.npmjs.org/@pm2%2fpm2-version-check 44ms (cache updated)
34 silly packumentCache full:https://registry.npmjs.org/@pm2%2fpm2-version-check set size:undefined disposed:false
35 silly fetch manifest async@~3.2.0
36 silly packumentCache full:https://registry.npmjs.org/async cache-miss
37 http fetch GET 200 https://registry.npmjs.org/async 27ms (cache updated)
38 silly packumentCache full:https://registry.npmjs.org/async set size:undefined disposed:false
39 silly fetch manifest blessed@0.1.81
40 silly packumentCache full:https://registry.npmjs.org/blessed cache-miss
41 http fetch GET 200 https://registry.npmjs.org/blessed 30ms (cache updated)
42 silly packumentCache full:https://registry.npmjs.org/blessed set size:undefined disposed:false
43 silly fetch manifest chalk@3.0.0
44 silly packumentCache full:https://registry.npmjs.org/chalk cache-miss
45 http fetch GET 200 https://registry.npmjs.org/chalk 29ms (cache updated)
46 silly packumentCache full:https://registry.npmjs.org/chalk set size:undefined disposed:false
47 silly fetch manifest chokidar@^3.5.3
48 silly packumentCache full:https://registry.npmjs.org/chokidar cache-miss
49 http fetch GET 200 https://registry.npmjs.org/chokidar 60ms (cache updated)
50 silly packumentCache full:https://registry.npmjs.org/chokidar set size:undefined disposed:false
51 silly fetch manifest cli-tableau@^2.0.0
52 silly packumentCache full:https://registry.npmjs.org/cli-tableau cache-miss
53 http fetch GET 200 https://registry.npmjs.org/cli-tableau 25ms (cache updated)
54 silly packumentCache full:https://registry.npmjs.org/cli-tableau set size:undefined disposed:false
55 silly fetch manifest commander@2.15.1
56 silly packumentCache full:https://registry.npmjs.org/commander cache-miss
57 http fetch GET 200 https://registry.npmjs.org/commander 26ms (cache updated)
58 silly packumentCache full:https://registry.npmjs.org/commander set size:undefined disposed:false
59 silly fetch manifest croner@~4.1.92
60 silly packumentCache full:https://registry.npmjs.org/croner cache-miss
61 http fetch GET 200 https://registry.npmjs.org/croner 33ms (cache updated)
62 silly packumentCache full:https://registry.npmjs.org/croner set size:undefined disposed:false
63 silly fetch manifest dayjs@~1.11.5
64 silly packumentCache full:https://registry.npmjs.org/dayjs cache-miss
65 http fetch GET 200 https://registry.npmjs.org/dayjs 34ms (cache updated)
66 silly packumentCache full:https://registry.npmjs.org/dayjs set size:undefined disposed:false
67 silly fetch manifest debug@^4.3.1
68 silly packumentCache full:https://registry.npmjs.org/debug cache-miss
69 http fetch GET 200 https://registry.npmjs.org/debug 25ms (cache updated)
70 silly packumentCache full:https://registry.npmjs.org/debug set size:undefined disposed:false
71 silly fetch manifest enquirer@2.3.6
72 silly packumentCache full:https://registry.npmjs.org/enquirer cache-miss
73 http fetch GET 200 https://registry.npmjs.org/enquirer 28ms (cache updated)
74 silly packumentCache full:https://registry.npmjs.org/enquirer set size:undefined disposed:false
75 silly fetch manifest eventemitter2@5.0.1
76 silly packumentCache full:https://registry.npmjs.org/eventemitter2 cache-miss
77 http fetch GET 200 https://registry.npmjs.org/eventemitter2 30ms (cache updated)
78 silly packumentCache full:https://registry.npmjs.org/eventemitter2 set size:undefined disposed:false
79 silly fetch manifest fclone@1.0.11
80 silly packumentCache full:https://registry.npmjs.org/fclone cache-miss
81 http fetch GET 200 https://registry.npmjs.org/fclone 22ms (cache updated)
82 silly packumentCache full:https://registry.npmjs.org/fclone set size:undefined disposed:false
83 silly fetch manifest mkdirp@1.0.4
84 silly packumentCache full:https://registry.npmjs.org/mkdirp cache-miss
85 http fetch GET 200 https://registry.npmjs.org/mkdirp 28ms (cache updated)
86 silly packumentCache full:https://registry.npmjs.org/mkdirp set size:undefined disposed:false
87 silly fetch manifest needle@2.4.0
88 silly packumentCache full:https://registry.npmjs.org/needle cache-miss
89 http fetch GET 200 https://registry.npmjs.org/needle 38ms (cache updated)
90 silly packumentCache full:https://registry.npmjs.org/needle set size:undefined disposed:false
91 silly fetch manifest pidusage@~3.0
92 silly packumentCache full:https://registry.npmjs.org/pidusage cache-miss
93 http fetch GET 200 https://registry.npmjs.org/pidusage 26ms (cache updated)
94 silly packumentCache full:https://registry.npmjs.org/pidusage set size:undefined disposed:false
95 silly fetch manifest pm2-axon@~4.0.1
96 silly packumentCache full:https://registry.npmjs.org/pm2-axon cache-miss
97 http fetch GET 200 https://registry.npmjs.org/pm2-axon 37ms (cache updated)
98 silly packumentCache full:https://registry.npmjs.org/pm2-axon set size:undefined disposed:false
99 silly fetch manifest pm2-axon-rpc@~0.7.1
100 silly packumentCache full:https://registry.npmjs.org/pm2-axon-rpc cache-miss
101 http fetch GET 200 https://registry.npmjs.org/pm2-axon-rpc 24ms (cache updated)
102 silly packumentCache full:https://registry.npmjs.org/pm2-axon-rpc set size:undefined disposed:false
103 silly fetch manifest pm2-deploy@~1.0.2
104 silly packumentCache full:https://registry.npmjs.org/pm2-deploy cache-miss
105 http fetch GET 200 https://registry.npmjs.org/pm2-deploy 24ms (cache updated)
106 silly packumentCache full:https://registry.npmjs.org/pm2-deploy set size:undefined disposed:false
107 silly fetch manifest pm2-multimeter@^0.1.2
108 silly packumentCache full:https://registry.npmjs.org/pm2-multimeter cache-miss
109 http fetch GET 200 https://registry.npmjs.org/pm2-multimeter 20ms (cache updated)
110 silly packumentCache full:https://registry.npmjs.org/pm2-multimeter set size:undefined disposed:false
111 silly fetch manifest promptly@^2
112 silly packumentCache full:https://registry.npmjs.org/promptly cache-miss
113 http fetch GET 200 https://registry.npmjs.org/promptly 23ms (cache updated)
114 silly packumentCache full:https://registry.npmjs.org/promptly set size:undefined disposed:false
115 silly fetch manifest semver@^7.2
116 silly packumentCache full:https://registry.npmjs.org/semver cache-miss
117 http fetch GET 200 https://registry.npmjs.org/semver 31ms (cache updated)
118 silly packumentCache full:https://registry.npmjs.org/semver set size:undefined disposed:false
119 silly fetch manifest source-map-support@0.5.21
120 silly packumentCache full:https://registry.npmjs.org/source-map-support cache-miss
121 http fetch GET 200 https://registry.npmjs.org/source-map-support 25ms (cache updated)
122 silly packumentCache full:https://registry.npmjs.org/source-map-support set size:undefined disposed:false
123 silly fetch manifest sprintf-js@1.1.2
124 silly packumentCache full:https://registry.npmjs.org/sprintf-js cache-miss
125 http fetch GET 200 https://registry.npmjs.org/sprintf-js 24ms (cache updated)
126 silly packumentCache full:https://registry.npmjs.org/sprintf-js set size:undefined disposed:false
127 silly fetch manifest vizion@~2.2.1
128 silly packumentCache full:https://registry.npmjs.org/vizion cache-miss
129 http fetch GET 200 https://registry.npmjs.org/vizion 31ms (cache updated)
130 silly packumentCache full:https://registry.npmjs.org/vizion set size:undefined disposed:false
131 silly fetch manifest js-yaml@~4.1.0
132 silly packumentCache full:https://registry.npmjs.org/js-yaml cache-miss
133 http fetch GET 200 https://registry.npmjs.org/js-yaml 31ms (cache updated)
134 silly packumentCache full:https://registry.npmjs.org/js-yaml set size:undefined disposed:false
135 silly fetch manifest pm2-sysmonit@^1.2.8
136 silly packumentCache full:https://registry.npmjs.org/pm2-sysmonit cache-miss
137 http fetch GET 200 https://registry.npmjs.org/pm2-sysmonit 26ms (cache updated)
138 silly packumentCache full:https://registry.npmjs.org/pm2-sysmonit set size:undefined disposed:false
139 silly placeDep node_modules/pm2 @pm2/agent@2.0.4 OK for: pm2@5.4.3 want: ~2.0.0
140 silly placeDep node_modules/pm2 @pm2/io@6.0.1 OK for: pm2@5.4.3 want: ~6.0.1
141 silly placeDep node_modules/pm2 @pm2/js-api@0.8.0 OK for: pm2@5.4.3 want: ~0.8.0
142 silly placeDep node_modules/pm2 @pm2/pm2-version-check@1.0.4 OK for: pm2@5.4.3 want: latest
143 silly placeDep node_modules/pm2 async@3.2.6 OK for: pm2@5.4.3 want: ~3.2.0
144 silly placeDep node_modules/pm2 blessed@0.1.81 OK for: pm2@5.4.3 want: 0.1.81
145 silly placeDep node_modules/pm2 chalk@3.0.0 OK for: pm2@5.4.3 want: 3.0.0
146 silly placeDep node_modules/pm2 chokidar@3.6.0 OK for: pm2@5.4.3 want: ^3.5.3
147 silly placeDep node_modules/pm2 cli-tableau@2.0.1 OK for: pm2@5.4.3 want: ^2.0.0
148 silly placeDep node_modules/pm2 commander@2.15.1 OK for: pm2@5.4.3 want: 2.15.1
149 silly placeDep node_modules/pm2 croner@4.1.97 OK for: pm2@5.4.3 want: ~4.1.92
150 silly placeDep node_modules/pm2 dayjs@1.11.13 OK for: pm2@5.4.3 want: ~1.11.5
151 silly placeDep node_modules/pm2 debug@4.4.0 OK for: pm2@5.4.3 want: ^4.3.1
152 silly placeDep node_modules/pm2 enquirer@2.3.6 OK for: pm2@5.4.3 want: 2.3.6
153 silly placeDep node_modules/pm2 eventemitter2@5.0.1 OK for: pm2@5.4.3 want: 5.0.1
154 silly placeDep node_modules/pm2 fclone@1.0.11 OK for: pm2@5.4.3 want: 1.0.11
155 silly placeDep node_modules/pm2 js-yaml@4.1.0 OK for: pm2@5.4.3 want: ~4.1.0
156 silly placeDep node_modules/pm2 mkdirp@1.0.4 OK for: pm2@5.4.3 want: 1.0.4
157 silly placeDep node_modules/pm2 needle@2.4.0 OK for: pm2@5.4.3 want: 2.4.0
158 silly placeDep node_modules/pm2 pidusage@3.0.2 OK for: pm2@5.4.3 want: ~3.0
159 silly placeDep node_modules/pm2 pm2-axon@4.0.1 OK for: pm2@5.4.3 want: ~4.0.1
160 silly placeDep node_modules/pm2 pm2-axon-rpc@0.7.1 OK for: pm2@5.4.3 want: ~0.7.1
161 silly placeDep node_modules/pm2 pm2-deploy@1.0.2 OK for: pm2@5.4.3 want: ~1.0.2
162 silly placeDep node_modules/pm2 pm2-multimeter@0.1.2 OK for: pm2@5.4.3 want: ^0.1.2
163 silly placeDep node_modules/pm2 pm2-sysmonit@1.2.8 OK for: pm2@5.4.3 want: ^1.2.8
164 silly placeDep node_modules/pm2 promptly@2.2.0 OK for: pm2@5.4.3 want: ^2
165 silly placeDep node_modules/pm2 semver@7.6.3 OK for: pm2@5.4.3 want: ^7.2
166 silly placeDep node_modules/pm2 source-map-support@0.5.21 OK for: pm2@5.4.3 want: 0.5.21
167 silly placeDep node_modules/pm2 sprintf-js@1.1.2 OK for: pm2@5.4.3 want: 1.1.2
168 silly placeDep node_modules/pm2 vizion@2.2.1 OK for: pm2@5.4.3 want: ~2.2.1
169 silly fetch manifest ws@~7.5.10
170 silly packumentCache full:https://registry.npmjs.org/ws cache-miss
171 http fetch GET 200 https://registry.npmjs.org/ws 49ms (cache updated)
172 silly packumentCache full:https://registry.npmjs.org/ws set size:undefined disposed:false
173 silly fetch manifest chalk@~3.0.0
174 silly packumentCache full:https://registry.npmjs.org/chalk cache-miss
175 http fetch GET 200 https://registry.npmjs.org/chalk 2ms (cache hit)
176 silly packumentCache full:https://registry.npmjs.org/chalk set size:120066 disposed:false
177 silly fetch manifest dayjs@~1.8.24
178 silly packumentCache full:https://registry.npmjs.org/dayjs cache-miss
179 http fetch GET 200 https://registry.npmjs.org/dayjs 2ms (cache hit)
180 silly packumentCache full:https://registry.npmjs.org/dayjs set size:463128 disposed:false
181 silly fetch manifest debug@~4.3.1
182 silly packumentCache full:https://registry.npmjs.org/debug cache-miss
183 http fetch GET 200 https://registry.npmjs.org/debug 1ms (cache hit)
184 silly packumentCache full:https://registry.npmjs.org/debug set size:191331 disposed:false
185 silly fetch manifest fclone@~1.0.11
186 silly packumentCache full:https://registry.npmjs.org/fclone cache-miss
187 http fetch GET 200 https://registry.npmjs.org/fclone 3ms (cache hit)
188 silly packumentCache full:https://registry.npmjs.org/fclone set size:19653 disposed:false
189 silly fetch manifest semver@~7.5.0
190 silly packumentCache full:https://registry.npmjs.org/semver cache-miss
191 http fetch GET 200 https://registry.npmjs.org/semver 2ms (cache hit)
192 silly packumentCache full:https://registry.npmjs.org/semver set size:215926 disposed:false
193 silly fetch manifest nssocket@0.6.0
194 silly packumentCache full:https://registry.npmjs.org/nssocket cache-miss
195 http fetch GET 200 https://registry.npmjs.org/nssocket 28ms (cache updated)
196 silly packumentCache full:https://registry.npmjs.org/nssocket set size:undefined disposed:false
197 silly fetch manifest proxy-agent@~6.3.0
198 silly packumentCache full:https://registry.npmjs.org/proxy-agent cache-miss
199 http fetch GET 200 https://registry.npmjs.org/proxy-agent 24ms (cache updated)
200 silly packumentCache full:https://registry.npmjs.org/proxy-agent set size:undefined disposed:false
201 silly fetch manifest pm2-axon-rpc@~0.7.0
202 silly packumentCache full:https://registry.npmjs.org/pm2-axon-rpc cache-miss
203 http fetch GET 200 https://registry.npmjs.org/pm2-axon-rpc 2ms (cache hit)
204 silly packumentCache full:https://registry.npmjs.org/pm2-axon-rpc set size:41743 disposed:false
205 silly fetch manifest eventemitter2@~5.0.1
206 silly packumentCache full:https://registry.npmjs.org/eventemitter2 cache-miss
207 http fetch GET 200 https://registry.npmjs.org/eventemitter2 4ms (cache hit)
208 silly packumentCache full:https://registry.npmjs.org/eventemitter2 set size:172525 disposed:false
209 silly fetch manifest fast-json-patch@^3.0.0-1
210 silly packumentCache full:https://registry.npmjs.org/fast-json-patch cache-miss
211 http fetch GET 200 https://registry.npmjs.org/fast-json-patch 24ms (cache updated)
212 silly packumentCache full:https://registry.npmjs.org/fast-json-patch set size:undefined disposed:false
213 silly fetch manifest async@~2.6.1
214 silly packumentCache full:https://registry.npmjs.org/async cache-miss
215 http fetch GET 200 https://registry.npmjs.org/async 2ms (cache hit)
216 silly packumentCache full:https://registry.npmjs.org/async set size:230496 disposed:false
217 silly fetch manifest tslib@1.9.3
218 silly packumentCache full:https://registry.npmjs.org/tslib cache-miss
219 http fetch GET 200 https://registry.npmjs.org/tslib 29ms (cache updated)
220 silly packumentCache full:https://registry.npmjs.org/tslib set size:undefined disposed:false
221 silly fetch manifest semver@~7.5.4
222 silly packumentCache full:https://registry.npmjs.org/semver cache-hit
223 silly fetch manifest shimmer@^1.2.0
224 silly packumentCache full:https://registry.npmjs.org/shimmer cache-miss
225 http fetch GET 200 https://registry.npmjs.org/shimmer 29ms (cache updated)
226 silly packumentCache full:https://registry.npmjs.org/shimmer set size:undefined disposed:false
227 silly fetch manifest signal-exit@^3.0.3
228 silly packumentCache full:https://registry.npmjs.org/signal-exit cache-miss
229 http fetch GET 200 https://registry.npmjs.org/signal-exit 26ms (cache updated)
230 silly packumentCache full:https://registry.npmjs.org/signal-exit set size:undefined disposed:false
231 silly fetch manifest eventemitter2@^6.3.1
232 silly packumentCache full:https://registry.npmjs.org/eventemitter2 cache-hit
233 silly fetch manifest require-in-the-middle@^5.0.0
234 silly packumentCache full:https://registry.npmjs.org/require-in-the-middle cache-miss
235 http fetch GET 200 https://registry.npmjs.org/require-in-the-middle 31ms (cache updated)
236 silly packumentCache full:https://registry.npmjs.org/require-in-the-middle set size:undefined disposed:false
237 silly fetch manifest async@^2.6.3
238 silly packumentCache full:https://registry.npmjs.org/async cache-hit
239 silly fetch manifest extrareqp2@^1.0.0
240 silly packumentCache full:https://registry.npmjs.org/extrareqp2 cache-miss
241 http fetch GET 200 https://registry.npmjs.org/extrareqp2 25ms (cache updated)
242 silly packumentCache full:https://registry.npmjs.org/extrareqp2 set size:undefined disposed:false
243 silly fetch manifest ws@^7.0.0
244 silly packumentCache full:https://registry.npmjs.org/ws cache-miss
245 http fetch GET 200 https://registry.npmjs.org/ws 2ms (cache hit)
246 silly packumentCache full:https://registry.npmjs.org/ws set size:403597 disposed:false
247 silly fetch manifest ansi-styles@^4.1.0
248 silly packumentCache full:https://registry.npmjs.org/ansi-styles cache-miss
249 http fetch GET 200 https://registry.npmjs.org/ansi-styles 30ms (cache updated)
250 silly packumentCache full:https://registry.npmjs.org/ansi-styles set size:undefined disposed:false
251 silly fetch manifest supports-color@^7.1.0
252 silly packumentCache full:https://registry.npmjs.org/supports-color cache-miss
253 http fetch GET 200 https://registry.npmjs.org/supports-color 24ms (cache updated)
254 silly packumentCache full:https://registry.npmjs.org/supports-color set size:undefined disposed:false
255 silly fetch manifest braces@~3.0.2
256 silly packumentCache full:https://registry.npmjs.org/braces cache-miss
257 http fetch GET 200 https://registry.npmjs.org/braces 33ms (cache updated)
258 silly packumentCache full:https://registry.npmjs.org/braces set size:undefined disposed:false
259 silly fetch manifest is-glob@~4.0.1
260 silly packumentCache full:https://registry.npmjs.org/is-glob cache-miss
261 http fetch GET 200 https://registry.npmjs.org/is-glob 27ms (cache updated)
262 silly packumentCache full:https://registry.npmjs.org/is-glob set size:undefined disposed:false
263 silly fetch manifest anymatch@~3.1.2
264 silly packumentCache full:https://registry.npmjs.org/anymatch cache-miss
265 http fetch GET 200 https://registry.npmjs.org/anymatch 43ms (cache updated)
266 silly packumentCache full:https://registry.npmjs.org/anymatch set size:undefined disposed:false
267 silly fetch manifest readdirp@~3.6.0
268 silly packumentCache full:https://registry.npmjs.org/readdirp cache-miss
269 http fetch GET 200 https://registry.npmjs.org/readdirp 37ms (cache updated)
270 silly packumentCache full:https://registry.npmjs.org/readdirp set size:undefined disposed:false
271 silly fetch manifest glob-parent@~5.1.2
272 silly packumentCache full:https://registry.npmjs.org/glob-parent cache-miss
273 http fetch GET 200 https://registry.npmjs.org/glob-parent 43ms (cache updated)
274 silly packumentCache full:https://registry.npmjs.org/glob-parent set size:undefined disposed:false
275 silly fetch manifest is-binary-path@~2.1.0
276 silly packumentCache full:https://registry.npmjs.org/is-binary-path cache-miss
277 http fetch GET 200 https://registry.npmjs.org/is-binary-path 28ms (cache updated)
278 silly packumentCache full:https://registry.npmjs.org/is-binary-path set size:undefined disposed:false
279 silly fetch manifest normalize-path@~3.0.0
280 silly packumentCache full:https://registry.npmjs.org/normalize-path cache-miss
281 http fetch GET 200 https://registry.npmjs.org/normalize-path 25ms (cache updated)
282 silly packumentCache full:https://registry.npmjs.org/normalize-path set size:undefined disposed:false
283 silly fetch manifest fsevents@~2.3.2
284 silly packumentCache full:https://registry.npmjs.org/fsevents cache-miss
285 http fetch GET 200 https://registry.npmjs.org/fsevents 27ms (cache updated)
286 silly packumentCache full:https://registry.npmjs.org/fsevents set size:undefined disposed:false
287 silly fetch manifest ms@^2.1.3
288 silly packumentCache full:https://registry.npmjs.org/ms cache-miss
289 http fetch GET 200 https://registry.npmjs.org/ms 30ms (cache updated)
290 silly packumentCache full:https://registry.npmjs.org/ms set size:undefined disposed:false
291 silly fetch manifest ansi-colors@^4.1.1
292 silly packumentCache full:https://registry.npmjs.org/ansi-colors cache-miss
293 http fetch GET 200 https://registry.npmjs.org/ansi-colors 29ms (cache updated)
294 silly packumentCache full:https://registry.npmjs.org/ansi-colors set size:undefined disposed:false
295 silly fetch manifest argparse@^2.0.1
296 silly packumentCache full:https://registry.npmjs.org/argparse cache-miss
297 http fetch GET 200 https://registry.npmjs.org/argparse 29ms (cache updated)
298 silly packumentCache full:https://registry.npmjs.org/argparse set size:undefined disposed:false
299 silly fetch manifest debug@^3.2.6
300 silly packumentCache full:https://registry.npmjs.org/debug cache-hit
301 silly fetch manifest iconv-lite@^0.4.4
302 silly packumentCache full:https://registry.npmjs.org/iconv-lite cache-miss
303 http fetch GET 200 https://registry.npmjs.org/iconv-lite 29ms (cache updated)
304 silly packumentCache full:https://registry.npmjs.org/iconv-lite set size:undefined disposed:false
305 silly fetch manifest sax@^1.2.4
306 silly packumentCache full:https://registry.npmjs.org/sax cache-miss
307 http fetch GET 200 https://registry.npmjs.org/sax 29ms (cache updated)
308 silly packumentCache full:https://registry.npmjs.org/sax set size:undefined disposed:false
309 silly fetch manifest safe-buffer@^5.2.1
310 silly packumentCache full:https://registry.npmjs.org/safe-buffer cache-miss
311 http fetch GET 200 https://registry.npmjs.org/safe-buffer 22ms (cache updated)
312 silly packumentCache full:https://registry.npmjs.org/safe-buffer set size:undefined disposed:false
313 silly fetch manifest amp@~0.3.1
314 silly packumentCache full:https://registry.npmjs.org/amp cache-miss
315 http fetch GET 200 https://registry.npmjs.org/amp 29ms (cache updated)
316 silly packumentCache full:https://registry.npmjs.org/amp set size:undefined disposed:false
317 silly fetch manifest amp-message@~0.1.1
318 silly packumentCache full:https://registry.npmjs.org/amp-message cache-miss
319 http fetch GET 200 https://registry.npmjs.org/amp-message 23ms (cache updated)
320 silly packumentCache full:https://registry.npmjs.org/amp-message set size:undefined disposed:false
321 silly fetch manifest escape-string-regexp@^4.0.0
322 silly packumentCache full:https://registry.npmjs.org/escape-string-regexp cache-miss
323 http fetch GET 200 https://registry.npmjs.org/escape-string-regexp 51ms (cache updated)
324 silly packumentCache full:https://registry.npmjs.org/escape-string-regexp set size:undefined disposed:false
325 silly fetch manifest run-series@^1.1.8
326 silly packumentCache full:https://registry.npmjs.org/run-series cache-miss
327 http fetch GET 200 https://registry.npmjs.org/run-series 25ms (cache updated)
328 silly packumentCache full:https://registry.npmjs.org/run-series set size:undefined disposed:false
329 silly fetch manifest tv4@^1.3.0
330 silly packumentCache full:https://registry.npmjs.org/tv4 cache-miss
331 http fetch GET 200 https://registry.npmjs.org/tv4 25ms (cache updated)
332 silly packumentCache full:https://registry.npmjs.org/tv4 set size:undefined disposed:false
333 silly fetch manifest charm@~0.1.1
334 silly packumentCache full:https://registry.npmjs.org/charm cache-miss
335 http fetch GET 200 https://registry.npmjs.org/charm 33ms (cache updated)
336 silly packumentCache full:https://registry.npmjs.org/charm set size:undefined disposed:false
337 silly fetch manifest pidusage@^2.0.21
338 silly packumentCache full:https://registry.npmjs.org/pidusage cache-miss
339 http fetch GET 200 https://registry.npmjs.org/pidusage 1ms (cache hit)
340 silly packumentCache full:https://registry.npmjs.org/pidusage set size:106778 disposed:false
341 silly fetch manifest systeminformation@^5.7
342 silly packumentCache full:https://registry.npmjs.org/systeminformation cache-miss
343 http fetch GET 200 https://registry.npmjs.org/systeminformation 58ms (cache updated)
344 silly packumentCache full:https://registry.npmjs.org/systeminformation set size:undefined disposed:false
345 silly fetch manifest tx2@~1.0.4
346 silly packumentCache full:https://registry.npmjs.org/tx2 cache-miss
347 http fetch GET 200 https://registry.npmjs.org/tx2 34ms (cache updated)
348 silly packumentCache full:https://registry.npmjs.org/tx2 set size:undefined disposed:false
349 silly fetch manifest read@^1.0.4
350 silly packumentCache full:https://registry.npmjs.org/read cache-miss
351 http fetch GET 200 https://registry.npmjs.org/read 23ms (cache updated)
352 silly packumentCache full:https://registry.npmjs.org/read set size:undefined disposed:false
353 silly fetch manifest buffer-from@^1.0.0
354 silly packumentCache full:https://registry.npmjs.org/buffer-from cache-miss
355 http fetch GET 200 https://registry.npmjs.org/buffer-from 24ms (cache updated)
356 silly packumentCache full:https://registry.npmjs.org/buffer-from set size:undefined disposed:false
357 silly fetch manifest source-map@^0.6.0
358 silly packumentCache full:https://registry.npmjs.org/source-map cache-miss
359 http fetch GET 200 https://registry.npmjs.org/source-map 47ms (cache updated)
360 silly packumentCache full:https://registry.npmjs.org/source-map set size:undefined disposed:false
361 silly fetch manifest git-node-fs@^1.0.0
362 silly packumentCache full:https://registry.npmjs.org/git-node-fs cache-miss
363 http fetch GET 200 https://registry.npmjs.org/git-node-fs 22ms (cache updated)
364 silly packumentCache full:https://registry.npmjs.org/git-node-fs set size:undefined disposed:false
365 silly fetch manifest ini@^1.3.5
366 silly packumentCache full:https://registry.npmjs.org/ini cache-miss
367 http fetch GET 200 https://registry.npmjs.org/ini 28ms (cache updated)
368 silly packumentCache full:https://registry.npmjs.org/ini set size:undefined disposed:false
369 silly fetch manifest js-git@^0.7.8
370 silly packumentCache full:https://registry.npmjs.org/js-git cache-miss
371 http fetch GET 200 https://registry.npmjs.org/js-git 31ms (cache updated)
372 silly packumentCache full:https://registry.npmjs.org/js-git set size:undefined disposed:false
373 silly fetch manifest bufferutil@^4.0.1
374 silly packumentCache full:https://registry.npmjs.org/bufferutil cache-miss
375 http fetch GET 200 https://registry.npmjs.org/bufferutil 33ms (cache updated)
376 silly packumentCache full:https://registry.npmjs.org/bufferutil set size:undefined disposed:false
377 silly fetch manifest utf-8-validate@^5.0.2
378 silly packumentCache full:https://registry.npmjs.org/utf-8-validate cache-miss
379 http fetch GET 200 https://registry.npmjs.org/utf-8-validate 23ms (cache updated)
380 silly packumentCache full:https://registry.npmjs.org/utf-8-validate set size:undefined disposed:false
381 silly placeDep node_modules/pm2/node_modules/@pm2/agent dayjs@1.8.36 OK for: @pm2/agent@2.0.4 want: ~1.8.24
382 silly placeDep node_modules/pm2/node_modules/@pm2/agent debug@4.3.7 OK for: @pm2/agent@2.0.4 want: ~4.3.1
383 silly placeDep node_modules/pm2 fast-json-patch@3.1.1 OK for: @pm2/agent@2.0.4 want: ^3.0.0-1
384 silly placeDep node_modules/pm2 nssocket@0.6.0 OK for: @pm2/agent@2.0.4 want: 0.6.0
385 silly placeDep node_modules/pm2 proxy-agent@6.3.1 OK for: @pm2/agent@2.0.4 want: ~6.3.0
386 silly placeDep node_modules/pm2/node_modules/@pm2/agent semver@7.5.4 OK for: @pm2/agent@2.0.4 want: ~7.5.0
387 silly placeDep node_modules/pm2 ws@7.5.10 OK for: @pm2/agent@2.0.4 want: ~7.5.10
388 silly fetch manifest eventemitter2@~0.4.14
389 silly packumentCache full:https://registry.npmjs.org/eventemitter2 cache-hit
390 silly fetch manifest lazy@~1.0.11
391 silly packumentCache full:https://registry.npmjs.org/lazy cache-miss
392 http fetch GET 200 https://registry.npmjs.org/lazy 25ms (cache updated)
393 silly packumentCache full:https://registry.npmjs.org/lazy set size:undefined disposed:false
394 silly fetch manifest lru-cache@^7.14.1
395 silly packumentCache full:https://registry.npmjs.org/lru-cache cache-miss
396 http fetch GET 200 https://registry.npmjs.org/lru-cache 28ms (cache updated)
397 silly packumentCache full:https://registry.npmjs.org/lru-cache set size:undefined disposed:false
398 silly fetch manifest agent-base@^7.0.2
399 silly packumentCache full:https://registry.npmjs.org/agent-base cache-miss
400 http fetch GET 200 https://registry.npmjs.org/agent-base 27ms (cache updated)
401 silly packumentCache full:https://registry.npmjs.org/agent-base set size:undefined disposed:false
402 silly fetch manifest proxy-from-env@^1.1.0
403 silly packumentCache full:https://registry.npmjs.org/proxy-from-env cache-miss
404 http fetch GET 200 https://registry.npmjs.org/proxy-from-env 24ms (cache updated)
405 silly packumentCache full:https://registry.npmjs.org/proxy-from-env set size:undefined disposed:false
406 silly fetch manifest pac-proxy-agent@^7.0.1
407 silly packumentCache full:https://registry.npmjs.org/pac-proxy-agent cache-miss
408 http fetch GET 200 https://registry.npmjs.org/pac-proxy-agent 32ms (cache updated)
409 silly packumentCache full:https://registry.npmjs.org/pac-proxy-agent set size:undefined disposed:false
410 silly fetch manifest http-proxy-agent@^7.0.0
411 silly packumentCache full:https://registry.npmjs.org/http-proxy-agent cache-miss
412 http fetch GET 200 https://registry.npmjs.org/http-proxy-agent 25ms (cache updated)
413 silly packumentCache full:https://registry.npmjs.org/http-proxy-agent set size:undefined disposed:false
414 silly fetch manifest https-proxy-agent@^7.0.2
415 silly packumentCache full:https://registry.npmjs.org/https-proxy-agent cache-miss
416 http fetch GET 200 https://registry.npmjs.org/https-proxy-agent 27ms (cache updated)
417 silly packumentCache full:https://registry.npmjs.org/https-proxy-agent set size:undefined disposed:false
418 silly fetch manifest socks-proxy-agent@^8.0.2
419 silly packumentCache full:https://registry.npmjs.org/socks-proxy-agent cache-miss
420 http fetch GET 200 https://registry.npmjs.org/socks-proxy-agent 24ms (cache updated)
421 silly packumentCache full:https://registry.npmjs.org/socks-proxy-agent set size:undefined disposed:false
422 silly fetch manifest lru-cache@^6.0.0
423 silly packumentCache full:https://registry.npmjs.org/lru-cache cache-miss
424 http fetch GET 200 https://registry.npmjs.org/lru-cache 6ms (cache hit)
425 silly packumentCache full:https://registry.npmjs.org/lru-cache set size:387720 disposed:false
426 silly placeDep node_modules/pm2/node_modules/@pm2/io async@2.6.4 OK for: @pm2/io@6.0.1 want: ~2.6.1
427 silly placeDep node_modules/pm2/node_modules/@pm2/io debug@4.3.7 OK for: @pm2/io@6.0.1 want: ~4.3.1
428 silly placeDep node_modules/pm2/node_modules/@pm2/io eventemitter2@6.4.9 OK for: @pm2/io@6.0.1 want: ^6.3.1
429 silly placeDep node_modules/pm2 require-in-the-middle@5.2.0 OK for: @pm2/io@6.0.1 want: ^5.0.0
430 silly placeDep node_modules/pm2/node_modules/@pm2/io semver@7.5.4 OK for: @pm2/io@6.0.1 want: ~7.5.4
431 silly placeDep node_modules/pm2 shimmer@1.2.1 OK for: @pm2/io@6.0.1 want: ^1.2.0
432 silly placeDep node_modules/pm2 signal-exit@3.0.7 OK for: @pm2/io@6.0.1 want: ^3.0.3
433 silly placeDep node_modules/pm2 tslib@1.9.3 OK for: @pm2/io@6.0.1 want: 1.9.3
434 silly fetch manifest lodash@^4.17.14
435 silly packumentCache full:https://registry.npmjs.org/lodash cache-miss
436 http fetch GET 200 https://registry.npmjs.org/lodash 52ms (cache updated)
437 silly packumentCache full:https://registry.npmjs.org/lodash set size:undefined disposed:false
438 silly fetch manifest resolve@^1.22.1
439 silly packumentCache full:https://registry.npmjs.org/resolve cache-miss
440 http fetch GET 200 https://registry.npmjs.org/resolve 28ms (cache updated)
441 silly packumentCache full:https://registry.npmjs.org/resolve set size:undefined disposed:false
442 silly fetch manifest module-details-from-path@^1.0.3
443 silly packumentCache full:https://registry.npmjs.org/module-details-from-path cache-miss
444 http fetch GET 200 https://registry.npmjs.org/module-details-from-path 34ms (cache updated)
445 silly packumentCache full:https://registry.npmjs.org/module-details-from-path set size:undefined disposed:false
446 silly placeDep node_modules/pm2/node_modules/@pm2/js-api async@2.6.4 OK for: @pm2/js-api@0.8.0 want: ^2.6.3
447 silly placeDep node_modules/pm2/node_modules/@pm2/js-api debug@4.3.7 OK for: @pm2/js-api@0.8.0 want: ~4.3.1
448 silly placeDep node_modules/pm2/node_modules/@pm2/js-api eventemitter2@6.4.9 OK for: @pm2/js-api@0.8.0 want: ^6.3.1
449 silly placeDep node_modules/pm2 extrareqp2@1.0.0 OK for: @pm2/js-api@0.8.0 want: ^1.0.0
450 silly fetch manifest follow-redirects@^1.14.0
451 silly packumentCache full:https://registry.npmjs.org/follow-redirects cache-miss
452 http fetch GET 200 https://registry.npmjs.org/follow-redirects 24ms (cache updated)
453 silly packumentCache full:https://registry.npmjs.org/follow-redirects set size:undefined disposed:false
454 silly placeDep node_modules/pm2 ansi-styles@4.3.0 OK for: chalk@3.0.0 want: ^4.1.0
455 silly placeDep node_modules/pm2 supports-color@7.2.0 OK for: chalk@3.0.0 want: ^7.1.0
456 silly fetch manifest color-convert@^2.0.1
457 silly packumentCache full:https://registry.npmjs.org/color-convert cache-miss
458 http fetch GET 200 https://registry.npmjs.org/color-convert 30ms (cache updated)
459 silly packumentCache full:https://registry.npmjs.org/color-convert set size:undefined disposed:false
460 silly fetch manifest has-flag@^4.0.0
461 silly packumentCache full:https://registry.npmjs.org/has-flag cache-miss
462 http fetch GET 200 https://registry.npmjs.org/has-flag 52ms (cache updated)
463 silly packumentCache full:https://registry.npmjs.org/has-flag set size:undefined disposed:false
464 silly placeDep node_modules/pm2 color-convert@2.0.1 OK for: ansi-styles@4.3.0 want: ^2.0.1
465 silly fetch manifest color-name@~1.1.4
466 silly packumentCache full:https://registry.npmjs.org/color-name cache-miss
467 http fetch GET 200 https://registry.npmjs.org/color-name 27ms (cache updated)
468 silly packumentCache full:https://registry.npmjs.org/color-name set size:undefined disposed:false
469 silly placeDep node_modules/pm2 anymatch@3.1.3 OK for: chokidar@3.6.0 want: ~3.1.2
470 silly placeDep node_modules/pm2 braces@3.0.3 OK for: chokidar@3.6.0 want: ~3.0.2
471 silly placeDep node_modules/pm2 fsevents@2.3.3 OK for: chokidar@3.6.0 want: ~2.3.2
472 silly placeDep node_modules/pm2 glob-parent@5.1.2 OK for: chokidar@3.6.0 want: ~5.1.2
473 silly placeDep node_modules/pm2 is-binary-path@2.1.0 OK for: chokidar@3.6.0 want: ~2.1.0
474 silly placeDep node_modules/pm2 is-glob@4.0.3 OK for: chokidar@3.6.0 want: ~4.0.1
475 silly placeDep node_modules/pm2 normalize-path@3.0.0 OK for: chokidar@3.6.0 want: ~3.0.0
476 silly placeDep node_modules/pm2 readdirp@3.6.0 OK for: chokidar@3.6.0 want: ~3.6.0
477 silly fetch manifest picomatch@^2.0.4
478 silly packumentCache full:https://registry.npmjs.org/picomatch cache-miss
479 http fetch GET 200 https://registry.npmjs.org/picomatch 30ms (cache updated)
480 silly packumentCache full:https://registry.npmjs.org/picomatch set size:undefined disposed:false
481 silly fetch manifest normalize-path@^3.0.0
482 silly packumentCache full:https://registry.npmjs.org/normalize-path cache-miss
483 http fetch GET 200 https://registry.npmjs.org/normalize-path 1ms (cache hit)
484 silly packumentCache full:https://registry.npmjs.org/normalize-path set size:28713 disposed:false
485 silly fetch manifest fill-range@^7.1.1
486 silly packumentCache full:https://registry.npmjs.org/fill-range cache-miss
487 http fetch GET 200 https://registry.npmjs.org/fill-range 37ms (cache updated)
488 silly packumentCache full:https://registry.npmjs.org/fill-range set size:undefined disposed:false
489 silly fetch manifest is-glob@^4.0.1
490 silly packumentCache full:https://registry.npmjs.org/is-glob cache-miss
491 http fetch GET 200 https://registry.npmjs.org/is-glob 2ms (cache hit)
492 silly packumentCache full:https://registry.npmjs.org/is-glob set size:40530 disposed:false
493 silly fetch manifest binary-extensions@^2.0.0
494 silly packumentCache full:https://registry.npmjs.org/binary-extensions cache-miss
495 http fetch GET 200 https://registry.npmjs.org/binary-extensions 29ms (cache updated)
496 silly packumentCache full:https://registry.npmjs.org/binary-extensions set size:undefined disposed:false
497 silly fetch manifest is-extglob@^2.1.1
498 silly packumentCache full:https://registry.npmjs.org/is-extglob cache-miss
499 http fetch GET 200 https://registry.npmjs.org/is-extglob 23ms (cache updated)
500 silly packumentCache full:https://registry.npmjs.org/is-extglob set size:undefined disposed:false
501 silly fetch manifest picomatch@^2.2.1
502 silly packumentCache full:https://registry.npmjs.org/picomatch cache-miss
503 http fetch GET 200 https://registry.npmjs.org/picomatch 1ms (cache hit)
504 silly packumentCache full:https://registry.npmjs.org/picomatch set size:116191 disposed:false
505 silly placeDep node_modules/pm2 picomatch@2.3.1 OK for: anymatch@3.1.3 want: ^2.0.4
506 silly placeDep node_modules/pm2 fill-range@7.1.1 OK for: braces@3.0.3 want: ^7.1.1
507 silly fetch manifest to-regex-range@^5.0.1
508 silly packumentCache full:https://registry.npmjs.org/to-regex-range cache-miss
509 http fetch GET 200 https://registry.npmjs.org/to-regex-range 23ms (cache updated)
510 silly packumentCache full:https://registry.npmjs.org/to-regex-range set size:undefined disposed:false
511 silly placeDep node_modules/pm2 color-name@1.1.4 OK for: color-convert@2.0.1 want: ~1.1.4
512 silly placeDep node_modules/pm2 ms@2.1.3 OK for: debug@4.4.0 want: ^2.1.3
513 silly placeDep node_modules/pm2 ansi-colors@4.1.3 OK for: enquirer@2.3.6 want: ^4.1.1
514 silly placeDep node_modules/pm2 follow-redirects@1.15.9 OK for: extrareqp2@1.0.0 want: ^1.14.0
515 silly placeDep node_modules/pm2 to-regex-range@5.0.1 OK for: fill-range@7.1.1 want: ^5.0.1
516 silly fetch manifest is-number@^7.0.0
517 silly packumentCache full:https://registry.npmjs.org/is-number cache-miss
518 http fetch GET 200 https://registry.npmjs.org/is-number 24ms (cache updated)
519 silly packumentCache full:https://registry.npmjs.org/is-number set size:undefined disposed:false
520 silly placeDep node_modules/pm2 binary-extensions@2.3.0 OK for: is-binary-path@2.1.0 want: ^2.0.0
521 silly placeDep node_modules/pm2 is-extglob@2.1.1 OK for: is-glob@4.0.3 want: ^2.1.1
522 silly placeDep node_modules/pm2 argparse@2.0.1 OK for: js-yaml@4.1.0 want: ^2.0.1
523 silly placeDep node_modules/pm2/node_modules/needle debug@3.2.7 OK for: needle@2.4.0 want: ^3.2.6
524 silly placeDep node_modules/pm2 iconv-lite@0.4.24 OK for: needle@2.4.0 want: ^0.4.4
525 silly placeDep node_modules/pm2 sax@1.4.1 OK for: needle@2.4.0 want: ^1.2.4
526 silly fetch manifest safer-buffer@>= 2.1.2 < 3
527 silly packumentCache full:https://registry.npmjs.org/safer-buffer cache-miss
528 http fetch GET 200 https://registry.npmjs.org/safer-buffer 23ms (cache updated)
529 silly packumentCache full:https://registry.npmjs.org/safer-buffer set size:undefined disposed:false
530 silly placeDep node_modules/pm2 safer-buffer@2.1.2 OK for: iconv-lite@0.4.24 want: >= 2.1.2 < 3
531 silly placeDep node_modules/pm2/node_modules/nssocket eventemitter2@0.4.14 OK for: nssocket@0.6.0 want: ~0.4.14
532 silly placeDep node_modules/pm2 lazy@1.0.11 OK for: nssocket@0.6.0 want: ~1.0.11
533 silly placeDep node_modules/pm2 safe-buffer@5.2.1 OK for: pidusage@3.0.2 want: ^5.2.1
534 silly placeDep node_modules/pm2 amp@0.3.1 OK for: pm2-axon@4.0.1 want: ~0.3.1
535 silly placeDep node_modules/pm2 amp-message@0.1.2 OK for: pm2-axon@4.0.1 want: ~0.1.1
536 silly placeDep node_modules/pm2 escape-string-regexp@4.0.0 OK for: pm2-axon@4.0.1 want: ^4.0.0
537 silly placeDep node_modules/pm2 run-series@1.1.9 OK for: pm2-deploy@1.0.2 want: ^1.1.8
538 silly placeDep node_modules/pm2 tv4@1.3.0 OK for: pm2-deploy@1.0.2 want: ^1.3.0
539 silly placeDep node_modules/pm2 charm@0.1.2 OK for: pm2-multimeter@0.1.2 want: ~0.1.1
540 silly placeDep node_modules/pm2/node_modules/pm2-sysmonit pidusage@2.0.21 OK for: pm2-sysmonit@1.2.8 want: ^2.0.21
541 silly placeDep node_modules/pm2 systeminformation@5.23.14 OK for: pm2-sysmonit@1.2.8 want: ^5.7
542 silly placeDep node_modules/pm2 tx2@1.0.5 OK for: pm2-sysmonit@1.2.8 want: ~1.0.4
543 silly fetch manifest json-stringify-safe@^5.0.1
544 silly packumentCache full:https://registry.npmjs.org/json-stringify-safe cache-miss
545 http fetch GET 200 https://registry.npmjs.org/json-stringify-safe 27ms (cache updated)
546 silly packumentCache full:https://registry.npmjs.org/json-stringify-safe set size:undefined disposed:false
547 silly placeDep node_modules/pm2 read@1.0.7 OK for: promptly@2.2.0 want: ^1.0.4
548 silly fetch manifest mute-stream@~0.0.4
549 silly packumentCache full:https://registry.npmjs.org/mute-stream cache-miss
550 http fetch GET 200 https://registry.npmjs.org/mute-stream 22ms (cache updated)
551 silly packumentCache full:https://registry.npmjs.org/mute-stream set size:undefined disposed:false
552 silly placeDep node_modules/pm2 agent-base@7.1.3 OK for: proxy-agent@6.3.1 want: ^7.0.2
553 silly placeDep node_modules/pm2 http-proxy-agent@7.0.2 OK for: proxy-agent@6.3.1 want: ^7.0.0
554 silly placeDep node_modules/pm2 https-proxy-agent@7.0.6 OK for: proxy-agent@6.3.1 want: ^7.0.2
555 silly placeDep node_modules/pm2 lru-cache@7.18.3 OK for: proxy-agent@6.3.1 want: ^7.14.1
556 silly placeDep node_modules/pm2 pac-proxy-agent@7.1.0 OK for: proxy-agent@6.3.1 want: ^7.0.1
557 silly placeDep node_modules/pm2 proxy-from-env@1.1.0 OK for: proxy-agent@6.3.1 want: ^1.1.0
558 silly placeDep node_modules/pm2 socks-proxy-agent@8.0.5 OK for: proxy-agent@6.3.1 want: ^8.0.2
559 silly fetch manifest @tootallnate/quickjs-emscripten@^0.23.0
560 silly packumentCache full:https://registry.npmjs.org/@tootallnate%2fquickjs-emscripten cache-miss
561 http fetch GET 200 https://registry.npmjs.org/@tootallnate%2fquickjs-emscripten 50ms (cache updated)
562 silly packumentCache full:https://registry.npmjs.org/@tootallnate%2fquickjs-emscripten set size:undefined disposed:false
563 silly fetch manifest get-uri@^6.0.1
564 silly packumentCache full:https://registry.npmjs.org/get-uri cache-miss
565 http fetch GET 200 https://registry.npmjs.org/get-uri 27ms (cache updated)
566 silly packumentCache full:https://registry.npmjs.org/get-uri set size:undefined disposed:false
567 silly fetch manifest pac-resolver@^7.0.1
568 silly packumentCache full:https://registry.npmjs.org/pac-resolver cache-miss
569 http fetch GET 200 https://registry.npmjs.org/pac-resolver 24ms (cache updated)
570 silly packumentCache full:https://registry.npmjs.org/pac-resolver set size:undefined disposed:false
571 silly fetch manifest socks-proxy-agent@^8.0.5
572 silly packumentCache full:https://registry.npmjs.org/socks-proxy-agent cache-miss
573 http fetch GET 200 https://registry.npmjs.org/socks-proxy-agent 1ms (cache hit)
574 silly packumentCache full:https://registry.npmjs.org/socks-proxy-agent set size:96838 disposed:false
575 silly fetch manifest socks@^2.8.3
576 silly packumentCache full:https://registry.npmjs.org/socks cache-miss
577 http fetch GET 200 https://registry.npmjs.org/socks 27ms (cache updated)
578 silly packumentCache full:https://registry.npmjs.org/socks set size:undefined disposed:false
579 silly placeDep node_modules/pm2 @tootallnate/quickjs-emscripten@0.23.0 OK for: pac-proxy-agent@7.1.0 want: ^0.23.0
580 silly placeDep node_modules/pm2 get-uri@6.0.4 OK for: pac-proxy-agent@7.1.0 want: ^6.0.1
581 silly placeDep node_modules/pm2 pac-resolver@7.0.1 OK for: pac-proxy-agent@7.1.0 want: ^7.0.1
582 silly fetch manifest basic-ftp@^5.0.2
583 silly packumentCache full:https://registry.npmjs.org/basic-ftp cache-miss
584 http fetch GET 200 https://registry.npmjs.org/basic-ftp 30ms (cache updated)
585 silly packumentCache full:https://registry.npmjs.org/basic-ftp set size:undefined disposed:false
586 silly fetch manifest data-uri-to-buffer@^6.0.2
587 silly packumentCache full:https://registry.npmjs.org/data-uri-to-buffer cache-miss
588 http fetch GET 200 https://registry.npmjs.org/data-uri-to-buffer 24ms (cache updated)
589 silly packumentCache full:https://registry.npmjs.org/data-uri-to-buffer set size:undefined disposed:false
590 silly fetch manifest degenerator@^5.0.0
591 silly packumentCache full:https://registry.npmjs.org/degenerator cache-miss
592 http fetch GET 200 https://registry.npmjs.org/degenerator 23ms (cache updated)
593 silly packumentCache full:https://registry.npmjs.org/degenerator set size:undefined disposed:false
594 silly fetch manifest netmask@^2.0.2
595 silly packumentCache full:https://registry.npmjs.org/netmask cache-miss
596 http fetch GET 200 https://registry.npmjs.org/netmask 22ms (cache updated)
597 silly packumentCache full:https://registry.npmjs.org/netmask set size:undefined disposed:false
598 silly placeDep node_modules/pm2 basic-ftp@5.0.5 OK for: get-uri@6.0.4 want: ^5.0.2
599 silly placeDep node_modules/pm2 data-uri-to-buffer@6.0.2 OK for: get-uri@6.0.4 want: ^6.0.2
600 silly placeDep node_modules/pm2 degenerator@5.0.1 OK for: pac-resolver@7.0.1 want: ^5.0.0
601 silly placeDep node_modules/pm2 netmask@2.0.2 OK for: pac-resolver@7.0.1 want: ^2.0.2
602 silly fetch manifest ast-types@^0.13.4
603 silly packumentCache full:https://registry.npmjs.org/ast-types cache-miss
604 http fetch GET 200 https://registry.npmjs.org/ast-types 39ms (cache updated)
605 silly packumentCache full:https://registry.npmjs.org/ast-types set size:undefined disposed:false
606 silly fetch manifest escodegen@^2.1.0
607 silly packumentCache full:https://registry.npmjs.org/escodegen cache-miss
608 http fetch GET 200 https://registry.npmjs.org/escodegen 23ms (cache updated)
609 silly packumentCache full:https://registry.npmjs.org/escodegen set size:undefined disposed:false
610 silly fetch manifest esprima@^4.0.1
611 silly packumentCache full:https://registry.npmjs.org/esprima cache-miss
612 http fetch GET 200 https://registry.npmjs.org/esprima 23ms (cache updated)
613 silly packumentCache full:https://registry.npmjs.org/esprima set size:undefined disposed:false
614 silly placeDep node_modules/pm2 ast-types@0.13.4 OK for: degenerator@5.0.1 want: ^0.13.4
615 silly placeDep node_modules/pm2 escodegen@2.1.0 OK for: degenerator@5.0.1 want: ^2.1.0
616 silly placeDep node_modules/pm2 esprima@4.0.1 OK for: degenerator@5.0.1 want: ^4.0.1
617 silly fetch manifest tslib@^2.0.1
618 silly packumentCache full:https://registry.npmjs.org/tslib cache-miss
619 http fetch GET 200 https://registry.npmjs.org/tslib 2ms (cache hit)
620 silly packumentCache full:https://registry.npmjs.org/tslib set size:108872 disposed:false
621 silly fetch manifest estraverse@^5.2.0
622 silly packumentCache full:https://registry.npmjs.org/estraverse cache-miss
623 http fetch GET 200 https://registry.npmjs.org/estraverse 24ms (cache updated)
624 silly packumentCache full:https://registry.npmjs.org/estraverse set size:undefined disposed:false
625 silly fetch manifest esutils@^2.0.2
626 silly packumentCache full:https://registry.npmjs.org/esutils cache-miss
627 http fetch GET 200 https://registry.npmjs.org/esutils 20ms (cache updated)
628 silly packumentCache full:https://registry.npmjs.org/esutils set size:undefined disposed:false
629 silly fetch manifest source-map@~0.6.1
630 silly packumentCache full:https://registry.npmjs.org/source-map cache-miss
631 http fetch GET 200 https://registry.npmjs.org/source-map 2ms (cache hit)
632 silly packumentCache full:https://registry.npmjs.org/source-map set size:243251 disposed:false
633 silly placeDep node_modules/pm2/node_modules/ast-types tslib@2.8.1 OK for: ast-types@0.13.4 want: ^2.0.1
634 silly placeDep node_modules/pm2 estraverse@5.3.0 OK for: escodegen@2.1.0 want: ^5.2.0
635 silly placeDep node_modules/pm2 esutils@2.0.3 OK for: escodegen@2.1.0 want: ^2.0.2
636 silly placeDep node_modules/pm2 source-map@0.6.1 OK for: escodegen@2.1.0 want: ~0.6.1
637 silly placeDep node_modules/pm2 mute-stream@0.0.8 OK for: read@1.0.7 want: ~0.0.4
638 silly placeDep node_modules/pm2 module-details-from-path@1.0.3 OK for: require-in-the-middle@5.2.0 want: ^1.0.3
639 silly placeDep node_modules/pm2 resolve@1.22.10 OK for: require-in-the-middle@5.2.0 want: ^1.22.1
640 silly fetch manifest is-core-module@^2.16.0
641 silly packumentCache full:https://registry.npmjs.org/is-core-module cache-miss
642 http fetch GET 200 https://registry.npmjs.org/is-core-module 32ms (cache updated)
643 silly packumentCache full:https://registry.npmjs.org/is-core-module set size:undefined disposed:false
644 silly fetch manifest path-parse@^1.0.7
645 silly packumentCache full:https://registry.npmjs.org/path-parse cache-miss
646 http fetch GET 200 https://registry.npmjs.org/path-parse 29ms (cache updated)
647 silly packumentCache full:https://registry.npmjs.org/path-parse set size:undefined disposed:false
648 silly fetch manifest supports-preserve-symlinks-flag@^1.0.0
649 silly packumentCache full:https://registry.npmjs.org/supports-preserve-symlinks-flag cache-miss
650 http fetch GET 200 https://registry.npmjs.org/supports-preserve-symlinks-flag 26ms (cache updated)
651 silly packumentCache full:https://registry.npmjs.org/supports-preserve-symlinks-flag set size:undefined disposed:false
652 silly placeDep node_modules/pm2 is-core-module@2.16.0 OK for: resolve@1.22.10 want: ^2.16.0
653 silly placeDep node_modules/pm2 path-parse@1.0.7 OK for: resolve@1.22.10 want: ^1.0.7
654 silly placeDep node_modules/pm2 supports-preserve-symlinks-flag@1.0.0 OK for: resolve@1.22.10 want: ^1.0.0
655 silly fetch manifest hasown@^2.0.2
656 silly packumentCache full:https://registry.npmjs.org/hasown cache-miss
657 http fetch GET 200 https://registry.npmjs.org/hasown 20ms (cache updated)
658 silly packumentCache full:https://registry.npmjs.org/hasown set size:undefined disposed:false
659 silly placeDep node_modules/pm2 hasown@2.0.2 OK for: is-core-module@2.16.0 want: ^2.0.2
660 silly fetch manifest function-bind@^1.1.2
661 silly packumentCache full:https://registry.npmjs.org/function-bind cache-miss
662 http fetch GET 200 https://registry.npmjs.org/function-bind 25ms (cache updated)
663 silly packumentCache full:https://registry.npmjs.org/function-bind set size:undefined disposed:false
664 silly placeDep node_modules/pm2 function-bind@1.1.2 OK for: hasown@2.0.2 want: ^1.1.2
665 silly placeDep node_modules/pm2 socks@2.8.3 OK for: socks-proxy-agent@8.0.5 want: ^2.8.3
666 silly fetch manifest ip-address@^9.0.5
667 silly packumentCache full:https://registry.npmjs.org/ip-address cache-miss
668 http fetch GET 200 https://registry.npmjs.org/ip-address 31ms (cache updated)
669 silly packumentCache full:https://registry.npmjs.org/ip-address set size:undefined disposed:false
670 silly fetch manifest smart-buffer@^4.2.0
671 silly packumentCache full:https://registry.npmjs.org/smart-buffer cache-miss
672 http fetch GET 200 https://registry.npmjs.org/smart-buffer 34ms (cache updated)
673 silly packumentCache full:https://registry.npmjs.org/smart-buffer set size:undefined disposed:false
674 silly placeDep node_modules/pm2 ip-address@9.0.5 OK for: socks@2.8.3 want: ^9.0.5
675 silly placeDep node_modules/pm2 smart-buffer@4.2.0 OK for: socks@2.8.3 want: ^4.2.0
676 silly fetch manifest jsbn@1.1.0
677 silly packumentCache full:https://registry.npmjs.org/jsbn cache-miss
678 http fetch GET 200 https://registry.npmjs.org/jsbn 24ms (cache updated)
679 silly packumentCache full:https://registry.npmjs.org/jsbn set size:undefined disposed:false
680 silly fetch manifest sprintf-js@^1.1.3
681 silly packumentCache full:https://registry.npmjs.org/sprintf-js cache-miss
682 http fetch GET 200 https://registry.npmjs.org/sprintf-js 2ms (cache hit)
683 silly packumentCache full:https://registry.npmjs.org/sprintf-js set size:20495 disposed:false
684 silly placeDep node_modules/pm2 jsbn@1.1.0 OK for: ip-address@9.0.5 want: 1.1.0
685 silly placeDep node_modules/pm2/node_modules/ip-address sprintf-js@1.1.3 OK for: ip-address@9.0.5 want: ^1.1.3
686 silly placeDep node_modules/pm2 buffer-from@1.1.2 OK for: source-map-support@0.5.21 want: ^1.0.0
687 silly placeDep node_modules/pm2 has-flag@4.0.0 OK for: supports-color@7.2.0 want: ^4.0.0
688 silly placeDep node_modules/pm2 is-number@7.0.0 OK for: to-regex-range@5.0.1 want: ^7.0.0
689 silly placeDep node_modules/pm2 json-stringify-safe@5.0.1 OK for: tx2@1.0.5 want: ^5.0.1
690 silly placeDep node_modules/pm2/node_modules/vizion async@2.6.4 OK for: vizion@2.2.1 want: ^2.6.3
691 silly placeDep node_modules/pm2 git-node-fs@1.0.0 OK for: vizion@2.2.1 want: ^1.0.0
692 silly placeDep node_modules/pm2 ini@1.3.8 OK for: vizion@2.2.1 want: ^1.3.5
693 silly placeDep node_modules/pm2 js-git@0.7.8 OK for: vizion@2.2.1 want: ^0.7.8
694 silly fetch manifest bodec@^0.1.0
695 silly packumentCache full:https://registry.npmjs.org/bodec cache-miss
696 http fetch GET 200 https://registry.npmjs.org/bodec 30ms (cache updated)
697 silly packumentCache full:https://registry.npmjs.org/bodec set size:undefined disposed:false
698 silly fetch manifest culvert@^0.1.2
699 silly packumentCache full:https://registry.npmjs.org/culvert cache-miss
700 http fetch GET 200 https://registry.npmjs.org/culvert 33ms (cache updated)
701 silly packumentCache full:https://registry.npmjs.org/culvert set size:undefined disposed:false
702 silly fetch manifest git-sha1@^0.1.2
703 silly packumentCache full:https://registry.npmjs.org/git-sha1 cache-miss
704 http fetch GET 200 https://registry.npmjs.org/git-sha1 29ms (cache updated)
705 silly packumentCache full:https://registry.npmjs.org/git-sha1 set size:undefined disposed:false
706 silly fetch manifest pako@^0.2.5
707 silly packumentCache full:https://registry.npmjs.org/pako cache-miss
708 http fetch GET 200 https://registry.npmjs.org/pako 32ms (cache updated)
709 silly packumentCache full:https://registry.npmjs.org/pako set size:undefined disposed:false
710 silly placeDep node_modules/pm2 bodec@0.1.0 OK for: js-git@0.7.8 want: ^0.1.0
711 silly placeDep node_modules/pm2 culvert@0.1.2 OK for: js-git@0.7.8 want: ^0.1.2
712 silly placeDep node_modules/pm2 git-sha1@0.1.2 OK for: js-git@0.7.8 want: ^0.1.2
713 silly placeDep node_modules/pm2 pako@0.2.9 OK for: js-git@0.7.8 want: ^0.2.5
714 silly placeDep node_modules/pm2/node_modules/@pm2/agent lru-cache@6.0.0 OK for: semver@7.5.4 want: ^6.0.0
715 silly fetch manifest yallist@^4.0.0
716 silly packumentCache full:https://registry.npmjs.org/yallist cache-miss
717 http fetch GET 200 https://registry.npmjs.org/yallist 25ms (cache updated)
718 silly packumentCache full:https://registry.npmjs.org/yallist set size:undefined disposed:false
719 silly placeDep node_modules/pm2 yallist@4.0.0 OK for: lru-cache@6.0.0 want: ^4.0.0
720 silly placeDep node_modules/pm2 lodash@4.17.21 OK for: async@2.6.4 want: ^4.17.14
721 silly placeDep node_modules/pm2/node_modules/@pm2/io lru-cache@6.0.0 OK for: semver@7.5.4 want: ^6.0.0
722 silly reify moves {}
723 verbose reify failed optional dependency /root/.nvm/versions/node/v22.12.0/lib/node_modules/pm2/node_modules/fsevents
724 silly reify mark deleted [
724 silly reify   '/root/.nvm/versions/node/v22.12.0/lib/node_modules/pm2/node_modules/fsevents'
724 silly reify ]
725 silly tarball no local data for resolve@https://registry.npmjs.org/resolve/-/resolve-1.22.10.tgz. Extracting by manifest.
726 silly tarball no local data for systeminformation@https://registry.npmjs.org/systeminformation/-/systeminformation-5.23.14.tgz. Extracting by manifest.
727 http fetch GET 200 https://registry.npmjs.org/systeminformation/-/systeminformation-5.23.14.tgz 678ms (cache miss)
728 http fetch GET 200 https://registry.npmjs.org/resolve/-/resolve-1.22.10.tgz 790ms (cache miss)
729 silly ADD node_modules/pm2
730 silly ADD node_modules/pm2/node_modules/lodash
731 silly ADD node_modules/pm2/node_modules/yallist
732 silly ADD node_modules/pm2/node_modules/pako
733 silly ADD node_modules/pm2/node_modules/git-sha1
734 silly ADD node_modules/pm2/node_modules/culvert
735 silly ADD node_modules/pm2/node_modules/bodec
736 silly ADD node_modules/pm2/node_modules/js-git
737 silly ADD node_modules/pm2/node_modules/ini
738 silly ADD node_modules/pm2/node_modules/git-node-fs
739 silly ADD node_modules/pm2/node_modules/json-stringify-safe
740 silly ADD node_modules/pm2/node_modules/is-number
741 silly ADD node_modules/pm2/node_modules/has-flag
742 silly ADD node_modules/pm2/node_modules/buffer-from
743 silly ADD node_modules/pm2/node_modules/jsbn
744 silly ADD node_modules/pm2/node_modules/smart-buffer
745 silly ADD node_modules/pm2/node_modules/ip-address
746 silly ADD node_modules/pm2/node_modules/ip-address/node_modules/sprintf-js
747 silly ADD node_modules/pm2/node_modules/socks
748 silly ADD node_modules/pm2/node_modules/function-bind
749 silly ADD node_modules/pm2/node_modules/hasown
750 silly ADD node_modules/pm2/node_modules/supports-preserve-symlinks-flag
751 silly ADD node_modules/pm2/node_modules/path-parse
752 silly ADD node_modules/pm2/node_modules/is-core-module
753 silly ADD node_modules/pm2/node_modules/resolve
754 silly ADD node_modules/pm2/node_modules/module-details-from-path
755 silly ADD node_modules/pm2/node_modules/mute-stream
756 silly ADD node_modules/pm2/node_modules/source-map
757 silly ADD node_modules/pm2/node_modules/esutils
758 silly ADD node_modules/pm2/node_modules/estraverse
759 silly ADD node_modules/pm2/node_modules/esprima
760 silly ADD node_modules/pm2/node_modules/escodegen
761 silly ADD node_modules/pm2/node_modules/ast-types
762 silly ADD node_modules/pm2/node_modules/ast-types/node_modules/tslib
763 silly ADD node_modules/pm2/node_modules/netmask
764 silly ADD node_modules/pm2/node_modules/degenerator
765 silly ADD node_modules/pm2/node_modules/data-uri-to-buffer
766 silly ADD node_modules/pm2/node_modules/basic-ftp
767 silly ADD node_modules/pm2/node_modules/pac-resolver
768 silly ADD node_modules/pm2/node_modules/get-uri
769 silly ADD node_modules/pm2/node_modules/@tootallnate/quickjs-emscripten
770 silly ADD node_modules/pm2/node_modules/socks-proxy-agent
771 silly ADD node_modules/pm2/node_modules/proxy-from-env
772 silly ADD node_modules/pm2/node_modules/pac-proxy-agent
773 silly ADD node_modules/pm2/node_modules/lru-cache
774 silly ADD node_modules/pm2/node_modules/https-proxy-agent
775 silly ADD node_modules/pm2/node_modules/http-proxy-agent
776 silly ADD node_modules/pm2/node_modules/agent-base
777 silly ADD node_modules/pm2/node_modules/read
778 silly ADD node_modules/pm2/node_modules/tx2
779 silly ADD node_modules/pm2/node_modules/systeminformation
780 silly ADD node_modules/pm2/node_modules/charm
781 silly ADD node_modules/pm2/node_modules/tv4
782 silly ADD node_modules/pm2/node_modules/run-series
783 silly ADD node_modules/pm2/node_modules/escape-string-regexp
784 silly ADD node_modules/pm2/node_modules/amp-message
785 silly ADD node_modules/pm2/node_modules/amp
786 silly ADD node_modules/pm2/node_modules/safe-buffer
787 silly ADD node_modules/pm2/node_modules/lazy
788 silly ADD node_modules/pm2/node_modules/safer-buffer
789 silly ADD node_modules/pm2/node_modules/sax
790 silly ADD node_modules/pm2/node_modules/iconv-lite
791 silly ADD node_modules/pm2/node_modules/argparse
792 silly ADD node_modules/pm2/node_modules/is-extglob
793 silly ADD node_modules/pm2/node_modules/binary-extensions
794 silly ADD node_modules/pm2/node_modules/to-regex-range
795 silly ADD node_modules/pm2/node_modules/follow-redirects
796 silly ADD node_modules/pm2/node_modules/ansi-colors
797 silly ADD node_modules/pm2/node_modules/ms
798 silly ADD node_modules/pm2/node_modules/color-name
799 silly ADD node_modules/pm2/node_modules/fill-range
800 silly ADD node_modules/pm2/node_modules/picomatch
801 silly ADD node_modules/pm2/node_modules/readdirp
802 silly ADD node_modules/pm2/node_modules/normalize-path
803 silly ADD node_modules/pm2/node_modules/is-glob
804 silly ADD node_modules/pm2/node_modules/is-binary-path
805 silly ADD node_modules/pm2/node_modules/glob-parent
806 silly ADD
807 silly ADD node_modules/pm2/node_modules/braces
808 silly ADD node_modules/pm2/node_modules/anymatch
809 silly ADD node_modules/pm2/node_modules/color-convert
810 silly ADD node_modules/pm2/node_modules/supports-color
811 silly ADD node_modules/pm2/node_modules/ansi-styles
812 silly ADD node_modules/pm2/node_modules/extrareqp2
813 silly ADD node_modules/pm2/node_modules/tslib
814 silly ADD node_modules/pm2/node_modules/signal-exit
815 silly ADD node_modules/pm2/node_modules/shimmer
816 silly ADD node_modules/pm2/node_modules/require-in-the-middle
817 silly ADD node_modules/pm2/node_modules/ws
818 silly ADD node_modules/pm2/node_modules/proxy-agent
819 silly ADD node_modules/pm2/node_modules/nssocket
820 silly ADD node_modules/pm2/node_modules/nssocket/node_modules/eventemitter2
821 silly ADD node_modules/pm2/node_modules/fast-json-patch
822 silly ADD node_modules/pm2/node_modules/vizion
823 silly ADD node_modules/pm2/node_modules/vizion/node_modules/async
824 silly ADD node_modules/pm2/node_modules/sprintf-js
825 silly ADD node_modules/pm2/node_modules/source-map-support
826 silly ADD node_modules/pm2/node_modules/semver
827 silly ADD node_modules/pm2/node_modules/promptly
828 silly ADD node_modules/pm2/node_modules/pm2-sysmonit
829 silly ADD node_modules/pm2/node_modules/pm2-sysmonit/node_modules/pidusage
830 silly ADD node_modules/pm2/node_modules/pm2-multimeter
831 silly ADD node_modules/pm2/node_modules/pm2-deploy
832 silly ADD node_modules/pm2/node_modules/pm2-axon-rpc
833 silly ADD node_modules/pm2/node_modules/pm2-axon
834 silly ADD node_modules/pm2/node_modules/pidusage
835 silly ADD node_modules/pm2/node_modules/needle
836 silly ADD node_modules/pm2/node_modules/needle/node_modules/debug
837 silly ADD node_modules/pm2/node_modules/mkdirp
838 silly ADD node_modules/pm2/node_modules/js-yaml
839 silly ADD node_modules/pm2/node_modules/fclone
840 silly ADD node_modules/pm2/node_modules/eventemitter2
841 silly ADD node_modules/pm2/node_modules/enquirer
842 silly ADD node_modules/pm2/node_modules/debug
843 silly ADD node_modules/pm2/node_modules/dayjs
844 silly ADD node_modules/pm2/node_modules/croner
845 silly ADD node_modules/pm2/node_modules/commander
846 silly ADD node_modules/pm2/node_modules/cli-tableau
847 silly ADD node_modules/pm2/node_modules/chokidar
848 silly ADD node_modules/pm2/node_modules/chalk
849 silly ADD node_modules/pm2/node_modules/blessed
850 silly ADD node_modules/pm2/node_modules/async
851 silly ADD node_modules/pm2/node_modules/@pm2/pm2-version-check
852 silly ADD node_modules/pm2/node_modules/@pm2/js-api
853 silly ADD node_modules/pm2/node_modules/@pm2/js-api/node_modules/eventemitter2
854 silly ADD node_modules/pm2/node_modules/@pm2/js-api/node_modules/debug
855 silly ADD node_modules/pm2/node_modules/@pm2/js-api/node_modules/async
856 silly ADD node_modules/pm2/node_modules/@pm2/io
857 silly ADD node_modules/pm2/node_modules/@pm2/io/node_modules/lru-cache
858 silly ADD node_modules/pm2/node_modules/@pm2/io/node_modules/semver
859 silly ADD node_modules/pm2/node_modules/@pm2/io/node_modules/eventemitter2
860 silly ADD node_modules/pm2/node_modules/@pm2/io/node_modules/debug
861 silly ADD node_modules/pm2/node_modules/@pm2/io/node_modules/async
862 silly ADD node_modules/pm2/node_modules/@pm2/agent
863 silly ADD node_modules/pm2/node_modules/@pm2/agent/node_modules/lru-cache
864 silly ADD node_modules/pm2/node_modules/@pm2/agent/node_modules/semver
865 silly ADD node_modules/pm2/node_modules/@pm2/agent/node_modules/debug
866 silly ADD node_modules/pm2/node_modules/@pm2/agent/node_modules/dayjs
867 verbose cwd /root/deda_weather_app/weather_app_be
868 verbose os Linux 6.8.0-51-generic
869 verbose node v22.12.0
870 verbose npm  v10.9.0
871 verbose exit 0
872 info ok
